#
# There is insufficient memory for the Java Runtime Environment to continue.
# Native memory allocation (malloc) failed to allocate 399136 bytes for Chunk::new
# Possible reasons:
#   The system is out of physical RAM or swap space
#   In 32 bit mode, the process size limit was hit
# Possible solutions:
#   Reduce memory load on the system
#   Increase physical memory or swap space
#   Check if swap backing store is full
#   Use 64 bit Java on a 64 bit OS
#   Decrease Java heap size (-Xmx/-Xms)
#   Decrease number of Java threads
#   Decrease Java thread stack sizes (-Xss)
#   Set larger code cache with -XX:ReservedCodeCacheSize=
# This output file may be truncated or incomplete.
#
#  Out of Memory Error (allocation.cpp:390), pid=11992, tid=0x0000000000002550
#
# JRE version: OpenJDK Runtime Environment (8.0_152-b01) (build 1.8.0_152-release-915-b01)
# Java VM: OpenJDK 64-Bit Server VM (25.152-b01 mixed mode windows-amd64 compressed oops)
# Failed to write core dump. Minidumps are not enabled by default on client versions of Windows
#

---------------  T H R E A D  ---------------

Current thread (0x000000001696b800):  JavaThread "C2 CompilerThread0" daemon [_thread_in_native, id=9552, stack(0x0000000017ff0000,0x00000000180f0000)]

Stack: [0x0000000017ff0000,0x00000000180f0000]
[error occurred during error reporting (printing stack bounds), id 0xc0000005]

Native frames: (J=compiled Java code, j=interpreted, Vv=VM code, C=native code)


Current CompileTask:
C2:   2280 1236       4       com.android.dx.rop.code.LocalVariableExtractor::processBlock (327 bytes)


---------------  P R O C E S S  ---------------

Java Threads: ( => current thread )
  0x00000000185fd800 JavaThread "pool-2-thread-4" [_thread_in_native, id=6956, stack(0x0000000018cf0000,0x0000000018df0000)]
  0x00000000185fd000 JavaThread "pool-2-thread-3" [_thread_in_Java, id=3252, stack(0x0000000018bf0000,0x0000000018cf0000)]
  0x00000000185fc000 JavaThread "pool-2-thread-2" [_thread_in_Java, id=4224, stack(0x0000000018af0000,0x0000000018bf0000)]
  0x00000000185f3000 JavaThread "pool-3-thread-1" [_thread_blocked, id=1052, stack(0x00000000189f0000,0x0000000018af0000)]
  0x0000000018454000 JavaThread "pool-2-thread-1" [_thread_blocked, id=10352, stack(0x00000000188f0000,0x00000000189f0000)]
  0x00000000182f4800 JavaThread "Service Thread" daemon [_thread_blocked, id=11584, stack(0x00000000186f0000,0x00000000187f0000)]
  0x00000000169cd800 JavaThread "C1 CompilerThread2" daemon [_thread_blocked, id=11788, stack(0x00000000181f0000,0x00000000182f0000)]
  0x00000000169c5000 JavaThread "C2 CompilerThread1" daemon [_thread_in_native, id=7632, stack(0x00000000180f0000,0x00000000181f0000)]
=>0x000000001696b800 JavaThread "C2 CompilerThread0" daemon [_thread_in_native, id=9552, stack(0x0000000017ff0000,0x00000000180f0000)]
  0x000000001696a000 JavaThread "Attach Listener" daemon [_thread_blocked, id=10252, stack(0x0000000017ef0000,0x0000000017ff0000)]
  0x0000000016969000 JavaThread "Signal Dispatcher" daemon [_thread_blocked, id=10624, stack(0x0000000017df0000,0x0000000017ef0000)]
  0x0000000004296800 JavaThread "Finalizer" daemon [_thread_blocked, id=6328, stack(0x0000000017be0000,0x0000000017ce0000)]
  0x0000000004291800 JavaThread "Reference Handler" daemon [_thread_blocked, id=9044, stack(0x0000000017ae0000,0x0000000017be0000)]
  0x000000000409e000 JavaThread "main" [_thread_in_vm, id=10688, stack(0x0000000003f10000,0x0000000004010000)]

Other Threads:
  0x0000000016934800 VMThread [stack: 0x00000000179e0000,0x0000000017ae0000] [id=4980]
  0x00000000182f6800 WatcherThread [stack: 0x00000000187f0000,0x00000000188f0000] [id=6904]

VM state:not at safepoint (normal execution)

VM Mutex/Monitor currently owned by a thread: None

Heap:
 PSYoungGen      total 34816K, used 19009K [0x00000000eab00000, 0x00000000ed180000, 0x0000000100000000)
  eden space 30208K, 47% used [0x00000000eab00000,0x00000000eb914ff8,0x00000000ec880000)
  from space 4608K, 99% used [0x00000000ec880000,0x00000000eccfb458,0x00000000ecd00000)
  to   space 4608K, 0% used [0x00000000ecd00000,0x00000000ecd00000,0x00000000ed180000)
 ParOldGen       total 79360K, used 2063K [0x00000000c0000000, 0x00000000c4d80000, 0x00000000eab00000)
  object space 79360K, 2% used [0x00000000c0000000,0x00000000c0203d70,0x00000000c4d80000)
 Metaspace       used 6089K, capacity 6960K, committed 7040K, reserved 1056768K
  class space    used 593K, capacity 616K, committed 640K, reserved 1048576K

Card table byte_map: [0x0000000013660000,0x0000000013870000] byte_map_base: 0x0000000013060000

Marking Bits: (ParMarkBitMap*) 0x0000000055303950
 Begin Bits: [0x0000000013dd0000, 0x0000000014dd0000)
 End Bits:   [0x0000000014dd0000, 0x0000000015dd0000)

Polling page: 0x0000000003ee0000

CodeCache: size=245760Kb used=5072Kb max_used=5084Kb free=240687Kb
 bounds [0x00000000042a0000, 0x00000000047a0000, 0x00000000132a0000]
 total_blobs=1502 nmethods=1233 adapters=184
 compilation: enabled

Compilation events (10 events):
Event: 2.231 Thread 0x00000000169cd800 nmethod 1229 0x0000000004797910 code [0x0000000004797d00, 0x000000000479a0c8]
Event: 2.231 Thread 0x00000000169cd800 1231       1       com.android.dx.ssa.MoveParamCombiner$1::visitPhiInsn (1 bytes)
Event: 2.231 Thread 0x00000000169cd800 nmethod 1231 0x000000000478fdd0 code [0x000000000478ff20, 0x0000000004790030]
Event: 2.231 Thread 0x000000001696b800 1233       4       java.util.HashMap::getNode (148 bytes)
Event: 2.237 Thread 0x00000000169c5000 nmethod 1232 0x0000000004790810 code [0x0000000004790980, 0x0000000004790d98]
Event: 2.238 Thread 0x00000000169c5000 1234       4       com.android.dx.ssa.back.FirstFitLocalCombiningAllocator$1::processInsn (169 bytes)
Event: 2.240 Thread 0x000000001696b800 nmethod 1233 0x0000000004794b90 code [0x0000000004794d00, 0x00000000047952f8]
Event: 2.240 Thread 0x000000001696b800 1235       4       com.android.dx.rop.code.ThrowingCstInsn::withNewRegisters (25 bytes)
Event: 2.242 Thread 0x000000001696b800 nmethod 1235 0x0000000004794510 code [0x0000000004794660, 0x0000000004794898]
Event: 2.245 Thread 0x000000001696b800 1236       4       com.android.dx.rop.code.LocalVariableExtractor::processBlock (327 bytes)

GC Heap History (2 events):
Event: 1.800 GC heap before
{Heap before GC invocations=1 (full 0):
 PSYoungGen      total 34816K, used 30208K [0x00000000eab00000, 0x00000000ed180000, 0x0000000100000000)
  eden space 30208K, 100% used [0x00000000eab00000,0x00000000ec880000,0x00000000ec880000)
  from space 4608K, 0% used [0x00000000ecd00000,0x00000000ecd00000,0x00000000ed180000)
  to   space 4608K, 0% used [0x00000000ec880000,0x00000000ec880000,0x00000000ecd00000)
 ParOldGen       total 79360K, used 0K [0x00000000c0000000, 0x00000000c4d80000, 0x00000000eab00000)
  object space 79360K, 0% used [0x00000000c0000000,0x00000000c0000000,0x00000000c4d80000)
 Metaspace       used 5979K, capacity 6896K, committed 7040K, reserved 1056768K
  class space    used 592K, capacity 616K, committed 640K, reserved 1048576K
Event: 1.850 GC heap after
Heap after GC invocations=1 (full 0):
 PSYoungGen      total 34816K, used 4589K [0x00000000eab00000, 0x00000000ed180000, 0x0000000100000000)
  eden space 30208K, 0% used [0x00000000eab00000,0x00000000eab00000,0x00000000ec880000)
  from space 4608K, 99% used [0x00000000ec880000,0x00000000eccfb458,0x00000000ecd00000)
  to   space 4608K, 0% used [0x00000000ecd00000,0x00000000ecd00000,0x00000000ed180000)
 ParOldGen       total 79360K, used 2063K [0x00000000c0000000, 0x00000000c4d80000, 0x00000000eab00000)
  object space 79360K, 2% used [0x00000000c0000000,0x00000000c0203d70,0x00000000c4d80000)
 Metaspace       used 5979K, capacity 6896K, committed 7040K, reserved 1056768K
  class space    used 592K, capacity 616K, committed 640K, reserved 1048576K
}

Deoptimization events (10 events):
Event: 1.391 Thread 0x0000000018454000 Uncommon trap: reason=bimorphic action=maybe_recompile pc=0x000000000454b28c method=java.util.HashMap.getNode(ILjava/lang/Object;)Ljava/util/HashMap$Node; @ 126
Event: 1.391 Thread 0x0000000018454000 Uncommon trap: reason=bimorphic action=maybe_recompile pc=0x00000000045699f4 method=java.util.HashMap.getNode(ILjava/lang/Object;)Ljava/util/HashMap$Node; @ 126
Event: 1.596 Thread 0x00000000185fd800 Uncommon trap: reason=unstable_if action=reinterpret pc=0x00000000046e5dd0 method=com.android.dx.util.LabeledList.set(ILcom/android/dx/util/LabeledItem;)V @ 16
Event: 1.596 Thread 0x000000000409e000 Uncommon trap: reason=bimorphic action=maybe_recompile pc=0x00000000046e4fd0 method=java.util.HashMap.putVal(ILjava/lang/Object;Ljava/lang/Object;ZZ)Ljava/lang/Object; @ 203
Event: 1.597 Thread 0x000000000409e000 Uncommon trap: reason=bimorphic action=maybe_recompile pc=0x00000000046e4fd0 method=java.util.HashMap.putVal(ILjava/lang/Object;Ljava/lang/Object;ZZ)Ljava/lang/Object; @ 203
Event: 1.597 Thread 0x000000000409e000 Uncommon trap: reason=bimorphic action=maybe_recompile pc=0x00000000046e4fd0 method=java.util.HashMap.putVal(ILjava/lang/Object;Ljava/lang/Object;ZZ)Ljava/lang/Object; @ 203
Event: 1.628 Thread 0x000000000409e000 Uncommon trap: reason=bimorphic action=maybe_recompile pc=0x00000000046e4fd0 method=java.util.HashMap.putVal(ILjava/lang/Object;Ljava/lang/Object;ZZ)Ljava/lang/Object; @ 203
Event: 1.629 Thread 0x00000000185fd000 Uncommon trap: reason=null_check action=make_not_entrant pc=0x00000000045a56e0 method=com.android.dx.rop.type.Type.equals(Ljava/lang/Object;)Z @ 8
Event: 1.630 Thread 0x00000000185fd000 Uncommon trap: reason=unstable_if action=reinterpret pc=0x000000000457655c method=com.android.dx.rop.code.RegisterSpec.equals(ILcom/android/dx/rop/type/TypeBearer;Lcom/android/dx/rop/code/LocalItem;)Z @ 42
Event: 2.203 Thread 0x00000000185fc000 Uncommon trap: reason=unstable_if action=reinterpret pc=0x000000000470c154 method=com.android.dx.ssa.SCCP.simulateStmt(Lcom/android/dx/ssa/SsaInsn;)V @ 53

Classes redefined (0 events):
No events

Internal exceptions (3 events):
Event: 0.114 Thread 0x000000000409e000 Exception <a 'java/lang/NoSuchMethodError': Method sun.misc.Unsafe.defineClass(Ljava/lang/String;[BII)Ljava/lang/Class; name or signature does not match> (0x00000000eab07ca8) thrown at [D:\src\AOSP-openjdk-cygwin\jdk8u\hotspot\src\share\vm\prims\jni.cpp, 
Event: 0.114 Thread 0x000000000409e000 Exception <a 'java/lang/NoSuchMethodError': Method sun.misc.Unsafe.prefetchRead(Ljava/lang/Object;J)V name or signature does not match> (0x00000000eab07f90) thrown at [D:\src\AOSP-openjdk-cygwin\jdk8u\hotspot\src\share\vm\prims\jni.cpp, line 4011]
Event: 1.629 Thread 0x00000000185fd000 Implicit null exception at 0x00000000045a55e2 to 0x00000000045a56d2

Events (10 events):
Event: 1.925 Thread 0x0000000018454000 DEOPT UNPACKING pc=0x00000000042e71bf sp=0x00000000189ee788 mode 0
Event: 1.983 Thread 0x00000000185fd800 DEOPT PACKING pc=0x000000000469e782 sp=0x0000000018dee7f0
Event: 1.983 Thread 0x00000000185fd800 DEOPT UNPACKING pc=0x00000000042e71bf sp=0x0000000018dee558 mode 0
Event: 1.987 Thread 0x000000000409e000 DEOPT PACKING pc=0x0000000004684126 sp=0x000000000400df70
Event: 1.987 Thread 0x000000000409e000 DEOPT UNPACKING pc=0x00000000042e71bf sp=0x000000000400dd50 mode 0
Event: 2.008 Thread 0x000000000409e000 DEOPT PACKING pc=0x0000000004684126 sp=0x000000000400e090
Event: 2.008 Thread 0x000000000409e000 DEOPT UNPACKING pc=0x00000000042e71bf sp=0x000000000400de70 mode 0
Event: 2.203 Thread 0x00000000185fc000 Uncommon trap: trap_request=0xffffff65 fr.pc=0x000000000470c154
Event: 2.203 Thread 0x00000000185fc000 DEOPT PACKING pc=0x000000000470c154 sp=0x0000000018bee7c0
Event: 2.204 Thread 0x00000000185fc000 DEOPT UNPACKING pc=0x00000000042e556a sp=0x0000000018bee788 mode 2


Dynamic libraries:
0x00007ff673fb0000 - 0x00007ff673fe1000 	C:\Program Files\Android\Android Studio\jre\bin\java.exe
0x00007fffffa60000 - 0x00007fffffc40000 	C:\WINDOWS\SYSTEM32\ntdll.dll
0x00007ffffd040000 - 0x00007ffffd0ee000 	C:\WINDOWS\System32\KERNEL32.DLL
0x00007ffffccc0000 - 0x00007ffffcf26000 	C:\WINDOWS\System32\KERNELBASE.dll
0x00007ffffdd00000 - 0x00007ffffdda1000 	C:\WINDOWS\System32\ADVAPI32.dll
0x00007ffffdc60000 - 0x00007ffffdcfd000 	C:\WINDOWS\System32\msvcrt.dll
0x00007fffff780000 - 0x00007fffff7db000 	C:\WINDOWS\System32\sechost.dll
0x00007fffff660000 - 0x00007fffff77f000 	C:\WINDOWS\System32\RPCRT4.dll
0x00007ffffdad0000 - 0x00007ffffdc5f000 	C:\WINDOWS\System32\USER32.dll
0x00007ffffcc20000 - 0x00007ffffcc40000 	C:\WINDOWS\System32\win32u.dll
0x00007ffffcf30000 - 0x00007ffffcf58000 	C:\WINDOWS\System32\GDI32.dll
0x00007ffffbf50000 - 0x00007ffffc0e3000 	C:\WINDOWS\System32\gdi32full.dll
0x00007ffffbeb0000 - 0x00007ffffbf4b000 	C:\WINDOWS\System32\msvcp_win.dll
0x00007ffffcb20000 - 0x00007ffffcc16000 	C:\WINDOWS\System32\ucrtbase.dll
0x00007ffff2500000 - 0x00007ffff2769000 	C:\WINDOWS\WinSxS\amd64_microsoft.windows.common-controls_6595b64144ccf1df_6.0.16299.192_none_15c8cdae9364c23b\COMCTL32.dll
0x00007ffffd7c0000 - 0x00007ffffdac8000 	C:\WINDOWS\System32\combase.dll
0x00007ffffcc40000 - 0x00007ffffccb2000 	C:\WINDOWS\System32\bcryptPrimitives.dll
0x00007fffff530000 - 0x00007fffff55d000 	C:\WINDOWS\System32\IMM32.DLL
0x0000000054980000 - 0x0000000054a52000 	C:\Program Files\Android\Android Studio\jre\jre\bin\msvcr100.dll
0x0000000054b40000 - 0x000000005537e000 	C:\Program Files\Android\Android Studio\jre\jre\bin\server\jvm.dll
0x00007ffffd030000 - 0x00007ffffd038000 	C:\WINDOWS\System32\PSAPI.DLL
0x00007ffff8da0000 - 0x00007ffff8da9000 	C:\WINDOWS\SYSTEM32\WSOCK32.dll
0x00007ffffde10000 - 0x00007ffffde7c000 	C:\WINDOWS\System32\WS2_32.dll
0x00007fffed7f0000 - 0x00007fffed813000 	C:\WINDOWS\SYSTEM32\WINMM.dll
0x00007ffff5200000 - 0x00007ffff520a000 	C:\WINDOWS\SYSTEM32\VERSION.dll
0x00007fffed7c0000 - 0x00007fffed7ea000 	C:\WINDOWS\SYSTEM32\WINMMBASE.dll
0x00007ffffbe60000 - 0x00007ffffbeaa000 	C:\WINDOWS\System32\cfgmgr32.dll
0x00007ffff8580000 - 0x00007ffff858f000 	C:\Program Files\Android\Android Studio\jre\jre\bin\verify.dll
0x00007fffef320000 - 0x00007fffef349000 	C:\Program Files\Android\Android Studio\jre\jre\bin\java.dll
0x00007fffef2b0000 - 0x00007fffef2c6000 	C:\Program Files\Android\Android Studio\jre\jre\bin\zip.dll
0x00007ffffde80000 - 0x00007fffff2b6000 	C:\WINDOWS\System32\SHELL32.dll
0x00007fffff7e0000 - 0x00007fffff886000 	C:\WINDOWS\System32\shcore.dll
0x00007ffffc200000 - 0x00007ffffc947000 	C:\WINDOWS\System32\windows.storage.dll
0x00007ffffddb0000 - 0x00007ffffde01000 	C:\WINDOWS\System32\shlwapi.dll
0x00007ffffbe40000 - 0x00007ffffbe51000 	C:\WINDOWS\System32\kernel.appcore.dll
0x00007ffffbdf0000 - 0x00007ffffbe3c000 	C:\WINDOWS\System32\powrprof.dll
0x00007ffffbdd0000 - 0x00007ffffbdeb000 	C:\WINDOWS\System32\profapi.dll

VM Arguments:
jvm_args: -Djava.awt.headless=true -Xmx1024M -Dfile.encoding=windows-1252 -Duser.country=ES -Duser.language=es -Duser.variant 
java_command: com.android.dx.command.Main --dex --force-jumbo --num-threads=4 --multi-dex --output C:\Users\-\Desktop\TimeTracker\app\build\intermediates\transforms\dex\debug\folders\1000\10\constraint-layout-solver-1.0.2_f7dd6ff2d8ab0fbeb06c71766a7eb94b7b27f230 C:\Users\-\AppData\Local\Android\Sdk\extras\m2repository\com\android\support\constraint\constraint-layout-solver\1.0.2\constraint-layout-solver-1.0.2.jar
java_class_path (initial): C:\Users\-\AppData\Local\Android\Sdk\build-tools\27.0.3\lib\dx.jar
Launcher Type: SUN_STANDARD

Environment Variables:
PATH=C:\WINDOWS\system32;C:\WINDOWS;C:\WINDOWS\System32\Wbem;C:\WINDOWS\System32\WindowsPowerShell\v1.0\;C:\Program Files (x86)\ATI Technologies\ATI.ACE\Core-Static;C:\Program Files (x86)\Skype\Phone\;C:\Python27;C:\Program Files\PuTTY\;C:\Program Files (x86)\Windows Live\Shared;C:\Program Files\Git\cmd;C:\HashiCorp\Vagrant\bin;C:\Users\-\Anaconda2;C:\Users\-\Anaconda2\Scripts;C:\Users\-\Anaconda2\Library\bin;C:\WINDOWS\system32;C:\WINDOWS;C:\WINDOWS\System32\Wbem;C:\WINDOWS\System32\WindowsPowerShell\v1.0\;C:\Program Files (x86)\ATI Technologies\ATI.ACE\Core-Static;C:\Program Files (x86)\Skype\Phone\;C:\Python27;C:\Program Files\PuTTY\;C:\Users\-\AppData\Local\Microsoft\WindowsApps;C:\Users\-\AppData\Local\atom\bin;C:\Python27\Scripts;C:\Users\-\AppData\Local\Microsoft\WindowsApps;C:\php;
USERNAME=-
OS=Windows_NT
PROCESSOR_IDENTIFIER=AMD64 Family 21 Model 16 Stepping 1, AuthenticAMD



---------------  S Y S T E M  ---------------

OS: Windows 10.0 , 64 bit Build 16299 (10.0.16299.15)

CPU:total 4 (initial active 4) (4 cores per cpu, 1 threads per core) family 21 model 16 stepping 1, cmov, cx8, fxsr, mmx, sse, sse2, sse3, ssse3, sse4.1, sse4.2, popcnt, avx, aes, clmul, mmxext, 3dnowpref, lzcnt, sse4a, tsc, tscinvbit, tscinv, bmi1

Memory: 4k page, physical 7548012k(748220k free), swap 10693740k(5828k free)

vm_info: OpenJDK 64-Bit Server VM (25.152-b01) for windows-amd64 JRE (1.8.0_152-release-915-b01), built by "builder" with MS VC++ 10.0 (VS2010)

time: Tue Jan 09 20:55:48 2018
elapsed time: 2 seconds (0d 0h 0m 2s)

