#
# There is insufficient memory for the Java Runtime Environment to continue.
# Native memory allocation (malloc) failed to allocate 281456 bytes for Chunk::new
# Possible reasons:
#   The system is out of physical RAM or swap space
#   In 32 bit mode, the process size limit was hit
# Possible solutions:
#   Reduce memory load on the system
#   Increase physical memory or swap space
#   Check if swap backing store is full
#   Use 64 bit Java on a 64 bit OS
#   Decrease Java heap size (-Xmx/-Xms)
#   Decrease number of Java threads
#   Decrease Java thread stack sizes (-Xss)
#   Set larger code cache with -XX:ReservedCodeCacheSize=
# This output file may be truncated or incomplete.
#
#  Out of Memory Error (allocation.cpp:390), pid=8052, tid=0x00000000000027d4
#
# JRE version: OpenJDK Runtime Environment (8.0_152-b01) (build 1.8.0_152-release-915-b01)
# Java VM: OpenJDK 64-Bit Server VM (25.152-b01 mixed mode windows-amd64 compressed oops)
# Failed to write core dump. Minidumps are not enabled by default on client versions of Windows
#

---------------  T H R E A D  ---------------

Current thread (0x00000000174de800):  JavaThread "C2 CompilerThread1" daemon [_thread_in_native, id=10196, stack(0x0000000018c50000,0x0000000018d50000)]

Stack: [0x0000000018c50000,0x0000000018d50000]
[error occurred during error reporting (printing stack bounds), id 0xc0000005]

Native frames: (J=compiled Java code, j=interpreted, Vv=VM code, C=native code)


Current CompileTask:
C2:   2125 1108   !   4       com.android.dx.cf.code.BytecodeArray::parseInstruction (2796 bytes)


---------------  P R O C E S S  ---------------

Java Threads: ( => current thread )
  0x0000000019157000 JavaThread "pool-2-thread-4" [_thread_in_Java, id=3504, stack(0x0000000019850000,0x0000000019950000)]
  0x0000000019156000 JavaThread "pool-2-thread-3" [_thread_in_Java, id=12728, stack(0x0000000019750000,0x0000000019850000)]
  0x0000000019155800 JavaThread "pool-2-thread-2" [_thread_in_Java, id=8180, stack(0x0000000019650000,0x0000000019750000)]
  0x0000000019151800 JavaThread "pool-3-thread-1" [_thread_blocked, id=3560, stack(0x0000000019550000,0x0000000019650000)]
  0x0000000019151000 JavaThread "pool-2-thread-1" [_thread_in_Java, id=6372, stack(0x0000000019450000,0x0000000019550000)]
  0x0000000018e51800 JavaThread "Service Thread" daemon [_thread_blocked, id=852, stack(0x0000000019250000,0x0000000019350000)]
  0x000000001753d800 JavaThread "C1 CompilerThread2" daemon [_thread_in_native, id=7208, stack(0x0000000018d50000,0x0000000018e50000)]
=>0x00000000174de800 JavaThread "C2 CompilerThread1" daemon [_thread_in_native, id=10196, stack(0x0000000018c50000,0x0000000018d50000)]
  0x00000000174db800 JavaThread "C2 CompilerThread0" daemon [_thread_in_native, id=8376, stack(0x0000000018b50000,0x0000000018c50000)]
  0x00000000174da000 JavaThread "Attach Listener" daemon [_thread_blocked, id=9496, stack(0x0000000018a50000,0x0000000018b50000)]
  0x00000000174d9000 JavaThread "Signal Dispatcher" daemon [_thread_blocked, id=5476, stack(0x0000000018950000,0x0000000018a50000)]
  0x0000000004e06800 JavaThread "Finalizer" daemon [_thread_blocked, id=10540, stack(0x0000000018740000,0x0000000018840000)]
  0x0000000004e01800 JavaThread "Reference Handler" daemon [_thread_blocked, id=6460, stack(0x0000000018640000,0x0000000018740000)]
  0x0000000004a3e000 JavaThread "main" [_thread_in_Java, id=7388, stack(0x0000000004b10000,0x0000000004c10000)]

Other Threads:
  0x00000000174a4800 VMThread [stack: 0x0000000018540000,0x0000000018640000] [id=6456]
  0x0000000018e55000 WatcherThread [stack: 0x0000000019350000,0x0000000019450000] [id=972]

VM state:not at safepoint (normal execution)

VM Mutex/Monitor currently owned by a thread: None

Heap:
 PSYoungGen      total 34816K, used 27520K [0x00000000eab00000, 0x00000000ed180000, 0x0000000100000000)
  eden space 30208K, 91% used [0x00000000eab00000,0x00000000ec5e0218,0x00000000ec880000)
  from space 4608K, 0% used [0x00000000ecd00000,0x00000000ecd00000,0x00000000ed180000)
  to   space 4608K, 0% used [0x00000000ec880000,0x00000000ec880000,0x00000000ecd00000)
 ParOldGen       total 79360K, used 0K [0x00000000c0000000, 0x00000000c4d80000, 0x00000000eab00000)
  object space 79360K, 0% used [0x00000000c0000000,0x00000000c0000000,0x00000000c4d80000)
 Metaspace       used 6031K, capacity 6960K, committed 7040K, reserved 1056768K
  class space    used 592K, capacity 616K, committed 640K, reserved 1048576K

Card table byte_map: [0x00000000141d0000,0x00000000143e0000] byte_map_base: 0x0000000013bd0000

Marking Bits: (ParMarkBitMap*) 0x0000000055303950
 Begin Bits: [0x0000000014940000, 0x0000000015940000)
 End Bits:   [0x0000000015940000, 0x0000000016940000)

Polling page: 0x00000000049d0000

CodeCache: size=245760Kb used=4631Kb max_used=4631Kb free=241128Kb
 bounds [0x0000000004e10000, 0x00000000052a0000, 0x0000000013e10000]
 total_blobs=1408 nmethods=1139 adapters=184
 compilation: enabled

Compilation events (10 events):
Event: 2.106 Thread 0x000000001753d800 nmethod 1139 0x0000000005289650 code [0x0000000005289840, 0x000000000528a128]
Event: 2.109 Thread 0x000000001753d800 1141       3       com.android.dx.ssa.SsaConverter::placePhiFunctions (394 bytes)
Event: 2.113 Thread 0x000000001753d800 nmethod 1141 0x000000000528a510 code [0x000000000528aac0, 0x000000000528e0a8]
Event: 2.113 Thread 0x000000001753d800 1142       3       com.android.dx.ssa.SCCP::<init> (142 bytes)
Event: 2.114 Thread 0x000000001753d800 nmethod 1142 0x0000000005291810 code [0x0000000005291a80, 0x0000000005292ba8]
Event: 2.116 Thread 0x000000001753d800 1143       3       com.android.dx.ssa.LocalVariableInfo::addAssignment (43 bytes)
Event: 2.116 Thread 0x000000001753d800 nmethod 1143 0x0000000005293490 code [0x0000000005293680, 0x0000000005293f08]
Event: 2.117 Thread 0x000000001753d800 1145       3       com.android.dx.ssa.ConstCollector::getConstsSortedByCountUse (337 bytes)
Event: 2.121 Thread 0x000000001753d800 nmethod 1145 0x0000000005294290 code [0x0000000005294800, 0x0000000005298618]
Event: 2.121 Thread 0x000000001753d800 1148       3       com.android.dx.cf.code.Simulator$SimVisitor::visitNoArgs (2136 bytes)

GC Heap History (0 events):
No events

Deoptimization events (2 events):
Event: 1.746 Thread 0x0000000004a3e000 Uncommon trap: reason=unstable_if action=reinterpret pc=0x00000000050790b4 method=java.util.HashMap.getNode(ILjava/lang/Object;)Ljava/util/HashMap$Node; @ 129
Event: 1.994 Thread 0x0000000019151000 Uncommon trap: reason=unstable_if action=reinterpret pc=0x00000000051a795c method=com.android.dx.rop.cst.Constant.compareTo(Lcom/android/dx/rop/cst/Constant;)I @ 12

Classes redefined (0 events):
No events

Internal exceptions (2 events):
Event: 0.360 Thread 0x0000000004a3e000 Exception <a 'java/lang/NoSuchMethodError': Method sun.misc.Unsafe.defineClass(Ljava/lang/String;[BII)Ljava/lang/Class; name or signature does not match> (0x00000000eab07ca8) thrown at [D:\src\AOSP-openjdk-cygwin\jdk8u\hotspot\src\share\vm\prims\jni.cpp, 
Event: 0.360 Thread 0x0000000004a3e000 Exception <a 'java/lang/NoSuchMethodError': Method sun.misc.Unsafe.prefetchRead(Ljava/lang/Object;J)V name or signature does not match> (0x00000000eab07f90) thrown at [D:\src\AOSP-openjdk-cygwin\jdk8u\hotspot\src\share\vm\prims\jni.cpp, line 4011]

Events (10 events):
Event: 1.919 Executing VM operation: Deoptimize done
Event: 1.933 loading class com/android/dx/cf/code/SwitchList
Event: 1.933 loading class com/android/dx/cf/code/SwitchList done
Event: 1.969 Thread 0x0000000019151000 DEOPT PACKING pc=0x000000000509f9a2 sp=0x000000001954e890
Event: 1.969 Thread 0x0000000019151000 DEOPT UNPACKING pc=0x0000000004e571bf sp=0x000000001954e5f8 mode 0
Event: 1.994 Thread 0x0000000019151000 Uncommon trap: trap_request=0xffffff65 fr.pc=0x00000000051a795c
Event: 1.995 Thread 0x0000000004a3e000 DEOPT PACKING pc=0x000000000509f9a2 sp=0x0000000004c0e170
Event: 1.995 Thread 0x0000000004a3e000 DEOPT UNPACKING pc=0x0000000004e571bf sp=0x0000000004c0ded8 mode 0
Event: 1.998 Thread 0x0000000019151000 DEOPT PACKING pc=0x00000000051a795c sp=0x000000001954e740
Event: 1.998 Thread 0x0000000019151000 DEOPT UNPACKING pc=0x0000000004e5556a sp=0x000000001954e6e0 mode 2


Dynamic libraries:
0x00007ff673fb0000 - 0x00007ff673fe1000 	C:\Program Files\Android\Android Studio\jre\bin\java.exe
0x00007fffffa60000 - 0x00007fffffc40000 	C:\WINDOWS\SYSTEM32\ntdll.dll
0x00007ffffd040000 - 0x00007ffffd0ee000 	C:\WINDOWS\System32\KERNEL32.DLL
0x00007ffffccc0000 - 0x00007ffffcf26000 	C:\WINDOWS\System32\KERNELBASE.dll
0x00007ffffdd00000 - 0x00007ffffdda1000 	C:\WINDOWS\System32\ADVAPI32.dll
0x00007ffffdc60000 - 0x00007ffffdcfd000 	C:\WINDOWS\System32\msvcrt.dll
0x00007fffff780000 - 0x00007fffff7db000 	C:\WINDOWS\System32\sechost.dll
0x00007fffff660000 - 0x00007fffff77f000 	C:\WINDOWS\System32\RPCRT4.dll
0x00007ffffdad0000 - 0x00007ffffdc5f000 	C:\WINDOWS\System32\USER32.dll
0x00007ffffcc20000 - 0x00007ffffcc40000 	C:\WINDOWS\System32\win32u.dll
0x00007ffffcf30000 - 0x00007ffffcf58000 	C:\WINDOWS\System32\GDI32.dll
0x00007ffffbf50000 - 0x00007ffffc0e3000 	C:\WINDOWS\System32\gdi32full.dll
0x00007ffffbeb0000 - 0x00007ffffbf4b000 	C:\WINDOWS\System32\msvcp_win.dll
0x00007ffffcb20000 - 0x00007ffffcc16000 	C:\WINDOWS\System32\ucrtbase.dll
0x00007ffff2500000 - 0x00007ffff2769000 	C:\WINDOWS\WinSxS\amd64_microsoft.windows.common-controls_6595b64144ccf1df_6.0.16299.192_none_15c8cdae9364c23b\COMCTL32.dll
0x00007ffffd7c0000 - 0x00007ffffdac8000 	C:\WINDOWS\System32\combase.dll
0x00007ffffcc40000 - 0x00007ffffccb2000 	C:\WINDOWS\System32\bcryptPrimitives.dll
0x00007fffff530000 - 0x00007fffff55d000 	C:\WINDOWS\System32\IMM32.DLL
0x0000000054980000 - 0x0000000054a52000 	C:\Program Files\Android\Android Studio\jre\jre\bin\msvcr100.dll
0x0000000054b40000 - 0x000000005537e000 	C:\Program Files\Android\Android Studio\jre\jre\bin\server\jvm.dll
0x00007ffffd030000 - 0x00007ffffd038000 	C:\WINDOWS\System32\PSAPI.DLL
0x00007ffff8da0000 - 0x00007ffff8da9000 	C:\WINDOWS\SYSTEM32\WSOCK32.dll
0x00007ffffde10000 - 0x00007ffffde7c000 	C:\WINDOWS\System32\WS2_32.dll
0x00007fffed7f0000 - 0x00007fffed813000 	C:\WINDOWS\SYSTEM32\WINMM.dll
0x00007ffff5200000 - 0x00007ffff520a000 	C:\WINDOWS\SYSTEM32\VERSION.dll
0x00007fffed7c0000 - 0x00007fffed7ea000 	C:\WINDOWS\SYSTEM32\WINMMBASE.dll
0x00007ffffbe60000 - 0x00007ffffbeaa000 	C:\WINDOWS\System32\cfgmgr32.dll
0x00007ffff8580000 - 0x00007ffff858f000 	C:\Program Files\Android\Android Studio\jre\jre\bin\verify.dll
0x00007fffef320000 - 0x00007fffef349000 	C:\Program Files\Android\Android Studio\jre\jre\bin\java.dll
0x00007fffef2b0000 - 0x00007fffef2c6000 	C:\Program Files\Android\Android Studio\jre\jre\bin\zip.dll
0x00007ffffde80000 - 0x00007fffff2b6000 	C:\WINDOWS\System32\SHELL32.dll
0x00007fffff7e0000 - 0x00007fffff886000 	C:\WINDOWS\System32\shcore.dll
0x00007ffffc200000 - 0x00007ffffc947000 	C:\WINDOWS\System32\windows.storage.dll
0x00007ffffddb0000 - 0x00007ffffde01000 	C:\WINDOWS\System32\shlwapi.dll
0x00007ffffbe40000 - 0x00007ffffbe51000 	C:\WINDOWS\System32\kernel.appcore.dll
0x00007ffffbdf0000 - 0x00007ffffbe3c000 	C:\WINDOWS\System32\powrprof.dll
0x00007ffffbdd0000 - 0x00007ffffbdeb000 	C:\WINDOWS\System32\profapi.dll

VM Arguments:
jvm_args: -Djava.awt.headless=true -Xmx1024M -Dfile.encoding=windows-1252 -Duser.country=ES -Duser.language=es -Duser.variant 
java_command: com.android.dx.command.Main --dex --force-jumbo --num-threads=4 --multi-dex --output C:\Users\-\Desktop\TimeTracker\app\build\intermediates\transforms\dex\debug\folders\1000\10\constraint-layout-solver-1.0.2_f7dd6ff2d8ab0fbeb06c71766a7eb94b7b27f230 C:\Users\-\AppData\Local\Android\Sdk\extras\m2repository\com\android\support\constraint\constraint-layout-solver\1.0.2\constraint-layout-solver-1.0.2.jar
java_class_path (initial): C:\Users\-\AppData\Local\Android\Sdk\build-tools\27.0.3\lib\dx.jar
Launcher Type: SUN_STANDARD

Environment Variables:
PATH=C:\WINDOWS\system32;C:\WINDOWS;C:\WINDOWS\System32\Wbem;C:\WINDOWS\System32\WindowsPowerShell\v1.0\;C:\Program Files (x86)\ATI Technologies\ATI.ACE\Core-Static;C:\Program Files (x86)\Skype\Phone\;C:\Python27;C:\Program Files\PuTTY\;C:\Program Files (x86)\Windows Live\Shared;C:\Program Files\Git\cmd;C:\HashiCorp\Vagrant\bin;C:\Users\-\Anaconda2;C:\Users\-\Anaconda2\Scripts;C:\Users\-\Anaconda2\Library\bin;C:\WINDOWS\system32;C:\WINDOWS;C:\WINDOWS\System32\Wbem;C:\WINDOWS\System32\WindowsPowerShell\v1.0\;C:\Program Files (x86)\ATI Technologies\ATI.ACE\Core-Static;C:\Program Files (x86)\Skype\Phone\;C:\Python27;C:\Program Files\PuTTY\;C:\Users\-\AppData\Local\Microsoft\WindowsApps;C:\Users\-\AppData\Local\atom\bin;C:\Python27\Scripts;C:\Users\-\AppData\Local\Microsoft\WindowsApps;C:\php;
USERNAME=-
OS=Windows_NT
PROCESSOR_IDENTIFIER=AMD64 Family 21 Model 16 Stepping 1, AuthenticAMD



---------------  S Y S T E M  ---------------

OS: Windows 10.0 , 64 bit Build 16299 (10.0.16299.15)

CPU:total 4 (initial active 4) (4 cores per cpu, 1 threads per core) family 21 model 16 stepping 1, cmov, cx8, fxsr, mmx, sse, sse2, sse3, ssse3, sse4.1, sse4.2, popcnt, avx, aes, clmul, mmxext, 3dnowpref, lzcnt, sse4a, tsc, tscinvbit, tscinv, bmi1

Memory: 4k page, physical 7548012k(763364k free), swap 10693740k(5132k free)

vm_info: OpenJDK 64-Bit Server VM (25.152-b01) for windows-amd64 JRE (1.8.0_152-release-915-b01), built by "builder" with MS VC++ 10.0 (VS2010)

time: Tue Jan 09 20:58:48 2018
elapsed time: 2 seconds (0d 0h 0m 2s)

