#
# There is insufficient memory for the Java Runtime Environment to continue.
# Native memory allocation (malloc) failed to allocate 32744 bytes for ChunkPool::allocate
# Possible reasons:
#   The system is out of physical RAM or swap space
#   In 32 bit mode, the process size limit was hit
# Possible solutions:
#   Reduce memory load on the system
#   Increase physical memory or swap space
#   Check if swap backing store is full
#   Use 64 bit Java on a 64 bit OS
#   Decrease Java heap size (-Xmx/-Xms)
#   Decrease number of Java threads
#   Decrease Java thread stack sizes (-Xss)
#   Set larger code cache with -XX:ReservedCodeCacheSize=
# This output file may be truncated or incomplete.
#
#  Out of Memory Error (allocation.cpp:273), pid=11960, tid=0x000000000000275c
#
# JRE version: OpenJDK Runtime Environment (8.0_152-b01) (build 1.8.0_152-release-915-b01)
# Java VM: OpenJDK 64-Bit Server VM (25.152-b01 mixed mode windows-amd64 compressed oops)
# Failed to write core dump. Minidumps are not enabled by default on client versions of Windows
#

---------------  T H R E A D  ---------------

Current thread (0x0000000017216000):  JavaThread "C2 CompilerThread1" daemon [_thread_in_native, id=10076, stack(0x0000000018940000,0x0000000018a40000)]

Stack: [0x0000000018940000,0x0000000018a40000]
[error occurred during error reporting (printing stack bounds), id 0xc0000005]

Native frames: (J=compiled Java code, j=interpreted, Vv=VM code, C=native code)


Current CompileTask:
C2:   1205  636       4       com.android.dx.util.IntList::add (65 bytes)


---------------  P R O C E S S  ---------------

Java Threads: ( => current thread )
  0x0000000018d27800 JavaThread "pool-1-thread-4" [_thread_new, id=3216, stack(0x0000000000000000,0x0000000000000000)]
  0x0000000018d26000 JavaThread "pool-1-thread-3" [_thread_in_Java, id=5688, stack(0x0000000019c40000,0x0000000019d40000)]
  0x0000000018cce800 JavaThread "pool-1-thread-2" [_thread_in_Java, id=9596, stack(0x0000000019b40000,0x0000000019c40000)]
  0x0000000018cc7800 JavaThread "pool-2-thread-1" [_thread_blocked, id=9836, stack(0x0000000019a40000,0x0000000019b40000)]
  0x0000000018cc6800 JavaThread "pool-1-thread-1" [_thread_in_Java, id=12140, stack(0x0000000019940000,0x0000000019a40000)]
  0x000000001722d800 JavaThread "Service Thread" daemon [_thread_blocked, id=3684, stack(0x0000000018f40000,0x0000000019040000)]
  0x000000001722b000 JavaThread "C1 CompilerThread2" daemon [_thread_in_native, id=6524, stack(0x0000000018e40000,0x0000000018f40000)]
=>0x0000000017216000 JavaThread "C2 CompilerThread1" daemon [_thread_in_native, id=10076, stack(0x0000000018940000,0x0000000018a40000)]
  0x00000000171cc800 JavaThread "C2 CompilerThread0" daemon [_thread_in_native, id=2552, stack(0x0000000018840000,0x0000000018940000)]
  0x00000000171cb800 JavaThread "Attach Listener" daemon [_thread_blocked, id=1832, stack(0x0000000018740000,0x0000000018840000)]
  0x00000000171ca000 JavaThread "Signal Dispatcher" daemon [_thread_blocked, id=1920, stack(0x0000000018640000,0x0000000018740000)]
  0x00000000171b8800 JavaThread "Finalizer" daemon [_thread_blocked, id=1696, stack(0x0000000018430000,0x0000000018530000)]
  0x0000000004af3000 JavaThread "Reference Handler" daemon [_thread_blocked, id=11664, stack(0x0000000018330000,0x0000000018430000)]
  0x00000000048fe000 JavaThread "main" [_thread_in_Java, id=12976, stack(0x0000000004790000,0x0000000004890000)]

Other Threads:
  0x0000000017195800 VMThread [stack: 0x0000000018230000,0x0000000018330000] [id=7616]
  0x0000000018a49000 WatcherThread [stack: 0x0000000019040000,0x0000000019140000] [id=6036]

VM state:not at safepoint (normal execution)

VM Mutex/Monitor currently owned by a thread: None

Heap:
 PSYoungGen      total 34816K, used 16050K [0x00000000eab00000, 0x00000000ed180000, 0x0000000100000000)
  eden space 30208K, 53% used [0x00000000eab00000,0x00000000ebaac8b0,0x00000000ec880000)
  from space 4608K, 0% used [0x00000000ecd00000,0x00000000ecd00000,0x00000000ed180000)
  to   space 4608K, 0% used [0x00000000ec880000,0x00000000ec880000,0x00000000ecd00000)
 ParOldGen       total 79360K, used 0K [0x00000000c0000000, 0x00000000c4d80000, 0x00000000eab00000)
  object space 79360K, 0% used [0x00000000c0000000,0x00000000c0000000,0x00000000c4d80000)
 Metaspace       used 5700K, capacity 6640K, committed 6784K, reserved 1056768K
  class space    used 589K, capacity 616K, committed 640K, reserved 1048576K

Card table byte_map: [0x0000000013ec0000,0x00000000140d0000] byte_map_base: 0x00000000138c0000

Marking Bits: (ParMarkBitMap*) 0x0000000055303950
 Begin Bits: [0x0000000014630000, 0x0000000015630000)
 End Bits:   [0x0000000015630000, 0x0000000016630000)

Polling page: 0x0000000002b70000

CodeCache: size=245760Kb used=2434Kb max_used=2445Kb free=243325Kb
 bounds [0x0000000004b00000, 0x0000000004d70000, 0x0000000013b00000]
 total_blobs=885 nmethods=616 adapters=184
 compilation: enabled

Compilation events (10 events):
Event: 1.197 Thread 0x0000000017216000  628       4       java.util.BitSet::set (58 bytes)
Event: 1.197 Thread 0x00000000171cc800 nmethod 623 0x0000000004d59cd0 code [0x0000000004d59e20, 0x0000000004d59fd8]
Event: 1.198 Thread 0x00000000171cc800  629       4       com.android.dx.ssa.NormalSsaInsn::accept (25 bytes)
Event: 1.199 Thread 0x0000000017216000 nmethod 628 0x0000000004d5d410 code [0x0000000004d5d560, 0x0000000004d5d678]
Event: 1.199 Thread 0x0000000017216000  630       4       com.android.dx.rop.code.InsnList::get (9 bytes)
Event: 1.200 Thread 0x00000000171cc800 nmethod 629 0x0000000004d5d010 code [0x0000000004d5d160, 0x0000000004d5d268]
Event: 1.200 Thread 0x0000000017216000 nmethod 630 0x0000000004d5cc90 code [0x0000000004d5cde0, 0x0000000004d5ced8]
Event: 1.202 Thread 0x00000000171cc800  632       4       java.util.AbstractList::<init> (10 bytes)
Event: 1.203 Thread 0x00000000171cc800 nmethod 632 0x0000000004d62b90 code [0x0000000004d62cc0, 0x0000000004d62d18]
Event: 1.204 Thread 0x0000000017216000  636       4       com.android.dx.util.IntList::add (65 bytes)

GC Heap History (0 events):
No events

Deoptimization events (2 events):
Event: 0.590 Thread 0x00000000048fe000 Uncommon trap: reason=unstable_if action=reinterpret pc=0x0000000004c52dd4 method=java.lang.String.compareTo(Ljava/lang/String;)I @ 38
Event: 1.184 Thread 0x0000000018d26000 Uncommon trap: reason=unstable_if action=reinterpret pc=0x0000000004d4d5a4 method=java.util.HashMap.getNode(ILjava/lang/Object;)Ljava/util/HashMap$Node; @ 129

Classes redefined (0 events):
No events

Internal exceptions (2 events):
Event: 0.132 Thread 0x00000000048fe000 Exception <a 'java/lang/NoSuchMethodError': Method sun.misc.Unsafe.defineClass(Ljava/lang/String;[BII)Ljava/lang/Class; name or signature does not match> (0x00000000eab07ca8) thrown at [D:\src\AOSP-openjdk-cygwin\jdk8u\hotspot\src\share\vm\prims\jni.cpp, 
Event: 0.132 Thread 0x00000000048fe000 Exception <a 'java/lang/NoSuchMethodError': Method sun.misc.Unsafe.prefetchRead(Ljava/lang/Object;J)V name or signature does not match> (0x00000000eab07f90) thrown at [D:\src\AOSP-openjdk-cygwin\jdk8u\hotspot\src\share\vm\prims\jni.cpp, line 4011]

Events (10 events):
Event: 1.166 loading class com/android/dx/ssa/PhiInsn$Operand done
Event: 1.173 loading class com/android/dx/dex/file/FieldAnnotationStruct
Event: 1.173 loading class com/android/dx/dex/file/FieldAnnotationStruct done
Event: 1.175 loading class com/android/dx/cf/code/BytecodeArray$ConstantParserVisitor
Event: 1.175 loading class com/android/dx/cf/code/BytecodeArray$ConstantParserVisitor done
Event: 1.184 Thread 0x0000000018d26000 Uncommon trap: trap_request=0xffffff65 fr.pc=0x0000000004d4d5a4
Event: 1.184 Thread 0x0000000018d26000 DEOPT PACKING pc=0x0000000004d4d5a4 sp=0x0000000019d3e600
Event: 1.184 Thread 0x0000000018d26000 DEOPT UNPACKING pc=0x0000000004b4556a sp=0x0000000019d3e578 mode 2
Event: 1.187 loading class com/android/dx/ssa/back/FirstFitLocalCombiningAllocator$Multiset
Event: 1.187 loading class com/android/dx/ssa/back/FirstFitLocalCombiningAllocator$Multiset done


Dynamic libraries:
0x00007ff673fb0000 - 0x00007ff673fe1000 	C:\Program Files\Android\Android Studio\jre\bin\java.exe
0x00007fffffa60000 - 0x00007fffffc40000 	C:\WINDOWS\SYSTEM32\ntdll.dll
0x00007ffffd040000 - 0x00007ffffd0ee000 	C:\WINDOWS\System32\KERNEL32.DLL
0x00007ffffccc0000 - 0x00007ffffcf26000 	C:\WINDOWS\System32\KERNELBASE.dll
0x00007ffffdd00000 - 0x00007ffffdda1000 	C:\WINDOWS\System32\ADVAPI32.dll
0x00007ffffdc60000 - 0x00007ffffdcfd000 	C:\WINDOWS\System32\msvcrt.dll
0x00007fffff780000 - 0x00007fffff7db000 	C:\WINDOWS\System32\sechost.dll
0x00007fffff660000 - 0x00007fffff77f000 	C:\WINDOWS\System32\RPCRT4.dll
0x00007ffffdad0000 - 0x00007ffffdc5f000 	C:\WINDOWS\System32\USER32.dll
0x00007ffffcc20000 - 0x00007ffffcc40000 	C:\WINDOWS\System32\win32u.dll
0x00007ffffcf30000 - 0x00007ffffcf58000 	C:\WINDOWS\System32\GDI32.dll
0x00007ffffbf50000 - 0x00007ffffc0e3000 	C:\WINDOWS\System32\gdi32full.dll
0x00007ffffbeb0000 - 0x00007ffffbf4b000 	C:\WINDOWS\System32\msvcp_win.dll
0x00007ffffcb20000 - 0x00007ffffcc16000 	C:\WINDOWS\System32\ucrtbase.dll
0x00007ffff2500000 - 0x00007ffff2769000 	C:\WINDOWS\WinSxS\amd64_microsoft.windows.common-controls_6595b64144ccf1df_6.0.16299.192_none_15c8cdae9364c23b\COMCTL32.dll
0x00007ffffd7c0000 - 0x00007ffffdac8000 	C:\WINDOWS\System32\combase.dll
0x00007ffffcc40000 - 0x00007ffffccb2000 	C:\WINDOWS\System32\bcryptPrimitives.dll
0x00007fffff530000 - 0x00007fffff55d000 	C:\WINDOWS\System32\IMM32.DLL
0x0000000054980000 - 0x0000000054a52000 	C:\Program Files\Android\Android Studio\jre\jre\bin\msvcr100.dll
0x0000000054b40000 - 0x000000005537e000 	C:\Program Files\Android\Android Studio\jre\jre\bin\server\jvm.dll
0x00007ffffd030000 - 0x00007ffffd038000 	C:\WINDOWS\System32\PSAPI.DLL
0x00007ffff8da0000 - 0x00007ffff8da9000 	C:\WINDOWS\SYSTEM32\WSOCK32.dll
0x00007ffffde10000 - 0x00007ffffde7c000 	C:\WINDOWS\System32\WS2_32.dll
0x00007fffed7f0000 - 0x00007fffed813000 	C:\WINDOWS\SYSTEM32\WINMM.dll
0x00007ffff5200000 - 0x00007ffff520a000 	C:\WINDOWS\SYSTEM32\VERSION.dll
0x00007fffed7c0000 - 0x00007fffed7ea000 	C:\WINDOWS\SYSTEM32\WINMMBASE.dll
0x00007ffffbe60000 - 0x00007ffffbeaa000 	C:\WINDOWS\System32\cfgmgr32.dll
0x00007ffff8580000 - 0x00007ffff858f000 	C:\Program Files\Android\Android Studio\jre\jre\bin\verify.dll
0x00007fffef320000 - 0x00007fffef349000 	C:\Program Files\Android\Android Studio\jre\jre\bin\java.dll
0x00007fffef2b0000 - 0x00007fffef2c6000 	C:\Program Files\Android\Android Studio\jre\jre\bin\zip.dll
0x00007ffffde80000 - 0x00007fffff2b6000 	C:\WINDOWS\System32\SHELL32.dll
0x00007fffff7e0000 - 0x00007fffff886000 	C:\WINDOWS\System32\shcore.dll
0x00007ffffc200000 - 0x00007ffffc947000 	C:\WINDOWS\System32\windows.storage.dll
0x00007ffffddb0000 - 0x00007ffffde01000 	C:\WINDOWS\System32\shlwapi.dll
0x00007ffffbe40000 - 0x00007ffffbe51000 	C:\WINDOWS\System32\kernel.appcore.dll
0x00007ffffbdf0000 - 0x00007ffffbe3c000 	C:\WINDOWS\System32\powrprof.dll
0x00007ffffbdd0000 - 0x00007ffffbdeb000 	C:\WINDOWS\System32\profapi.dll

VM Arguments:
jvm_args: -Djava.awt.headless=true -Xmx1024M -Dfile.encoding=windows-1252 -Duser.country=ES -Duser.language=es -Duser.variant 
java_command: com.android.dx.command.Main --dex --num-threads=4 --output C:\Users\-\Desktop\TimeTracker\app\build\intermediates\pre-dexed\debug\classes_b46a4c1a30c93edf92a143ab0444928e23fc0533.jar C:\Users\-\.android\build-cache\79ebfa170189106c57941d9228a0f6c8f0d0b9f9\output\jars\classes.jar
java_class_path (initial): C:\Users\-\AppData\Local\Android\Sdk\build-tools\27.0.3\lib\dx.jar
Launcher Type: SUN_STANDARD

Environment Variables:
PATH=C:\WINDOWS\system32;C:\WINDOWS;C:\WINDOWS\System32\Wbem;C:\WINDOWS\System32\WindowsPowerShell\v1.0\;C:\Program Files (x86)\ATI Technologies\ATI.ACE\Core-Static;C:\Program Files (x86)\Skype\Phone\;C:\Python27;C:\Program Files\PuTTY\;C:\Program Files (x86)\Windows Live\Shared;C:\Program Files\Git\cmd;C:\HashiCorp\Vagrant\bin;C:\Users\-\Anaconda2;C:\Users\-\Anaconda2\Scripts;C:\Users\-\Anaconda2\Library\bin;C:\WINDOWS\system32;C:\WINDOWS;C:\WINDOWS\System32\Wbem;C:\WINDOWS\System32\WindowsPowerShell\v1.0\;C:\Program Files (x86)\ATI Technologies\ATI.ACE\Core-Static;C:\Program Files (x86)\Skype\Phone\;C:\Python27;C:\Program Files\PuTTY\;C:\Users\-\AppData\Local\Microsoft\WindowsApps;C:\Users\-\AppData\Local\atom\bin;C:\Python27\Scripts;C:\Users\-\AppData\Local\Microsoft\WindowsApps;C:\php;
USERNAME=-
OS=Windows_NT
PROCESSOR_IDENTIFIER=AMD64 Family 21 Model 16 Stepping 1, AuthenticAMD



---------------  S Y S T E M  ---------------

OS: Windows 10.0 , 64 bit Build 16299 (10.0.16299.15)

CPU:total 4 (initial active 4) (4 cores per cpu, 1 threads per core) family 21 model 16 stepping 1, cmov, cx8, fxsr, mmx, sse, sse2, sse3, ssse3, sse4.1, sse4.2, popcnt, avx, aes, clmul, mmxext, 3dnowpref, lzcnt, sse4a, tsc, tscinvbit, tscinv, bmi1

Memory: 4k page, physical 7548012k(1067804k free), swap 10693740k(4k free)

vm_info: OpenJDK 64-Bit Server VM (25.152-b01) for windows-amd64 JRE (1.8.0_152-release-915-b01), built by "builder" with MS VC++ 10.0 (VS2010)

time: Tue Jan 09 19:59:29 2018
elapsed time: 1 seconds (0d 0h 0m 1s)

