#
# There is insufficient memory for the Java Runtime Environment to continue.
# Native memory allocation (malloc) failed to allocate 32744 bytes for ChunkPool::allocate
# Possible reasons:
#   The system is out of physical RAM or swap space
#   In 32 bit mode, the process size limit was hit
# Possible solutions:
#   Reduce memory load on the system
#   Increase physical memory or swap space
#   Check if swap backing store is full
#   Use 64 bit Java on a 64 bit OS
#   Decrease Java heap size (-Xmx/-Xms)
#   Decrease number of Java threads
#   Decrease Java thread stack sizes (-Xss)
#   Set larger code cache with -XX:ReservedCodeCacheSize=
# This output file may be truncated or incomplete.
#
#  Out of Memory Error (allocation.cpp:273), pid=1044, tid=0x0000000000002d2c
#
# JRE version: OpenJDK Runtime Environment (8.0_152-b01) (build 1.8.0_152-release-915-b01)
# Java VM: OpenJDK 64-Bit Server VM (25.152-b01 mixed mode windows-amd64 compressed oops)
# Failed to write core dump. Minidumps are not enabled by default on client versions of Windows
#

---------------  T H R E A D  ---------------

Current thread (0x0000000016ad1000):  JavaThread "C2 CompilerThread1" daemon [_thread_in_native, id=11564, stack(0x0000000018210000,0x0000000018310000)]

Stack: [0x0000000018210000,0x0000000018310000]
[error occurred during error reporting (printing stack bounds), id 0xc0000005]

Native frames: (J=compiled Java code, j=interpreted, Vv=VM code, C=native code)


Current CompileTask:
C2:   2290 1158   !   4       com.android.dx.cf.code.BytecodeArray::parseInstruction (2796 bytes)


---------------  P R O C E S S  ---------------

Java Threads: ( => current thread )
  0x00000000185bd800 JavaThread "pool-2-thread-4" [_thread_in_vm, id=8732, stack(0x0000000018e10000,0x0000000018f10000)]
  0x00000000184e3800 JavaThread "pool-2-thread-3" [_thread_in_vm, id=772, stack(0x0000000018d10000,0x0000000018e10000)]
  0x000000001847e800 JavaThread "pool-2-thread-2" [_thread_blocked, id=9472, stack(0x0000000018c10000,0x0000000018d10000)]
  0x0000000018479800 JavaThread "pool-3-thread-1" [_thread_blocked, id=4648, stack(0x0000000018b10000,0x0000000018c10000)]
  0x0000000018479000 JavaThread "pool-2-thread-1" [_thread_in_Java, id=3888, stack(0x0000000018a10000,0x0000000018b10000)]
  0x0000000016ada000 JavaThread "Service Thread" daemon [_thread_blocked, id=5980, stack(0x0000000018810000,0x0000000018910000)]
  0x0000000016ad6000 JavaThread "C1 CompilerThread2" daemon [_thread_blocked, id=8888, stack(0x0000000018710000,0x0000000018810000)]
=>0x0000000016ad1000 JavaThread "C2 CompilerThread1" daemon [_thread_in_native, id=11564, stack(0x0000000018210000,0x0000000018310000)]
  0x0000000016a7c800 JavaThread "C2 CompilerThread0" daemon [_thread_in_native, id=4608, stack(0x0000000018110000,0x0000000018210000)]
  0x0000000016a7b000 JavaThread "Attach Listener" daemon [_thread_blocked, id=8412, stack(0x0000000018010000,0x0000000018110000)]
  0x0000000016a7a000 JavaThread "Signal Dispatcher" daemon [_thread_blocked, id=10876, stack(0x0000000017f10000,0x0000000018010000)]
  0x00000000043a7800 JavaThread "Finalizer" daemon [_thread_blocked, id=10124, stack(0x0000000017cf0000,0x0000000017df0000)]
  0x00000000043a2000 JavaThread "Reference Handler" daemon [_thread_blocked, id=3688, stack(0x0000000017bf0000,0x0000000017cf0000)]
  0x00000000041ae000 JavaThread "main" [_thread_blocked, id=9992, stack(0x00000000041b0000,0x00000000042b0000)]

Other Threads:
  0x0000000016a45800 VMThread [stack: 0x0000000017af0000,0x0000000017bf0000] [id=704]
  0x0000000016adc800 WatcherThread [stack: 0x0000000018910000,0x0000000018a10000] [id=9748]

VM state:not at safepoint (normal execution)

VM Mutex/Monitor currently owned by a thread: None

Heap:
 PSYoungGen      total 34816K, used 16555K [0x00000000eab00000, 0x00000000ed180000, 0x0000000100000000)
  eden space 30208K, 39% used [0x00000000eab00000,0x00000000eb6b2278,0x00000000ec880000)
  from space 4608K, 99% used [0x00000000ec880000,0x00000000eccf8a18,0x00000000ecd00000)
  to   space 4608K, 0% used [0x00000000ecd00000,0x00000000ecd00000,0x00000000ed180000)
 ParOldGen       total 79360K, used 1936K [0x00000000c0000000, 0x00000000c4d80000, 0x00000000eab00000)
  object space 79360K, 2% used [0x00000000c0000000,0x00000000c01e4210,0x00000000c4d80000)
 Metaspace       used 5899K, capacity 6960K, committed 7040K, reserved 1056768K
  class space    used 577K, capacity 616K, committed 640K, reserved 1048576K

Card table byte_map: [0x0000000013770000,0x0000000013980000] byte_map_base: 0x0000000013170000

Marking Bits: (ParMarkBitMap*) 0x0000000055303950
 Begin Bits: [0x0000000013ee0000, 0x0000000014ee0000)
 End Bits:   [0x0000000014ee0000, 0x0000000015ee0000)

Polling page: 0x0000000004150000

CodeCache: size=245760Kb used=4918Kb max_used=4929Kb free=240841Kb
 bounds [0x00000000043b0000, 0x0000000004890000, 0x00000000133b0000]
 total_blobs=1455 nmethods=1193 adapters=177
 compilation: enabled

Compilation events (10 events):
Event: 2.156 Thread 0x0000000016ad6000 1198       3       com.android.dx.dex.cf.AttributeTranslator::getAnnotations0 (62 bytes)
Event: 2.156 Thread 0x0000000016ad6000 nmethod 1198 0x0000000004880650 code [0x00000000048808a0, 0x0000000004881738]
Event: 2.156 Thread 0x0000000016ad6000 1199       3       com.android.dx.dex.cf.AttributeTranslator::getSignature (26 bytes)
Event: 2.156 Thread 0x0000000016ad6000 nmethod 1199 0x0000000004883250 code [0x00000000048833e0, 0x0000000004883798]
Event: 2.156 Thread 0x0000000016a7c800 nmethod 1161 0x00000000048797d0 code [0x0000000004879920, 0x0000000004879b38]
Event: 2.156 Thread 0x0000000016a7c800 1182       4       com.android.dx.util.FixedSizeList::hashCode (8 bytes)
Event: 2.160 Thread 0x0000000016a7c800 nmethod 1182 0x0000000004885210 code [0x0000000004885360, 0x00000000048855b8]
Event: 2.160 Thread 0x0000000016a7c800 1179   !   4       com.android.dx.cf.code.BaseMachine::arg (36 bytes)
Event: 2.161 Thread 0x0000000016a7c800 nmethod 1179 0x0000000004851e10 code [0x0000000004851f40, 0x0000000004851ff8]
Event: 2.161 Thread 0x0000000016a7c800 1139       4       com.android.dx.ssa.SCCP::simulateStmt (481 bytes)

GC Heap History (2 events):
Event: 1.819 GC heap before
{Heap before GC invocations=1 (full 0):
 PSYoungGen      total 34816K, used 30208K [0x00000000eab00000, 0x00000000ed180000, 0x0000000100000000)
  eden space 30208K, 100% used [0x00000000eab00000,0x00000000ec880000,0x00000000ec880000)
  from space 4608K, 0% used [0x00000000ecd00000,0x00000000ecd00000,0x00000000ed180000)
  to   space 4608K, 0% used [0x00000000ec880000,0x00000000ec880000,0x00000000ecd00000)
 ParOldGen       total 79360K, used 0K [0x00000000c0000000, 0x00000000c4d80000, 0x00000000eab00000)
  object space 79360K, 0% used [0x00000000c0000000,0x00000000c0000000,0x00000000c4d80000)
 Metaspace       used 5845K, capacity 6896K, committed 7040K, reserved 1056768K
  class space    used 577K, capacity 616K, committed 640K, reserved 1048576K
Event: 1.839 GC heap after
Heap after GC invocations=1 (full 0):
 PSYoungGen      total 34816K, used 4578K [0x00000000eab00000, 0x00000000ed180000, 0x0000000100000000)
  eden space 30208K, 0% used [0x00000000eab00000,0x00000000eab00000,0x00000000ec880000)
  from space 4608K, 99% used [0x00000000ec880000,0x00000000eccf8a18,0x00000000ecd00000)
  to   space 4608K, 0% used [0x00000000ecd00000,0x00000000ecd00000,0x00000000ed180000)
 ParOldGen       total 79360K, used 1936K [0x00000000c0000000, 0x00000000c4d80000, 0x00000000eab00000)
  object space 79360K, 2% used [0x00000000c0000000,0x00000000c01e4210,0x00000000c4d80000)
 Metaspace       used 5845K, capacity 6896K, committed 7040K, reserved 1056768K
  class space    used 577K, capacity 616K, committed 640K, reserved 1048576K
}

Deoptimization events (10 events):
Event: 1.693 Thread 0x00000000185bd800 Uncommon trap: reason=class_check action=maybe_recompile pc=0x00000000047bcdb8 method=com.android.dx.ssa.NormalSsaInsn.accept(Lcom/android/dx/ssa/SsaInsn$Visitor;)V @ 9
Event: 1.693 Thread 0x00000000185bd800 Uncommon trap: reason=class_check action=maybe_recompile pc=0x00000000047bcdb8 method=com.android.dx.ssa.NormalSsaInsn.accept(Lcom/android/dx/ssa/SsaInsn$Visitor;)V @ 9
Event: 1.693 Thread 0x00000000185bd800 Uncommon trap: reason=class_check action=maybe_recompile pc=0x00000000047bcdb8 method=com.android.dx.ssa.NormalSsaInsn.accept(Lcom/android/dx/ssa/SsaInsn$Visitor;)V @ 9
Event: 1.698 Thread 0x0000000018479000 Uncommon trap: reason=bimorphic action=maybe_recompile pc=0x0000000004631ca8 method=java.util.HashMap.getNode(ILjava/lang/Object;)Ljava/util/HashMap$Node; @ 126
Event: 1.720 Thread 0x00000000185bd800 Uncommon trap: reason=unstable_if action=reinterpret pc=0x0000000004787f28 method=com.android.dx.ssa.SsaRenamer$BlockRenamer.addMapping(ILcom/android/dx/rop/code/RegisterSpec;)V @ 120
Event: 1.735 Thread 0x000000001847e800 Uncommon trap: reason=null_check action=make_not_entrant pc=0x00000000047adfa0 method=com.android.dx.rop.type.Type.equals(Ljava/lang/Object;)Z @ 8
Event: 1.738 Thread 0x000000001847e800 Uncommon trap: reason=unstable_if action=reinterpret pc=0x000000000475ec30 method=com.android.dx.cf.code.Ropper.labelToResultIndex(I)I @ 34
Event: 2.093 Thread 0x000000001847e800 Uncommon trap: reason=unstable_if action=reinterpret pc=0x000000000482221c method=com.android.dx.util.LabeledList.set(ILcom/android/dx/util/LabeledItem;)V @ 16
Event: 2.099 Thread 0x00000000185bd800 Uncommon trap: reason=bimorphic action=maybe_recompile pc=0x0000000004631ca8 method=java.util.HashMap.getNode(ILjava/lang/Object;)Ljava/util/HashMap$Node; @ 126
Event: 2.099 Thread 0x00000000185bd800 Uncommon trap: reason=class_check action=maybe_recompile pc=0x00000000047f7cac method=java.util.HashMap.putVal(ILjava/lang/Object;Ljava/lang/Object;ZZ)Ljava/lang/Object; @ 203

Classes redefined (0 events):
No events

Internal exceptions (4 events):
Event: 0.143 Thread 0x00000000041ae000 Exception <a 'java/lang/NoSuchMethodError': Method sun.misc.Unsafe.defineClass(Ljava/lang/String;[BII)Ljava/lang/Class; name or signature does not match> (0x00000000eab07ca8) thrown at [D:\src\AOSP-openjdk-cygwin\jdk8u\hotspot\src\share\vm\prims\jni.cpp, 
Event: 0.143 Thread 0x00000000041ae000 Exception <a 'java/lang/NoSuchMethodError': Method sun.misc.Unsafe.prefetchRead(Ljava/lang/Object;J)V name or signature does not match> (0x00000000eab07f90) thrown at [D:\src\AOSP-openjdk-cygwin\jdk8u\hotspot\src\share\vm\prims\jni.cpp, line 4011]
Event: 1.645 Thread 0x000000001847e800 Implicit null exception at 0x00000000046ae03a to 0x00000000046b00ed
Event: 1.735 Thread 0x000000001847e800 Implicit null exception at 0x00000000047adea2 to 0x00000000047adf92

Events (10 events):
Event: 2.099 Thread 0x00000000185bd800 DEOPT UNPACKING pc=0x00000000043f556a sp=0x0000000018f0e998 mode 2
Event: 2.099 Thread 0x00000000185bd800 Uncommon trap: trap_request=0xffffffde fr.pc=0x00000000047f7cac
Event: 2.099 Thread 0x00000000185bd800 DEOPT PACKING pc=0x00000000047f7cac sp=0x0000000018f0e9b0
Event: 2.099 Thread 0x00000000185bd800 DEOPT UNPACKING pc=0x00000000043f556a sp=0x0000000018f0e928 mode 2
Event: 2.105 Thread 0x00000000184e3800 DEOPT PACKING pc=0x00000000046d09b6 sp=0x0000000018e0e870
Event: 2.105 Thread 0x00000000184e3800 DEOPT UNPACKING pc=0x00000000043f71bf sp=0x0000000018e0e650 mode 0
Event: 2.142 loading class com/android/dx/dex/file/MethodAnnotationStruct
Event: 2.142 loading class com/android/dx/dex/file/MethodAnnotationStruct done
Event: 2.144 Thread 0x0000000018479000 DEOPT PACKING pc=0x00000000047f9342 sp=0x0000000018b0e7e0
Event: 2.144 Thread 0x0000000018479000 DEOPT UNPACKING pc=0x00000000043f71bf sp=0x0000000018b0e548 mode 0


Dynamic libraries:
0x00007ff673fb0000 - 0x00007ff673fe1000 	C:\Program Files\Android\Android Studio\jre\bin\java.exe
0x00007fffffa60000 - 0x00007fffffc40000 	C:\WINDOWS\SYSTEM32\ntdll.dll
0x00007ffffd040000 - 0x00007ffffd0ee000 	C:\WINDOWS\System32\KERNEL32.DLL
0x00007ffffccc0000 - 0x00007ffffcf26000 	C:\WINDOWS\System32\KERNELBASE.dll
0x00007ffffdd00000 - 0x00007ffffdda1000 	C:\WINDOWS\System32\ADVAPI32.dll
0x00007ffffdc60000 - 0x00007ffffdcfd000 	C:\WINDOWS\System32\msvcrt.dll
0x00007fffff780000 - 0x00007fffff7db000 	C:\WINDOWS\System32\sechost.dll
0x00007fffff660000 - 0x00007fffff77f000 	C:\WINDOWS\System32\RPCRT4.dll
0x00007ffffdad0000 - 0x00007ffffdc5f000 	C:\WINDOWS\System32\USER32.dll
0x00007ffffcc20000 - 0x00007ffffcc40000 	C:\WINDOWS\System32\win32u.dll
0x00007ffffcf30000 - 0x00007ffffcf58000 	C:\WINDOWS\System32\GDI32.dll
0x00007ffffbf50000 - 0x00007ffffc0e3000 	C:\WINDOWS\System32\gdi32full.dll
0x00007ffffbeb0000 - 0x00007ffffbf4b000 	C:\WINDOWS\System32\msvcp_win.dll
0x00007ffffcb20000 - 0x00007ffffcc16000 	C:\WINDOWS\System32\ucrtbase.dll
0x00007ffff2500000 - 0x00007ffff2769000 	C:\WINDOWS\WinSxS\amd64_microsoft.windows.common-controls_6595b64144ccf1df_6.0.16299.192_none_15c8cdae9364c23b\COMCTL32.dll
0x00007ffffd7c0000 - 0x00007ffffdac8000 	C:\WINDOWS\System32\combase.dll
0x00007ffffcc40000 - 0x00007ffffccb2000 	C:\WINDOWS\System32\bcryptPrimitives.dll
0x00007fffff530000 - 0x00007fffff55d000 	C:\WINDOWS\System32\IMM32.DLL
0x0000000054980000 - 0x0000000054a52000 	C:\Program Files\Android\Android Studio\jre\jre\bin\msvcr100.dll
0x0000000054b40000 - 0x000000005537e000 	C:\Program Files\Android\Android Studio\jre\jre\bin\server\jvm.dll
0x00007ffffd030000 - 0x00007ffffd038000 	C:\WINDOWS\System32\PSAPI.DLL
0x00007ffff8da0000 - 0x00007ffff8da9000 	C:\WINDOWS\SYSTEM32\WSOCK32.dll
0x00007ffffde10000 - 0x00007ffffde7c000 	C:\WINDOWS\System32\WS2_32.dll
0x00007fffed7f0000 - 0x00007fffed813000 	C:\WINDOWS\SYSTEM32\WINMM.dll
0x00007ffff5200000 - 0x00007ffff520a000 	C:\WINDOWS\SYSTEM32\VERSION.dll
0x00007fffed7c0000 - 0x00007fffed7ea000 	C:\WINDOWS\SYSTEM32\WINMMBASE.dll
0x00007ffffbe60000 - 0x00007ffffbeaa000 	C:\WINDOWS\System32\cfgmgr32.dll
0x00007ffff8580000 - 0x00007ffff858f000 	C:\Program Files\Android\Android Studio\jre\jre\bin\verify.dll
0x00007fffef320000 - 0x00007fffef349000 	C:\Program Files\Android\Android Studio\jre\jre\bin\java.dll
0x00007fffef2b0000 - 0x00007fffef2c6000 	C:\Program Files\Android\Android Studio\jre\jre\bin\zip.dll
0x00007ffffde80000 - 0x00007fffff2b6000 	C:\WINDOWS\System32\SHELL32.dll
0x00007fffff7e0000 - 0x00007fffff886000 	C:\WINDOWS\System32\shcore.dll
0x00007ffffc200000 - 0x00007ffffc947000 	C:\WINDOWS\System32\windows.storage.dll
0x00007ffffddb0000 - 0x00007ffffde01000 	C:\WINDOWS\System32\shlwapi.dll
0x00007ffffbe40000 - 0x00007ffffbe51000 	C:\WINDOWS\System32\kernel.appcore.dll
0x00007ffffbdf0000 - 0x00007ffffbe3c000 	C:\WINDOWS\System32\powrprof.dll
0x00007ffffbdd0000 - 0x00007ffffbdeb000 	C:\WINDOWS\System32\profapi.dll

VM Arguments:
jvm_args: -Djava.awt.headless=true -Xmx1024M -Dfile.encoding=windows-1252 -Duser.country=ES -Duser.language=es -Duser.variant 
java_command: com.android.dx.command.Main --dex --force-jumbo --num-threads=4 --multi-dex --output C:\Users\-\Desktop\TimeTracker\app\build\intermediates\transforms\dex\debug\folders\1000\5\slice_7 C:\Users\-\Desktop\TimeTracker\app\build\intermediates\transforms\instantRunSlicer\debug\folders\1\5\slice_7
java_class_path (initial): C:\Users\-\AppData\Local\Android\Sdk\build-tools\27.0.3\lib\dx.jar
Launcher Type: SUN_STANDARD

Environment Variables:
PATH=C:\WINDOWS\system32;C:\WINDOWS;C:\WINDOWS\System32\Wbem;C:\WINDOWS\System32\WindowsPowerShell\v1.0\;C:\Program Files (x86)\ATI Technologies\ATI.ACE\Core-Static;C:\Program Files (x86)\Skype\Phone\;C:\Python27;C:\Program Files\PuTTY\;C:\Program Files (x86)\Windows Live\Shared;C:\Program Files\Git\cmd;C:\HashiCorp\Vagrant\bin;C:\Users\-\Anaconda2;C:\Users\-\Anaconda2\Scripts;C:\Users\-\Anaconda2\Library\bin;C:\WINDOWS\system32;C:\WINDOWS;C:\WINDOWS\System32\Wbem;C:\WINDOWS\System32\WindowsPowerShell\v1.0\;C:\Program Files (x86)\ATI Technologies\ATI.ACE\Core-Static;C:\Program Files (x86)\Skype\Phone\;C:\Python27;C:\Program Files\PuTTY\;C:\Users\-\AppData\Local\Microsoft\WindowsApps;C:\Users\-\AppData\Local\atom\bin;C:\Python27\Scripts;C:\Users\-\AppData\Local\Microsoft\WindowsApps;C:\php;
USERNAME=-
OS=Windows_NT
PROCESSOR_IDENTIFIER=AMD64 Family 21 Model 16 Stepping 1, AuthenticAMD



---------------  S Y S T E M  ---------------

OS: Windows 10.0 , 64 bit Build 16299 (10.0.16299.15)

CPU:total 4 (initial active 4) (4 cores per cpu, 1 threads per core) family 21 model 16 stepping 1, cmov, cx8, fxsr, mmx, sse, sse2, sse3, ssse3, sse4.1, sse4.2, popcnt, avx, aes, clmul, mmxext, 3dnowpref, lzcnt, sse4a, tsc, tscinvbit, tscinv, bmi1

Memory: 4k page, physical 7548012k(747944k free), swap 10693740k(5212k free)

vm_info: OpenJDK 64-Bit Server VM (25.152-b01) for windows-amd64 JRE (1.8.0_152-release-915-b01), built by "builder" with MS VC++ 10.0 (VS2010)

time: Tue Jan 09 20:55:48 2018
elapsed time: 2 seconds (0d 0h 0m 2s)

