#
# There is insufficient memory for the Java Runtime Environment to continue.
# Native memory allocation (malloc) failed to allocate 237216 bytes for Chunk::new
# Possible reasons:
#   The system is out of physical RAM or swap space
#   In 32 bit mode, the process size limit was hit
# Possible solutions:
#   Reduce memory load on the system
#   Increase physical memory or swap space
#   Check if swap backing store is full
#   Use 64 bit Java on a 64 bit OS
#   Decrease Java heap size (-Xmx/-Xms)
#   Decrease number of Java threads
#   Decrease Java thread stack sizes (-Xss)
#   Set larger code cache with -XX:ReservedCodeCacheSize=
# This output file may be truncated or incomplete.
#
#  Out of Memory Error (allocation.cpp:390), pid=6580, tid=0x0000000000000354
#
# JRE version: OpenJDK Runtime Environment (8.0_152-b01) (build 1.8.0_152-release-915-b01)
# Java VM: OpenJDK 64-Bit Server VM (25.152-b01 mixed mode windows-amd64 compressed oops)
# Failed to write core dump. Minidumps are not enabled by default on client versions of Windows
#

---------------  T H R E A D  ---------------

Current thread (0x0000000016c5d800):  JavaThread "C2 CompilerThread0" daemon [_thread_in_native, id=852, stack(0x00000000182d0000,0x00000000183d0000)]

Stack: [0x00000000182d0000,0x00000000183d0000]
[error occurred during error reporting (printing stack bounds), id 0xc0000005]

Native frames: (J=compiled Java code, j=interpreted, Vv=VM code, C=native code)


Current CompileTask:
C2:   1084  683   !   4       com.android.dx.cf.cst.ConstantPoolParser::parse0 (1008 bytes)


---------------  P R O C E S S  ---------------

Java Threads: ( => current thread )
  0x0000000018740000 JavaThread "pool-1-thread-4" [_thread_blocked, id=6644, stack(0x0000000018fd0000,0x00000000190d0000)]
  0x00000000186f7000 JavaThread "pool-1-thread-3" [_thread_blocked, id=12624, stack(0x0000000018ed0000,0x0000000018fd0000)]
  0x0000000018630000 JavaThread "pool-1-thread-2" [_thread_blocked, id=6360, stack(0x0000000018dd0000,0x0000000018ed0000)]
  0x0000000018627000 JavaThread "pool-2-thread-1" [_thread_blocked, id=10704, stack(0x0000000018cd0000,0x0000000018dd0000)]
  0x0000000018621000 JavaThread "pool-1-thread-1" [_thread_in_Java, id=9268, stack(0x0000000018bd0000,0x0000000018cd0000)]
  0x00000000184dd000 JavaThread "Service Thread" daemon [_thread_blocked, id=6016, stack(0x00000000189d0000,0x0000000018ad0000)]
  0x00000000184d8800 JavaThread "C1 CompilerThread2" daemon [_thread_in_native, id=12860, stack(0x00000000188d0000,0x00000000189d0000)]
  0x0000000016c60800 JavaThread "C2 CompilerThread1" daemon [_thread_in_native, id=9316, stack(0x00000000183d0000,0x00000000184d0000)]
=>0x0000000016c5d800 JavaThread "C2 CompilerThread0" daemon [_thread_in_native, id=852, stack(0x00000000182d0000,0x00000000183d0000)]
  0x0000000016c5c000 JavaThread "Attach Listener" daemon [_thread_blocked, id=4192, stack(0x00000000181d0000,0x00000000182d0000)]
  0x0000000016c5a800 JavaThread "Signal Dispatcher" daemon [_thread_blocked, id=3520, stack(0x00000000180d0000,0x00000000181d0000)]
  0x000000000458c800 JavaThread "Finalizer" daemon [_thread_blocked, id=4256, stack(0x0000000017ec0000,0x0000000017fc0000)]
  0x0000000004582000 JavaThread "Reference Handler" daemon [_thread_blocked, id=4552, stack(0x0000000017dc0000,0x0000000017ec0000)]
  0x00000000042be000 JavaThread "main" [_thread_blocked, id=13084, stack(0x0000000004390000,0x0000000004490000)]

Other Threads:
  0x0000000016c25800 VMThread [stack: 0x0000000017cc0000,0x0000000017dc0000] [id=13220]
  0x00000000184df800 WatcherThread [stack: 0x0000000018ad0000,0x0000000018bd0000] [id=7232]

VM state:not at safepoint (normal execution)

VM Mutex/Monitor currently owned by a thread: None

Heap:
 PSYoungGen      total 34816K, used 14849K [0x00000000eab00000, 0x00000000ed180000, 0x0000000100000000)
  eden space 30208K, 49% used [0x00000000eab00000,0x00000000eb9806f8,0x00000000ec880000)
  from space 4608K, 0% used [0x00000000ecd00000,0x00000000ecd00000,0x00000000ed180000)
  to   space 4608K, 0% used [0x00000000ec880000,0x00000000ec880000,0x00000000ecd00000)
 ParOldGen       total 79360K, used 0K [0x00000000c0000000, 0x00000000c4d80000, 0x00000000eab00000)
  object space 79360K, 0% used [0x00000000c0000000,0x00000000c0000000,0x00000000c4d80000)
 Metaspace       used 5519K, capacity 6640K, committed 6784K, reserved 1056768K
  class space    used 568K, capacity 616K, committed 640K, reserved 1048576K

Card table byte_map: [0x0000000013950000,0x0000000013b60000] byte_map_base: 0x0000000013350000

Marking Bits: (ParMarkBitMap*) 0x0000000055303950
 Begin Bits: [0x00000000140c0000, 0x00000000150c0000)
 End Bits:   [0x00000000150c0000, 0x00000000160c0000)

Polling page: 0x0000000002690000

CodeCache: size=245760Kb used=2741Kb max_used=2741Kb free=243018Kb
 bounds [0x0000000004590000, 0x0000000004840000, 0x0000000013590000]
 total_blobs=955 nmethods=694 adapters=176
 compilation: enabled

Compilation events (10 events):
Event: 1.077 Thread 0x00000000184d8800 nmethod 691 0x000000000483e190 code [0x000000000483e3e0, 0x000000000483f608]
Event: 1.078 Thread 0x00000000184d8800  694       3       com.android.dx.ssa.SsaMethod::forEachInsn (36 bytes)
Event: 1.078 Thread 0x00000000184d8800 nmethod 694 0x000000000483b2d0 code [0x000000000483b480, 0x000000000483bad8]
Event: 1.078 Thread 0x00000000184d8800  695       3       com.android.dx.cf.code.BasicBlocker::visitCommon (34 bytes)
Event: 1.079 Thread 0x00000000184d8800 nmethod 695 0x000000000483d6d0 code [0x000000000483d880, 0x000000000483dd90]
Event: 1.079 Thread 0x00000000184d8800  697       3       com.android.dx.cf.code.BasicBlocker::addWorkIfNecessary (32 bytes)
Event: 1.079 Thread 0x00000000184d8800 nmethod 697 0x000000000483aa50 code [0x000000000483abe0, 0x000000000483afb0]
Event: 1.079 Thread 0x00000000184d8800  696       3       com.android.dx.cf.code.BasicBlocker::setPreviousOffset (6 bytes)
Event: 1.079 Thread 0x00000000184d8800 nmethod 696 0x000000000483d390 code [0x000000000483d4e0, 0x000000000483d630]
Event: 1.080 Thread 0x00000000184d8800  699   !   3       com.android.dx.cf.code.RopperMachine::run (1608 bytes)

GC Heap History (0 events):
No events

Deoptimization events (10 events):
Event: 0.785 Thread 0x0000000018630000 Uncommon trap: reason=class_check action=maybe_recompile pc=0x0000000004744d34 method=com.android.dx.rop.cst.Constant.compareTo(Ljava/lang/Object;)I @ 2
Event: 0.785 Thread 0x0000000018630000 Uncommon trap: reason=class_check action=maybe_recompile pc=0x0000000004744d34 method=com.android.dx.rop.cst.Constant.compareTo(Ljava/lang/Object;)I @ 2
Event: 0.785 Thread 0x0000000018630000 Uncommon trap: reason=class_check action=maybe_recompile pc=0x0000000004744d34 method=com.android.dx.rop.cst.Constant.compareTo(Ljava/lang/Object;)I @ 2
Event: 0.785 Thread 0x0000000018630000 Uncommon trap: reason=unstable_if action=reinterpret pc=0x0000000004742214 method=com.android.dx.rop.cst.CstMemberRef.compareTo0(Lcom/android/dx/rop/cst/Constant;)I @ 18
Event: 0.917 Thread 0x00000000042be000 Uncommon trap: reason=speculate_class_check action=maybe_recompile pc=0x000000000476abcc method=com.android.dx.rop.cst.Constant.compareTo(Lcom/android/dx/rop/cst/Constant;)I @ 29
Event: 0.917 Thread 0x0000000018621000 Uncommon trap: reason=speculate_class_check action=maybe_recompile pc=0x000000000476abcc method=com.android.dx.rop.cst.Constant.compareTo(Lcom/android/dx/rop/cst/Constant;)I @ 29
Event: 0.917 Thread 0x0000000018621000 Uncommon trap: reason=speculate_class_check action=maybe_recompile pc=0x000000000476abcc method=com.android.dx.rop.cst.Constant.compareTo(Lcom/android/dx/rop/cst/Constant;)I @ 29
Event: 0.917 Thread 0x0000000018621000 Uncommon trap: reason=speculate_class_check action=maybe_recompile pc=0x000000000476abcc method=com.android.dx.rop.cst.Constant.compareTo(Lcom/android/dx/rop/cst/Constant;)I @ 29
Event: 1.024 Thread 0x00000000042be000 Uncommon trap: reason=unstable_if action=reinterpret pc=0x00000000047e3ae0 method=com.android.dx.rop.cst.CstFieldRef.compareTo0(Lcom/android/dx/rop/cst/Constant;)I @ 7
Event: 1.024 Thread 0x00000000042be000 Uncommon trap: reason=unstable_if action=reinterpret pc=0x00000000047671d4 method=com.android.dx.rop.cst.CstFieldRef.compareTo0(Lcom/android/dx/rop/cst/Constant;)I @ 7

Classes redefined (0 events):
No events

Internal exceptions (2 events):
Event: 0.058 Thread 0x00000000042be000 Exception <a 'java/lang/NoSuchMethodError': Method sun.misc.Unsafe.defineClass(Ljava/lang/String;[BII)Ljava/lang/Class; name or signature does not match> (0x00000000eab07ca8) thrown at [D:\src\AOSP-openjdk-cygwin\jdk8u\hotspot\src\share\vm\prims\jni.cpp, 
Event: 0.058 Thread 0x00000000042be000 Exception <a 'java/lang/NoSuchMethodError': Method sun.misc.Unsafe.prefetchRead(Ljava/lang/Object;J)V name or signature does not match> (0x00000000eab07f90) thrown at [D:\src\AOSP-openjdk-cygwin\jdk8u\hotspot\src\share\vm\prims\jni.cpp, line 4011]

Events (10 events):
Event: 0.917 Thread 0x0000000018621000 Uncommon trap: trap_request=0xffffff76 fr.pc=0x000000000476abcc
Event: 0.917 loading class com/android/dx/cf/code/BytecodeArray$ConstantParserVisitor done
Event: 0.917 Thread 0x0000000018621000 DEOPT PACKING pc=0x000000000476abcc sp=0x0000000018ccee90
Event: 0.917 Thread 0x0000000018621000 DEOPT UNPACKING pc=0x00000000045d556a sp=0x0000000018ccedc0 mode 2
Event: 1.024 Thread 0x00000000042be000 Uncommon trap: trap_request=0xffffff65 fr.pc=0x00000000047e3ae0
Event: 1.024 Thread 0x00000000042be000 DEOPT PACKING pc=0x00000000047e3ae0 sp=0x000000000448e410
Event: 1.024 Thread 0x00000000042be000 DEOPT UNPACKING pc=0x00000000045d556a sp=0x000000000448e260 mode 2
Event: 1.024 Thread 0x00000000042be000 Uncommon trap: trap_request=0xffffff65 fr.pc=0x00000000047671d4
Event: 1.024 Thread 0x00000000042be000 DEOPT PACKING pc=0x00000000047671d4 sp=0x000000000448e340
Event: 1.024 Thread 0x00000000042be000 DEOPT UNPACKING pc=0x00000000045d556a sp=0x000000000448e2c8 mode 2


Dynamic libraries:
0x00007ff673fb0000 - 0x00007ff673fe1000 	C:\Program Files\Android\Android Studio\jre\bin\java.exe
0x00007fffffa60000 - 0x00007fffffc40000 	C:\WINDOWS\SYSTEM32\ntdll.dll
0x00007ffffd040000 - 0x00007ffffd0ee000 	C:\WINDOWS\System32\KERNEL32.DLL
0x00007ffffccc0000 - 0x00007ffffcf26000 	C:\WINDOWS\System32\KERNELBASE.dll
0x00007ffffdd00000 - 0x00007ffffdda1000 	C:\WINDOWS\System32\ADVAPI32.dll
0x00007ffffdc60000 - 0x00007ffffdcfd000 	C:\WINDOWS\System32\msvcrt.dll
0x00007fffff780000 - 0x00007fffff7db000 	C:\WINDOWS\System32\sechost.dll
0x00007fffff660000 - 0x00007fffff77f000 	C:\WINDOWS\System32\RPCRT4.dll
0x00007ffffdad0000 - 0x00007ffffdc5f000 	C:\WINDOWS\System32\USER32.dll
0x00007ffffcc20000 - 0x00007ffffcc40000 	C:\WINDOWS\System32\win32u.dll
0x00007ffffcf30000 - 0x00007ffffcf58000 	C:\WINDOWS\System32\GDI32.dll
0x00007ffffbf50000 - 0x00007ffffc0e3000 	C:\WINDOWS\System32\gdi32full.dll
0x00007ffffbeb0000 - 0x00007ffffbf4b000 	C:\WINDOWS\System32\msvcp_win.dll
0x00007ffffcb20000 - 0x00007ffffcc16000 	C:\WINDOWS\System32\ucrtbase.dll
0x00007ffff2500000 - 0x00007ffff2769000 	C:\WINDOWS\WinSxS\amd64_microsoft.windows.common-controls_6595b64144ccf1df_6.0.16299.192_none_15c8cdae9364c23b\COMCTL32.dll
0x00007ffffd7c0000 - 0x00007ffffdac8000 	C:\WINDOWS\System32\combase.dll
0x00007ffffcc40000 - 0x00007ffffccb2000 	C:\WINDOWS\System32\bcryptPrimitives.dll
0x00007fffff530000 - 0x00007fffff55d000 	C:\WINDOWS\System32\IMM32.DLL
0x0000000054980000 - 0x0000000054a52000 	C:\Program Files\Android\Android Studio\jre\jre\bin\msvcr100.dll
0x0000000054b40000 - 0x000000005537e000 	C:\Program Files\Android\Android Studio\jre\jre\bin\server\jvm.dll
0x00007ffffd030000 - 0x00007ffffd038000 	C:\WINDOWS\System32\PSAPI.DLL
0x00007ffff8da0000 - 0x00007ffff8da9000 	C:\WINDOWS\SYSTEM32\WSOCK32.dll
0x00007ffffde10000 - 0x00007ffffde7c000 	C:\WINDOWS\System32\WS2_32.dll
0x00007fffed7f0000 - 0x00007fffed813000 	C:\WINDOWS\SYSTEM32\WINMM.dll
0x00007ffff5200000 - 0x00007ffff520a000 	C:\WINDOWS\SYSTEM32\VERSION.dll
0x00007fffed7c0000 - 0x00007fffed7ea000 	C:\WINDOWS\SYSTEM32\WINMMBASE.dll
0x00007ffffbe60000 - 0x00007ffffbeaa000 	C:\WINDOWS\System32\cfgmgr32.dll
0x00007ffff8580000 - 0x00007ffff858f000 	C:\Program Files\Android\Android Studio\jre\jre\bin\verify.dll
0x00007fffef320000 - 0x00007fffef349000 	C:\Program Files\Android\Android Studio\jre\jre\bin\java.dll
0x00007fffef2b0000 - 0x00007fffef2c6000 	C:\Program Files\Android\Android Studio\jre\jre\bin\zip.dll
0x00007ffffde80000 - 0x00007fffff2b6000 	C:\WINDOWS\System32\SHELL32.dll
0x00007fffff7e0000 - 0x00007fffff886000 	C:\WINDOWS\System32\shcore.dll
0x00007ffffc200000 - 0x00007ffffc947000 	C:\WINDOWS\System32\windows.storage.dll
0x00007ffffddb0000 - 0x00007ffffde01000 	C:\WINDOWS\System32\shlwapi.dll
0x00007ffffbe40000 - 0x00007ffffbe51000 	C:\WINDOWS\System32\kernel.appcore.dll
0x00007ffffbdf0000 - 0x00007ffffbe3c000 	C:\WINDOWS\System32\powrprof.dll
0x00007ffffbdd0000 - 0x00007ffffbdeb000 	C:\WINDOWS\System32\profapi.dll

VM Arguments:
jvm_args: -Djava.awt.headless=true -Xmx1024M -Dfile.encoding=windows-1252 -Duser.country=ES -Duser.language=es -Duser.variant 
java_command: com.android.dx.command.Main --dex --num-threads=4 --output C:\Users\-\Desktop\TimeTracker\app\build\intermediates\pre-dexed\debug\debug_0379797dac57d8caa46c9ea9c5187562766e2bfe.jar C:\Users\-\Desktop\TimeTracker\app\build\intermediates\classes\debug
java_class_path (initial): C:\Users\-\AppData\Local\Android\Sdk\build-tools\27.0.3\lib\dx.jar
Launcher Type: SUN_STANDARD

Environment Variables:
PATH=C:\WINDOWS\system32;C:\WINDOWS;C:\WINDOWS\System32\Wbem;C:\WINDOWS\System32\WindowsPowerShell\v1.0\;C:\Program Files (x86)\ATI Technologies\ATI.ACE\Core-Static;C:\Program Files (x86)\Skype\Phone\;C:\Python27;C:\Program Files\PuTTY\;C:\Program Files (x86)\Windows Live\Shared;C:\Program Files\Git\cmd;C:\HashiCorp\Vagrant\bin;C:\Users\-\Anaconda2;C:\Users\-\Anaconda2\Scripts;C:\Users\-\Anaconda2\Library\bin;C:\WINDOWS\system32;C:\WINDOWS;C:\WINDOWS\System32\Wbem;C:\WINDOWS\System32\WindowsPowerShell\v1.0\;C:\Program Files (x86)\ATI Technologies\ATI.ACE\Core-Static;C:\Program Files (x86)\Skype\Phone\;C:\Python27;C:\Program Files\PuTTY\;C:\Users\-\AppData\Local\Microsoft\WindowsApps;C:\Users\-\AppData\Local\atom\bin;C:\Python27\Scripts;C:\Users\-\AppData\Local\Microsoft\WindowsApps;C:\php;
USERNAME=-
OS=Windows_NT
PROCESSOR_IDENTIFIER=AMD64 Family 21 Model 16 Stepping 1, AuthenticAMD



---------------  S Y S T E M  ---------------

OS: Windows 10.0 , 64 bit Build 16299 (10.0.16299.15)

CPU:total 4 (initial active 4) (4 cores per cpu, 1 threads per core) family 21 model 16 stepping 1, cmov, cx8, fxsr, mmx, sse, sse2, sse3, ssse3, sse4.1, sse4.2, popcnt, avx, aes, clmul, mmxext, 3dnowpref, lzcnt, sse4a, tsc, tscinvbit, tscinv, bmi1

Memory: 4k page, physical 7548012k(1082964k free), swap 10693740k(1544k free)

vm_info: OpenJDK 64-Bit Server VM (25.152-b01) for windows-amd64 JRE (1.8.0_152-release-915-b01), built by "builder" with MS VC++ 10.0 (VS2010)

time: Tue Jan 09 19:59:30 2018
elapsed time: 1 seconds (0d 0h 0m 1s)

