#
# There is insufficient memory for the Java Runtime Environment to continue.
# Native memory allocation (malloc) failed to allocate 32744 bytes for ChunkPool::allocate
# Possible reasons:
#   The system is out of physical RAM or swap space
#   In 32 bit mode, the process size limit was hit
# Possible solutions:
#   Reduce memory load on the system
#   Increase physical memory or swap space
#   Check if swap backing store is full
#   Use 64 bit Java on a 64 bit OS
#   Decrease Java heap size (-Xmx/-Xms)
#   Decrease number of Java threads
#   Decrease Java thread stack sizes (-Xss)
#   Set larger code cache with -XX:ReservedCodeCacheSize=
# This output file may be truncated or incomplete.
#
#  Out of Memory Error (allocation.cpp:273), pid=7596, tid=0x0000000000000c88
#
# JRE version: OpenJDK Runtime Environment (8.0_152-b01) (build 1.8.0_152-release-915-b01)
# Java VM: OpenJDK 64-Bit Server VM (25.152-b01 mixed mode windows-amd64 compressed oops)
# Failed to write core dump. Minidumps are not enabled by default on client versions of Windows
#

---------------  T H R E A D  ---------------

Current thread (0x000000001794c800):  JavaThread "C2 CompilerThread0" daemon [_thread_in_native, id=3208, stack(0x0000000018fc0000,0x00000000190c0000)]

Stack: [0x0000000018fc0000,0x00000000190c0000]
[error occurred during error reporting (printing stack bounds), id 0xc0000005]

Native frames: (J=compiled Java code, j=interpreted, Vv=VM code, C=native code)


Current CompileTask:
C2:   1160  571       4       java.util.ArrayList::add (29 bytes)


---------------  P R O C E S S  ---------------

Java Threads: ( => current thread )
  0x0000000019595000 JavaThread "pool-1-thread-4" [_thread_in_vm, id=9172, stack(0x0000000019cc0000,0x0000000019dc0000)]
  0x0000000019574800 JavaThread "pool-1-thread-3" [_thread_blocked, id=11328, stack(0x0000000019bc0000,0x0000000019cc0000)]
  0x0000000019431800 JavaThread "pool-1-thread-2" [_thread_blocked, id=12872, stack(0x0000000019ac0000,0x0000000019bc0000)]
  0x000000001942f000 JavaThread "pool-2-thread-1" [_thread_blocked, id=8312, stack(0x00000000199c0000,0x0000000019ac0000)]
  0x000000001942e000 JavaThread "pool-1-thread-1" [_thread_blocked, id=13000, stack(0x00000000198c0000,0x00000000199c0000)]
  0x00000000179ad800 JavaThread "Service Thread" daemon [_thread_blocked, id=11876, stack(0x00000000196c0000,0x00000000197c0000)]
  0x00000000179ab000 JavaThread "C1 CompilerThread2" daemon [_thread_in_native, id=1336, stack(0x00000000191c0000,0x00000000192c0000)]
  0x00000000179a6000 JavaThread "C2 CompilerThread1" daemon [_thread_in_vm, id=12560, stack(0x00000000190c0000,0x00000000191c0000)]
=>0x000000001794c800 JavaThread "C2 CompilerThread0" daemon [_thread_in_native, id=3208, stack(0x0000000018fc0000,0x00000000190c0000)]
  0x000000001794b000 JavaThread "Attach Listener" daemon [_thread_blocked, id=13056, stack(0x0000000018ec0000,0x0000000018fc0000)]
  0x000000001794a000 JavaThread "Signal Dispatcher" daemon [_thread_blocked, id=7332, stack(0x0000000018dc0000,0x0000000018ec0000)]
  0x0000000005277800 JavaThread "Finalizer" daemon [_thread_blocked, id=10432, stack(0x0000000018bb0000,0x0000000018cb0000)]
  0x0000000005272000 JavaThread "Reference Handler" daemon [_thread_blocked, id=9424, stack(0x0000000018ab0000,0x0000000018bb0000)]
  0x0000000004fde000 JavaThread "main" [_thread_blocked, id=12048, stack(0x0000000005080000,0x0000000005180000)]

Other Threads:
  0x0000000017915800 VMThread [stack: 0x00000000189b0000,0x0000000018ab0000] [id=7044]
  0x00000000192c1800 WatcherThread [stack: 0x00000000197c0000,0x00000000198c0000] [id=8056]

VM state:not at safepoint (normal execution)

VM Mutex/Monitor currently owned by a thread:  ([mutex/lock_event])
[0x0000000005181950] MethodData_lock - owner thread: 0x0000000019595000

Heap:
 PSYoungGen      total 34816K, used 15869K [0x00000000eab00000, 0x00000000ed180000, 0x0000000100000000)
  eden space 30208K, 52% used [0x00000000eab00000,0x00000000eba7f790,0x00000000ec880000)
  from space 4608K, 0% used [0x00000000ecd00000,0x00000000ecd00000,0x00000000ed180000)
  to   space 4608K, 0% used [0x00000000ec880000,0x00000000ec880000,0x00000000ecd00000)
 ParOldGen       total 79360K, used 0K [0x00000000c0000000, 0x00000000c4d80000, 0x00000000eab00000)
  object space 79360K, 0% used [0x00000000c0000000,0x00000000c0000000,0x00000000c4d80000)
 Metaspace       used 5803K, capacity 6704K, committed 6784K, reserved 1056768K
  class space    used 595K, capacity 616K, committed 640K, reserved 1048576K

Card table byte_map: [0x0000000014640000,0x0000000014850000] byte_map_base: 0x0000000014040000

Marking Bits: (ParMarkBitMap*) 0x0000000055303950
 Begin Bits: [0x0000000014db0000, 0x0000000015db0000)
 End Bits:   [0x0000000015db0000, 0x0000000016db0000)

Polling page: 0x0000000003360000

CodeCache: size=245760Kb used=2297Kb max_used=2309Kb free=243462Kb
 bounds [0x0000000005280000, 0x00000000054f0000, 0x0000000014280000]
 total_blobs=819 nmethods=550 adapters=184
 compilation: enabled

Compilation events (10 events):
Event: 1.068 Thread 0x00000000179ab000  547  s    3       java.lang.StringBuffer::toString (36 bytes)
Event: 1.068 Thread 0x00000000179ab000 nmethod 547 0x00000000054bd1d0 code [0x00000000054bd360, 0x00000000054bd808]
Event: 1.069 Thread 0x00000000179a6000  548       4       java.lang.String::indexOf (166 bytes)
Event: 1.071 Thread 0x00000000179ab000  549       1       com.android.dx.cf.iface.StdMember::getAttributes (5 bytes)
Event: 1.071 Thread 0x00000000179ab000 nmethod 549 0x00000000054bd950 code [0x00000000054bdaa0, 0x00000000054bdbb0]
Event: 1.071 Thread 0x00000000179ab000  550   !   3       com.android.dx.cf.code.BytecodeArray::parseInstruction (2796 bytes)
Event: 1.072 Thread 0x000000001794c800  555       4       java.util.HashMap::getNode (148 bytes)
Event: 1.076 Thread 0x00000000179a6000 nmethod 548 0x00000000054c0d10 code [0x00000000054c0e60, 0x00000000054c1358]
Event: 1.077 Thread 0x000000001794c800 nmethod 555 0x00000000054c1750 code [0x00000000054c18c0, 0x00000000054c1c88]
Event: 1.080 Thread 0x000000001794c800  571       4       java.util.ArrayList::add (29 bytes)

GC Heap History (0 events):
No events

Deoptimization events (1 events):
Event: 0.713 Thread 0x0000000004fde000 Uncommon trap: reason=unstable_if action=reinterpret pc=0x00000000053c6c14 method=java.lang.String.indexOf(II)I @ 49

Classes redefined (0 events):
No events

Internal exceptions (2 events):
Event: 0.101 Thread 0x0000000004fde000 Exception <a 'java/lang/NoSuchMethodError': Method sun.misc.Unsafe.defineClass(Ljava/lang/String;[BII)Ljava/lang/Class; name or signature does not match> (0x00000000eab07ca8) thrown at [D:\src\AOSP-openjdk-cygwin\jdk8u\hotspot\src\share\vm\prims\jni.cpp, 
Event: 0.101 Thread 0x0000000004fde000 Exception <a 'java/lang/NoSuchMethodError': Method sun.misc.Unsafe.prefetchRead(Ljava/lang/Object;J)V name or signature does not match> (0x00000000eab07f90) thrown at [D:\src\AOSP-openjdk-cygwin\jdk8u\hotspot\src\share\vm\prims\jni.cpp, line 4011]

Events (10 events):
Event: 1.067 loading class java/io/PrintWriter
Event: 1.067 loading class java/io/PrintWriter done
Event: 1.068 loading class com/android/dx/dex/file/DebugInfoItem
Event: 1.068 loading class com/android/dx/dex/file/DebugInfoItem done
Event: 1.068 loading class com/android/dx/dex/file/MethodIdItem
Event: 1.068 loading class com/android/dx/dex/file/MethodIdItem done
Event: 1.069 loading class com/android/dx/dex/file/MethodAnnotationStruct
Event: 1.069 loading class com/android/dx/dex/file/MethodAnnotationStruct done
Event: 1.078 loading class com/android/dx/cf/code/BytecodeArray$ConstantParserVisitor
Event: 1.078 loading class com/android/dx/cf/code/BytecodeArray$ConstantParserVisitor done


Dynamic libraries:
0x00007ff673fb0000 - 0x00007ff673fe1000 	C:\Program Files\Android\Android Studio\jre\bin\java.exe
0x00007fffffa60000 - 0x00007fffffc40000 	C:\WINDOWS\SYSTEM32\ntdll.dll
0x00007ffffd040000 - 0x00007ffffd0ee000 	C:\WINDOWS\System32\KERNEL32.DLL
0x00007ffffccc0000 - 0x00007ffffcf26000 	C:\WINDOWS\System32\KERNELBASE.dll
0x00007ffffdd00000 - 0x00007ffffdda1000 	C:\WINDOWS\System32\ADVAPI32.dll
0x00007ffffdc60000 - 0x00007ffffdcfd000 	C:\WINDOWS\System32\msvcrt.dll
0x00007fffff780000 - 0x00007fffff7db000 	C:\WINDOWS\System32\sechost.dll
0x00007fffff660000 - 0x00007fffff77f000 	C:\WINDOWS\System32\RPCRT4.dll
0x00007ffffdad0000 - 0x00007ffffdc5f000 	C:\WINDOWS\System32\USER32.dll
0x00007ffffcc20000 - 0x00007ffffcc40000 	C:\WINDOWS\System32\win32u.dll
0x00007ffffcf30000 - 0x00007ffffcf58000 	C:\WINDOWS\System32\GDI32.dll
0x00007ffffbf50000 - 0x00007ffffc0e3000 	C:\WINDOWS\System32\gdi32full.dll
0x00007ffffbeb0000 - 0x00007ffffbf4b000 	C:\WINDOWS\System32\msvcp_win.dll
0x00007ffffcb20000 - 0x00007ffffcc16000 	C:\WINDOWS\System32\ucrtbase.dll
0x00007ffff2500000 - 0x00007ffff2769000 	C:\WINDOWS\WinSxS\amd64_microsoft.windows.common-controls_6595b64144ccf1df_6.0.16299.192_none_15c8cdae9364c23b\COMCTL32.dll
0x00007ffffd7c0000 - 0x00007ffffdac8000 	C:\WINDOWS\System32\combase.dll
0x00007ffffcc40000 - 0x00007ffffccb2000 	C:\WINDOWS\System32\bcryptPrimitives.dll
0x00007fffff530000 - 0x00007fffff55d000 	C:\WINDOWS\System32\IMM32.DLL
0x0000000054980000 - 0x0000000054a52000 	C:\Program Files\Android\Android Studio\jre\jre\bin\msvcr100.dll
0x0000000054b40000 - 0x000000005537e000 	C:\Program Files\Android\Android Studio\jre\jre\bin\server\jvm.dll
0x00007ffffd030000 - 0x00007ffffd038000 	C:\WINDOWS\System32\PSAPI.DLL
0x00007ffff8da0000 - 0x00007ffff8da9000 	C:\WINDOWS\SYSTEM32\WSOCK32.dll
0x00007ffffde10000 - 0x00007ffffde7c000 	C:\WINDOWS\System32\WS2_32.dll
0x00007fffed7f0000 - 0x00007fffed813000 	C:\WINDOWS\SYSTEM32\WINMM.dll
0x00007ffff5200000 - 0x00007ffff520a000 	C:\WINDOWS\SYSTEM32\VERSION.dll
0x00007fffed7c0000 - 0x00007fffed7ea000 	C:\WINDOWS\SYSTEM32\WINMMBASE.dll
0x00007ffffbe60000 - 0x00007ffffbeaa000 	C:\WINDOWS\System32\cfgmgr32.dll
0x00007ffff8580000 - 0x00007ffff858f000 	C:\Program Files\Android\Android Studio\jre\jre\bin\verify.dll
0x00007fffef320000 - 0x00007fffef349000 	C:\Program Files\Android\Android Studio\jre\jre\bin\java.dll
0x00007fffef2b0000 - 0x00007fffef2c6000 	C:\Program Files\Android\Android Studio\jre\jre\bin\zip.dll
0x00007ffffde80000 - 0x00007fffff2b6000 	C:\WINDOWS\System32\SHELL32.dll
0x00007fffff7e0000 - 0x00007fffff886000 	C:\WINDOWS\System32\shcore.dll
0x00007ffffc200000 - 0x00007ffffc947000 	C:\WINDOWS\System32\windows.storage.dll
0x00007ffffddb0000 - 0x00007ffffde01000 	C:\WINDOWS\System32\shlwapi.dll
0x00007ffffbe40000 - 0x00007ffffbe51000 	C:\WINDOWS\System32\kernel.appcore.dll
0x00007ffffbdf0000 - 0x00007ffffbe3c000 	C:\WINDOWS\System32\powrprof.dll
0x00007ffffbdd0000 - 0x00007ffffbdeb000 	C:\WINDOWS\System32\profapi.dll

VM Arguments:
jvm_args: -Djava.awt.headless=true -Xmx1024M -Dfile.encoding=windows-1252 -Duser.country=ES -Duser.language=es -Duser.variant 
java_command: com.android.dx.command.Main --dex --num-threads=4 --output C:\Users\-\Desktop\TimeTracker\app\build\intermediates\pre-dexed\debug\classes_4a8749d4ca7fda25c2996e560631de602e7756bc.jar C:\Users\-\.android\build-cache\edbcd8455e52fa91d9896dcf2ee222d038f2aa8f\output\jars\classes.jar
java_class_path (initial): C:\Users\-\AppData\Local\Android\Sdk\build-tools\27.0.3\lib\dx.jar
Launcher Type: SUN_STANDARD

Environment Variables:
PATH=C:\WINDOWS\system32;C:\WINDOWS;C:\WINDOWS\System32\Wbem;C:\WINDOWS\System32\WindowsPowerShell\v1.0\;C:\Program Files (x86)\ATI Technologies\ATI.ACE\Core-Static;C:\Program Files (x86)\Skype\Phone\;C:\Python27;C:\Program Files\PuTTY\;C:\Program Files (x86)\Windows Live\Shared;C:\Program Files\Git\cmd;C:\HashiCorp\Vagrant\bin;C:\Users\-\Anaconda2;C:\Users\-\Anaconda2\Scripts;C:\Users\-\Anaconda2\Library\bin;C:\WINDOWS\system32;C:\WINDOWS;C:\WINDOWS\System32\Wbem;C:\WINDOWS\System32\WindowsPowerShell\v1.0\;C:\Program Files (x86)\ATI Technologies\ATI.ACE\Core-Static;C:\Program Files (x86)\Skype\Phone\;C:\Python27;C:\Program Files\PuTTY\;C:\Users\-\AppData\Local\Microsoft\WindowsApps;C:\Users\-\AppData\Local\atom\bin;C:\Python27\Scripts;C:\Users\-\AppData\Local\Microsoft\WindowsApps;C:\php;
USERNAME=-
OS=Windows_NT
PROCESSOR_IDENTIFIER=AMD64 Family 21 Model 16 Stepping 1, AuthenticAMD



---------------  S Y S T E M  ---------------

OS: Windows 10.0 , 64 bit Build 16299 (10.0.16299.15)

CPU:total 4 (initial active 4) (4 cores per cpu, 1 threads per core) family 21 model 16 stepping 1, cmov, cx8, fxsr, mmx, sse, sse2, sse3, ssse3, sse4.1, sse4.2, popcnt, avx, aes, clmul, mmxext, 3dnowpref, lzcnt, sse4a, tsc, tscinvbit, tscinv, bmi1

Memory: 4k page, physical 7548012k(1076076k free), swap 10693740k(2000k free)

vm_info: OpenJDK 64-Bit Server VM (25.152-b01) for windows-amd64 JRE (1.8.0_152-release-915-b01), built by "builder" with MS VC++ 10.0 (VS2010)

time: Tue Jan 09 19:59:29 2018
elapsed time: 1 seconds (0d 0h 0m 1s)

