#
# There is insufficient memory for the Java Runtime Environment to continue.
# Native memory allocation (malloc) failed to allocate 301520 bytes for Chunk::new
# Possible reasons:
#   The system is out of physical RAM or swap space
#   In 32 bit mode, the process size limit was hit
# Possible solutions:
#   Reduce memory load on the system
#   Increase physical memory or swap space
#   Check if swap backing store is full
#   Use 64 bit Java on a 64 bit OS
#   Decrease Java heap size (-Xmx/-Xms)
#   Decrease number of Java threads
#   Decrease Java thread stack sizes (-Xss)
#   Set larger code cache with -XX:ReservedCodeCacheSize=
# This output file may be truncated or incomplete.
#
#  Out of Memory Error (allocation.cpp:390), pid=8680, tid=0x0000000000001908
#
# JRE version: OpenJDK Runtime Environment (8.0_152-b01) (build 1.8.0_152-release-915-b01)
# Java VM: OpenJDK 64-Bit Server VM (25.152-b01 mixed mode windows-amd64 compressed oops)
# Failed to write core dump. Minidumps are not enabled by default on client versions of Windows
#

---------------  T H R E A D  ---------------

Current thread (0x000000001726f800):  JavaThread "C2 CompilerThread1" daemon [_thread_in_native, id=6408, stack(0x00000000189d0000,0x0000000018ad0000)]

Stack: [0x00000000189d0000,0x0000000018ad0000]
[error occurred during error reporting (printing stack bounds), id 0xc0000005]

Native frames: (J=compiled Java code, j=interpreted, Vv=VM code, C=native code)


Current CompileTask:
C2:  11187 1907 %     4       com.android.dx.ssa.SsaConverter::placePhiFunctions @ 103 (394 bytes)


---------------  P R O C E S S  ---------------

Java Threads: ( => current thread )
  0x00000000172cd800 JavaThread "Service Thread" daemon [_thread_blocked, id=4420, stack(0x0000000018fd0000,0x00000000190d0000)]
  0x00000000172cb000 JavaThread "C1 CompilerThread2" daemon [_thread_blocked, id=9660, stack(0x0000000018ad0000,0x0000000018bd0000)]
=>0x000000001726f800 JavaThread "C2 CompilerThread1" daemon [_thread_in_native, id=6408, stack(0x00000000189d0000,0x0000000018ad0000)]
  0x000000001726c800 JavaThread "C2 CompilerThread0" daemon [_thread_in_native, id=6904, stack(0x00000000188d0000,0x00000000189d0000)]
  0x000000001726b000 JavaThread "Attach Listener" daemon [_thread_blocked, id=12320, stack(0x00000000187d0000,0x00000000188d0000)]
  0x000000001726a000 JavaThread "Signal Dispatcher" daemon [_thread_blocked, id=4544, stack(0x00000000186d0000,0x00000000187d0000)]
  0x0000000004b97800 JavaThread "Finalizer" daemon [_thread_blocked, id=1044, stack(0x00000000184c0000,0x00000000185c0000)]
  0x0000000004b92000 JavaThread "Reference Handler" daemon [_thread_blocked, id=7080, stack(0x00000000183c0000,0x00000000184c0000)]
  0x00000000047fe000 JavaThread "main" [_thread_in_vm, id=10260, stack(0x00000000048a0000,0x00000000049a0000)]

Other Threads:
  0x0000000017235800 VMThread [stack: 0x00000000182c0000,0x00000000183c0000] [id=7860]
  0x0000000018bd1800 WatcherThread [stack: 0x00000000190d0000,0x00000000191d0000] [id=8620]

VM state:not at safepoint (normal execution)

VM Mutex/Monitor currently owned by a thread: None

Heap:
 PSYoungGen      total 65024K, used 27346K [0x00000000eab00000, 0x00000000f2a00000, 0x0000000100000000)
  eden space 60416K, 37% used [0x00000000eab00000,0x00000000ec13a498,0x00000000ee600000)
  from space 4608K, 99% used [0x00000000ee600000,0x00000000eea7a590,0x00000000eea80000)
  to   space 4608K, 0% used [0x00000000f2580000,0x00000000f2580000,0x00000000f2a00000)
 ParOldGen       total 79360K, used 15040K [0x00000000c0000000, 0x00000000c4d80000, 0x00000000eab00000)
  object space 79360K, 18% used [0x00000000c0000000,0x00000000c0eb0380,0x00000000c4d80000)
 Metaspace       used 6519K, capacity 7218K, committed 7296K, reserved 1056768K
  class space    used 605K, capacity 618K, committed 640K, reserved 1048576K

Card table byte_map: [0x0000000013f60000,0x0000000014170000] byte_map_base: 0x0000000013960000

Marking Bits: (ParMarkBitMap*) 0x0000000055303950
 Begin Bits: [0x00000000146d0000, 0x00000000156d0000)
 End Bits:   [0x00000000156d0000, 0x00000000166d0000)

Polling page: 0x0000000002c60000

CodeCache: size=245760Kb used=8953Kb max_used=8996Kb free=236807Kb
 bounds [0x0000000004ba0000, 0x0000000005480000, 0x0000000013ba0000]
 total_blobs=2188 nmethods=1915 adapters=187
 compilation: enabled

Compilation events (10 events):
Event: 11.041 Thread 0x00000000172cb000 1957       3       com.android.dx.dex.file.CodeItem::addContents (174 bytes)
Event: 11.043 Thread 0x00000000172cb000 nmethod 1957 0x000000000544c210 code [0x000000000544c520, 0x000000000544de38]
Event: 11.044 Thread 0x00000000172cb000 1959       3       java.util.HashMap::keySet (25 bytes)
Event: 11.045 Thread 0x00000000172cb000 nmethod 1959 0x000000000544e8d0 code [0x000000000544ea40, 0x000000000544edd0]
Event: 11.045 Thread 0x00000000172cb000 1960       3       java.util.HashMap$KeySet::iterator (12 bytes)
Event: 11.045 Thread 0x00000000172cb000 nmethod 1960 0x000000000544ef50 code [0x000000000544f0c0, 0x000000000544f328]
Event: 11.047 Thread 0x00000000172cb000 1962       2       com.android.dx.dex.file.DebugInfoItem::<init> (36 bytes)
Event: 11.048 Thread 0x00000000172cb000 nmethod 1962 0x000000000544f410 code [0x000000000544f580, 0x000000000544f7f8]
Event: 11.106 Thread 0x000000001726c800 nmethod 1880 0x000000000545a7d0 code [0x000000000545c160, 0x0000000005464fb8]
Event: 11.107 Thread 0x000000001726c800 1958       4       com.android.dx.dex.code.OutputFinisher::addConstants (134 bytes)

GC Heap History (6 events):
Event: 6.169 GC heap before
{Heap before GC invocations=1 (full 0):
 PSYoungGen      total 34816K, used 30208K [0x00000000eab00000, 0x00000000ed180000, 0x0000000100000000)
  eden space 30208K, 100% used [0x00000000eab00000,0x00000000ec880000,0x00000000ec880000)
  from space 4608K, 0% used [0x00000000ecd00000,0x00000000ecd00000,0x00000000ed180000)
  to   space 4608K, 0% used [0x00000000ec880000,0x00000000ec880000,0x00000000ecd00000)
 ParOldGen       total 79360K, used 0K [0x00000000c0000000, 0x00000000c4d80000, 0x00000000eab00000)
  object space 79360K, 0% used [0x00000000c0000000,0x00000000c0000000,0x00000000c4d80000)
 Metaspace       used 6110K, capacity 6960K, committed 7040K, reserved 1056768K
  class space    used 595K, capacity 616K, committed 640K, reserved 1048576K
Event: 6.365 GC heap after
Heap after GC invocations=1 (full 0):
 PSYoungGen      total 34816K, used 4599K [0x00000000eab00000, 0x00000000eef00000, 0x0000000100000000)
  eden space 30208K, 0% used [0x00000000eab00000,0x00000000eab00000,0x00000000ec880000)
  from space 4608K, 99% used [0x00000000ec880000,0x00000000eccfdca8,0x00000000ecd00000)
  to   space 4608K, 0% used [0x00000000eea80000,0x00000000eea80000,0x00000000eef00000)
 ParOldGen       total 79360K, used 1710K [0x00000000c0000000, 0x00000000c4d80000, 0x00000000eab00000)
  object space 79360K, 2% used [0x00000000c0000000,0x00000000c01abad0,0x00000000c4d80000)
 Metaspace       used 6110K, capacity 6960K, committed 7040K, reserved 1056768K
  class space    used 595K, capacity 616K, committed 640K, reserved 1048576K
}
Event: 8.134 GC heap before
{Heap before GC invocations=2 (full 0):
 PSYoungGen      total 34816K, used 34807K [0x00000000eab00000, 0x00000000eef00000, 0x0000000100000000)
  eden space 30208K, 100% used [0x00000000eab00000,0x00000000ec880000,0x00000000ec880000)
  from space 4608K, 99% used [0x00000000ec880000,0x00000000eccfdca8,0x00000000ecd00000)
  to   space 4608K, 0% used [0x00000000eea80000,0x00000000eea80000,0x00000000eef00000)
 ParOldGen       total 79360K, used 1710K [0x00000000c0000000, 0x00000000c4d80000, 0x00000000eab00000)
  object space 79360K, 2% used [0x00000000c0000000,0x00000000c01abad0,0x00000000c4d80000)
 Metaspace       used 6303K, capacity 7152K, committed 7296K, reserved 1056768K
  class space    used 598K, capacity 616K, committed 640K, reserved 1048576K
Event: 8.323 GC heap after
Heap after GC invocations=2 (full 0):
 PSYoungGen      total 65024K, used 4601K [0x00000000eab00000, 0x00000000eef00000, 0x0000000100000000)
  eden space 60416K, 0% used [0x00000000eab00000,0x00000000eab00000,0x00000000ee600000)
  from space 4608K, 99% used [0x00000000eea80000,0x00000000eeefe780,0x00000000eef00000)
  to   space 4608K, 0% used [0x00000000ee600000,0x00000000ee600000,0x00000000eea80000)
 ParOldGen       total 79360K, used 5848K [0x00000000c0000000, 0x00000000c4d80000, 0x00000000eab00000)
  object space 79360K, 7% used [0x00000000c0000000,0x00000000c05b6078,0x00000000c4d80000)
 Metaspace       used 6303K, capacity 7152K, committed 7296K, reserved 1056768K
  class space    used 598K, capacity 616K, committed 640K, reserved 1048576K
}
Event: 10.574 GC heap before
{Heap before GC invocations=3 (full 0):
 PSYoungGen      total 65024K, used 65017K [0x00000000eab00000, 0x00000000eef00000, 0x0000000100000000)
  eden space 60416K, 100% used [0x00000000eab00000,0x00000000ee600000,0x00000000ee600000)
  from space 4608K, 99% used [0x00000000eea80000,0x00000000eeefe780,0x00000000eef00000)
  to   space 4608K, 0% used [0x00000000ee600000,0x00000000ee600000,0x00000000eea80000)
 ParOldGen       total 79360K, used 5848K [0x00000000c0000000, 0x00000000c4d80000, 0x00000000eab00000)
  object space 79360K, 7% used [0x00000000c0000000,0x00000000c05b6078,0x00000000c4d80000)
 Metaspace       used 6413K, capacity 7216K, committed 7296K, reserved 1056768K
  class space    used 598K, capacity 616K, committed 640K, reserved 1048576K
Event: 10.710 GC heap after
Heap after GC invocations=3 (full 0):
 PSYoungGen      total 65024K, used 4585K [0x00000000eab00000, 0x00000000f2a00000, 0x0000000100000000)
  eden space 60416K, 0% used [0x00000000eab00000,0x00000000eab00000,0x00000000ee600000)
  from space 4608K, 99% used [0x00000000ee600000,0x00000000eea7a590,0x00000000eea80000)
  to   space 4608K, 0% used [0x00000000f2580000,0x00000000f2580000,0x00000000f2a00000)
 ParOldGen       total 79360K, used 15040K [0x00000000c0000000, 0x00000000c4d80000, 0x00000000eab00000)
  object space 79360K, 18% used [0x00000000c0000000,0x00000000c0eb0380,0x00000000c4d80000)
 Metaspace       used 6413K, capacity 7216K, committed 7296K, reserved 1056768K
  class space    used 598K, capacity 616K, committed 640K, reserved 1048576K
}

Deoptimization events (10 events):
Event: 10.711 Thread 0x0000000018ee4000 Uncommon trap: reason=unstable_if action=reinterpret pc=0x000000000526dd98 method=com.android.dx.rop.code.LocalItem.compareHandlesNulls(Lcom/android/dx/rop/cst/CstString;Lcom/android/dx/rop/cst/CstString;)I @ 14
Event: 10.711 Thread 0x0000000018ee4000 Uncommon trap: reason=unstable_if action=reinterpret pc=0x000000000519e798 method=com.android.dx.rop.code.LocalItem.compareHandlesNulls(Lcom/android/dx/rop/cst/CstString;Lcom/android/dx/rop/cst/CstString;)I @ 14
Event: 10.711 Thread 0x0000000018ee4000 Uncommon trap: reason=unstable_if action=reinterpret pc=0x00000000052c2fb0 method=com.android.dx.rop.code.LocalItem.compareHandlesNulls(Lcom/android/dx/rop/cst/CstString;Lcom/android/dx/rop/cst/CstString;)I @ 14
Event: 10.714 Thread 0x00000000047fe000 Uncommon trap: reason=bimorphic action=maybe_recompile pc=0x000000000537a030 method=com.android.dx.cf.code.BytecodeArray.parseInstruction(ILcom/android/dx/cf/code/BytecodeArray$Visitor;)I @ 2484
Event: 10.714 Thread 0x00000000047fe000 Uncommon trap: reason=bimorphic action=maybe_recompile pc=0x000000000537a030 method=com.android.dx.cf.code.BytecodeArray.parseInstruction(ILcom/android/dx/cf/code/BytecodeArray$Visitor;)I @ 2484
Event: 10.995 Thread 0x00000000047fe000 Uncommon trap: reason=class_check action=maybe_recompile pc=0x000000000509c144 method=java.util.Arrays.hashCode([Ljava/lang/Object;)I @ 43
Event: 10.995 Thread 0x00000000047fe000 Uncommon trap: reason=class_check action=maybe_recompile pc=0x000000000509c144 method=java.util.Arrays.hashCode([Ljava/lang/Object;)I @ 43
Event: 10.995 Thread 0x00000000047fe000 Uncommon trap: reason=class_check action=maybe_recompile pc=0x000000000509c144 method=java.util.Arrays.hashCode([Ljava/lang/Object;)I @ 43
Event: 10.995 Thread 0x00000000047fe000 Uncommon trap: reason=class_check action=maybe_recompile pc=0x000000000509c144 method=java.util.Arrays.hashCode([Ljava/lang/Object;)I @ 43
Event: 10.995 Thread 0x00000000047fe000 Uncommon trap: reason=class_check action=maybe_recompile pc=0x000000000509c728 method=java.util.Arrays.hashCode([Ljava/lang/Object;)I @ 43

Classes redefined (0 events):
No events

Internal exceptions (7 events):
Event: 0.204 Thread 0x00000000047fe000 Exception <a 'java/lang/NoSuchMethodError': Method sun.misc.Unsafe.defineClass(Ljava/lang/String;[BII)Ljava/lang/Class; name or signature does not match> (0x00000000eab07ca8) thrown at [D:\src\AOSP-openjdk-cygwin\jdk8u\hotspot\src\share\vm\prims\jni.cpp, 
Event: 0.205 Thread 0x00000000047fe000 Exception <a 'java/lang/NoSuchMethodError': Method sun.misc.Unsafe.prefetchRead(Ljava/lang/Object;J)V name or signature does not match> (0x00000000eab07f90) thrown at [D:\src\AOSP-openjdk-cygwin\jdk8u\hotspot\src\share\vm\prims\jni.cpp, line 4011]
Event: 6.138 Thread 0x00000000047fe000 Implicit null exception at 0x0000000004ec3ad4 to 0x0000000004ec5a95
Event: 6.925 Thread 0x0000000018ee1000 Implicit null exception at 0x000000000507faa2 to 0x000000000507fb92
Event: 10.711 Thread 0x0000000018ee4000 Implicit null exception at 0x000000000526c6d7 to 0x000000000526dd89
Event: 10.711 Thread 0x0000000018ee4000 Implicit null exception at 0x000000000519d27d to 0x000000000519e77d
Event: 10.711 Thread 0x0000000018ee4000 Implicit null exception at 0x00000000052c1c67 to 0x00000000052c2fa1

Events (10 events):
Event: 10.995 Thread 0x00000000047fe000 Uncommon trap: trap_request=0xffffffde fr.pc=0x000000000509c144
Event: 10.995 Thread 0x00000000047fe000 DEOPT PACKING pc=0x000000000509c144 sp=0x000000000499f060
Event: 10.995 Thread 0x00000000047fe000 DEOPT UNPACKING pc=0x0000000004be556a sp=0x000000000499ef90 mode 2
Event: 10.995 Thread 0x00000000047fe000 Uncommon trap: trap_request=0xffffffde fr.pc=0x000000000509c728
Event: 10.995 Thread 0x00000000047fe000 DEOPT PACKING pc=0x000000000509c728 sp=0x000000000499f030
Event: 10.995 Thread 0x00000000047fe000 DEOPT UNPACKING pc=0x0000000004be556a sp=0x000000000499efb8 mode 2
Event: 10.996 loading class com/android/dx/rop/cst/Zeroes
Event: 10.996 loading class com/android/dx/rop/cst/Zeroes done
Event: 11.051 loading class com/android/dx/dex/file/CatchStructs
Event: 11.051 loading class com/android/dx/dex/file/CatchStructs done


Dynamic libraries:
0x00007ff673fb0000 - 0x00007ff673fe1000 	C:\Program Files\Android\Android Studio\jre\bin\java.exe
0x00007fffffa60000 - 0x00007fffffc40000 	C:\WINDOWS\SYSTEM32\ntdll.dll
0x00007ffffd040000 - 0x00007ffffd0ee000 	C:\WINDOWS\System32\KERNEL32.DLL
0x00007ffffccc0000 - 0x00007ffffcf26000 	C:\WINDOWS\System32\KERNELBASE.dll
0x00007ffffdd00000 - 0x00007ffffdda1000 	C:\WINDOWS\System32\ADVAPI32.dll
0x00007ffffdc60000 - 0x00007ffffdcfd000 	C:\WINDOWS\System32\msvcrt.dll
0x00007fffff780000 - 0x00007fffff7db000 	C:\WINDOWS\System32\sechost.dll
0x00007fffff660000 - 0x00007fffff77f000 	C:\WINDOWS\System32\RPCRT4.dll
0x00007ffffdad0000 - 0x00007ffffdc5f000 	C:\WINDOWS\System32\USER32.dll
0x00007ffffcc20000 - 0x00007ffffcc40000 	C:\WINDOWS\System32\win32u.dll
0x00007ffffcf30000 - 0x00007ffffcf58000 	C:\WINDOWS\System32\GDI32.dll
0x00007ffffbf50000 - 0x00007ffffc0e3000 	C:\WINDOWS\System32\gdi32full.dll
0x00007ffffbeb0000 - 0x00007ffffbf4b000 	C:\WINDOWS\System32\msvcp_win.dll
0x00007ffffcb20000 - 0x00007ffffcc16000 	C:\WINDOWS\System32\ucrtbase.dll
0x00007ffff2500000 - 0x00007ffff2769000 	C:\WINDOWS\WinSxS\amd64_microsoft.windows.common-controls_6595b64144ccf1df_6.0.16299.192_none_15c8cdae9364c23b\COMCTL32.dll
0x00007ffffd7c0000 - 0x00007ffffdac8000 	C:\WINDOWS\System32\combase.dll
0x00007ffffcc40000 - 0x00007ffffccb2000 	C:\WINDOWS\System32\bcryptPrimitives.dll
0x00007fffff530000 - 0x00007fffff55d000 	C:\WINDOWS\System32\IMM32.DLL
0x0000000054980000 - 0x0000000054a52000 	C:\Program Files\Android\Android Studio\jre\jre\bin\msvcr100.dll
0x0000000054b40000 - 0x000000005537e000 	C:\Program Files\Android\Android Studio\jre\jre\bin\server\jvm.dll
0x00007ffffd030000 - 0x00007ffffd038000 	C:\WINDOWS\System32\PSAPI.DLL
0x00007ffff8da0000 - 0x00007ffff8da9000 	C:\WINDOWS\SYSTEM32\WSOCK32.dll
0x00007ffffde10000 - 0x00007ffffde7c000 	C:\WINDOWS\System32\WS2_32.dll
0x00007fffed7f0000 - 0x00007fffed813000 	C:\WINDOWS\SYSTEM32\WINMM.dll
0x00007ffff5200000 - 0x00007ffff520a000 	C:\WINDOWS\SYSTEM32\VERSION.dll
0x00007fffed7c0000 - 0x00007fffed7ea000 	C:\WINDOWS\SYSTEM32\WINMMBASE.dll
0x00007ffffbe60000 - 0x00007ffffbeaa000 	C:\WINDOWS\System32\cfgmgr32.dll
0x00007ffff8580000 - 0x00007ffff858f000 	C:\Program Files\Android\Android Studio\jre\jre\bin\verify.dll
0x00007fffef320000 - 0x00007fffef349000 	C:\Program Files\Android\Android Studio\jre\jre\bin\java.dll
0x00007fffef2b0000 - 0x00007fffef2c6000 	C:\Program Files\Android\Android Studio\jre\jre\bin\zip.dll
0x00007ffffde80000 - 0x00007fffff2b6000 	C:\WINDOWS\System32\SHELL32.dll
0x00007fffff7e0000 - 0x00007fffff886000 	C:\WINDOWS\System32\shcore.dll
0x00007ffffc200000 - 0x00007ffffc947000 	C:\WINDOWS\System32\windows.storage.dll
0x00007ffffddb0000 - 0x00007ffffde01000 	C:\WINDOWS\System32\shlwapi.dll
0x00007ffffbe40000 - 0x00007ffffbe51000 	C:\WINDOWS\System32\kernel.appcore.dll
0x00007ffffbdf0000 - 0x00007ffffbe3c000 	C:\WINDOWS\System32\powrprof.dll
0x00007ffffbdd0000 - 0x00007ffffbdeb000 	C:\WINDOWS\System32\profapi.dll

VM Arguments:
jvm_args: -Djava.awt.headless=true -Xmx1024M -Dfile.encoding=windows-1252 -Duser.country=ES -Duser.language=es -Duser.variant 
java_command: com.android.dx.command.Main --dex --num-threads=4 --output C:\Users\-\Desktop\TimeTracker\app\build\intermediates\pre-dexed\debug\classes_b46a4c1a30c93edf92a143ab0444928e23fc0533.jar C:\Users\-\.android\build-cache\79ebfa170189106c57941d9228a0f6c8f0d0b9f9\output\jars\classes.jar
java_class_path (initial): C:\Users\-\AppData\Local\Android\Sdk\build-tools\27.0.3\lib\dx.jar
Launcher Type: SUN_STANDARD

Environment Variables:
PATH=C:\WINDOWS\system32;C:\WINDOWS;C:\WINDOWS\System32\Wbem;C:\WINDOWS\System32\WindowsPowerShell\v1.0\;C:\Program Files (x86)\ATI Technologies\ATI.ACE\Core-Static;C:\Program Files (x86)\Skype\Phone\;C:\Python27;C:\Program Files\PuTTY\;C:\Program Files (x86)\Windows Live\Shared;C:\Program Files\Git\cmd;C:\HashiCorp\Vagrant\bin;C:\Users\-\Anaconda2;C:\Users\-\Anaconda2\Scripts;C:\Users\-\Anaconda2\Library\bin;C:\WINDOWS\system32;C:\WINDOWS;C:\WINDOWS\System32\Wbem;C:\WINDOWS\System32\WindowsPowerShell\v1.0\;C:\Program Files (x86)\ATI Technologies\ATI.ACE\Core-Static;C:\Program Files (x86)\Skype\Phone\;C:\Python27;C:\Program Files\PuTTY\;C:\Users\-\AppData\Local\Microsoft\WindowsApps;C:\Users\-\AppData\Local\atom\bin;C:\Python27\Scripts;C:\Users\-\AppData\Local\Microsoft\WindowsApps;C:\php;
USERNAME=-
OS=Windows_NT
PROCESSOR_IDENTIFIER=AMD64 Family 21 Model 16 Stepping 1, AuthenticAMD



---------------  S Y S T E M  ---------------

OS: Windows 10.0 , 64 bit Build 16299 (10.0.16299.15)

CPU:total 4 (initial active 4) (4 cores per cpu, 1 threads per core) family 21 model 16 stepping 1, cmov, cx8, fxsr, mmx, sse, sse2, sse3, ssse3, sse4.1, sse4.2, popcnt, avx, aes, clmul, mmxext, 3dnowpref, lzcnt, sse4a, tsc, tscinvbit, tscinv, bmi1

Memory: 4k page, physical 7548012k(742148k free), swap 10693740k(4676k free)

vm_info: OpenJDK 64-Bit Server VM (25.152-b01) for windows-amd64 JRE (1.8.0_152-release-915-b01), built by "builder" with MS VC++ 10.0 (VS2010)

time: Tue Jan 09 20:00:33 2018
elapsed time: 11 seconds (0d 0h 0m 11s)

