#
# There is insufficient memory for the Java Runtime Environment to continue.
# Native memory allocation (malloc) failed to allocate 1048576 bytes for AllocateHeap
# Possible reasons:
#   The system is out of physical RAM or swap space
#   In 32 bit mode, the process size limit was hit
# Possible solutions:
#   Reduce memory load on the system
#   Increase physical memory or swap space
#   Check if swap backing store is full
#   Use 64 bit Java on a 64 bit OS
#   Decrease Java heap size (-Xmx/-Xms)
#   Decrease number of Java threads
#   Decrease Java thread stack sizes (-Xss)
#   Set larger code cache with -XX:ReservedCodeCacheSize=
# This output file may be truncated or incomplete.
#
#  Out of Memory Error (memory/allocation.inline.hpp:61), pid=8028, tid=0x0000000000000bb0
#
# JRE version:  (8.0_152-b01) (build )
# Java VM: OpenJDK 64-Bit Server VM (25.152-b01 mixed mode windows-amd64 compressed oops)
# Failed to write core dump. Minidumps are not enabled by default on client versions of Windows
#

---------------  T H R E A D  ---------------

Current thread (0x00000000046be000):  JavaThread "Unknown thread" [_thread_in_vm, id=2992, stack(0x00000000044f0000,0x00000000045f0000)]

Stack: [0x00000000044f0000,0x00000000045f0000]
[error occurred during error reporting (printing stack bounds), id 0xc0000005]

Native frames: (J=compiled Java code, j=interpreted, Vv=VM code, C=native code)


---------------  P R O C E S S  ---------------

Java Threads: ( => current thread )

Other Threads:

=>0x00000000046be000 (exited) JavaThread "Unknown thread" [_thread_in_vm, id=2992, stack(0x00000000044f0000,0x00000000045f0000)]

VM state:not at safepoint (normal execution)

VM Mutex/Monitor currently owned by a thread: None

Heap:
 PSYoungGen      total 34816K, used 604K [0x00000000eab00000, 0x00000000ed180000, 0x0000000100000000)
  eden space 30208K, 2% used [0x00000000eab00000,0x00000000eab970b0,0x00000000ec880000)
  from space 4608K, 0% used [0x00000000ecd00000,0x00000000ecd00000,0x00000000ed180000)
  to   space 4608K, 0% used [0x00000000ec880000,0x00000000ec880000,0x00000000ecd00000)
 ParOldGen       total 79360K, used 0K [0x00000000c0000000, 0x00000000c4d80000, 0x00000000eab00000)
  object space 79360K, 0% used [0x00000000c0000000,0x00000000c0000000,0x00000000c4d80000)
 Metaspace       used 772K, capacity 4480K, committed 4480K, reserved 1056768K
  class space    used 73K, capacity 384K, committed 384K, reserved 1048576K

Card table byte_map: [0x0000000013c80000,0x0000000013e90000] byte_map_base: 0x0000000013680000

Marking Bits: (ParMarkBitMap*) 0x0000000055303950
 Begin Bits: [0x00000000143f0000, 0x00000000153f0000)
 End Bits:   [0x00000000153f0000, 0x00000000163f0000)

Polling page: 0x0000000002c60000

CodeCache: size=245760Kb used=327Kb max_used=327Kb free=245432Kb
 bounds [0x00000000048c0000, 0x0000000004b30000, 0x00000000138c0000]
 total_blobs=56 nmethods=0 adapters=38
 compilation: enabled

Compilation events (0 events):
No events

GC Heap History (0 events):
No events

Deoptimization events (0 events):
No events

Classes redefined (0 events):
No events

Internal exceptions (0 events):
No events

Events (10 events):
Event: 0.131 loading class java/lang/Short
Event: 0.131 loading class java/lang/Short done
Event: 0.131 loading class java/lang/Integer
Event: 0.134 loading class java/lang/Integer done
Event: 0.134 loading class java/lang/Long
Event: 0.134 loading class java/lang/Long done
Event: 0.136 loading class java/lang/NullPointerException
Event: 0.136 loading class java/lang/NullPointerException done
Event: 0.136 loading class java/lang/ArithmeticException
Event: 0.136 loading class java/lang/ArithmeticException done


Dynamic libraries:
0x00007ff673fb0000 - 0x00007ff673fe1000 	C:\Program Files\Android\Android Studio\jre\bin\java.exe
0x00007fffffa60000 - 0x00007fffffc40000 	C:\WINDOWS\SYSTEM32\ntdll.dll
0x00007ffffd040000 - 0x00007ffffd0ee000 	C:\WINDOWS\System32\KERNEL32.DLL
0x00007ffffccc0000 - 0x00007ffffcf26000 	C:\WINDOWS\System32\KERNELBASE.dll
0x00007ffffdd00000 - 0x00007ffffdda1000 	C:\WINDOWS\System32\ADVAPI32.dll
0x00007ffffdc60000 - 0x00007ffffdcfd000 	C:\WINDOWS\System32\msvcrt.dll
0x00007fffff780000 - 0x00007fffff7db000 	C:\WINDOWS\System32\sechost.dll
0x00007fffff660000 - 0x00007fffff77f000 	C:\WINDOWS\System32\RPCRT4.dll
0x00007ffffdad0000 - 0x00007ffffdc5f000 	C:\WINDOWS\System32\USER32.dll
0x00007ffffcc20000 - 0x00007ffffcc40000 	C:\WINDOWS\System32\win32u.dll
0x00007ffffcf30000 - 0x00007ffffcf58000 	C:\WINDOWS\System32\GDI32.dll
0x00007ffffbf50000 - 0x00007ffffc0e3000 	C:\WINDOWS\System32\gdi32full.dll
0x00007ffffbeb0000 - 0x00007ffffbf4b000 	C:\WINDOWS\System32\msvcp_win.dll
0x00007ffffcb20000 - 0x00007ffffcc16000 	C:\WINDOWS\System32\ucrtbase.dll
0x00007ffff2500000 - 0x00007ffff2769000 	C:\WINDOWS\WinSxS\amd64_microsoft.windows.common-controls_6595b64144ccf1df_6.0.16299.192_none_15c8cdae9364c23b\COMCTL32.dll
0x00007ffffd7c0000 - 0x00007ffffdac8000 	C:\WINDOWS\System32\combase.dll
0x00007ffffcc40000 - 0x00007ffffccb2000 	C:\WINDOWS\System32\bcryptPrimitives.dll
0x00007fffff530000 - 0x00007fffff55d000 	C:\WINDOWS\System32\IMM32.DLL
0x0000000054980000 - 0x0000000054a52000 	C:\Program Files\Android\Android Studio\jre\jre\bin\msvcr100.dll
0x0000000054b40000 - 0x000000005537e000 	C:\Program Files\Android\Android Studio\jre\jre\bin\server\jvm.dll
0x00007ffffd030000 - 0x00007ffffd038000 	C:\WINDOWS\System32\PSAPI.DLL
0x00007ffff8da0000 - 0x00007ffff8da9000 	C:\WINDOWS\SYSTEM32\WSOCK32.dll
0x00007ffffde10000 - 0x00007ffffde7c000 	C:\WINDOWS\System32\WS2_32.dll
0x00007fffed7f0000 - 0x00007fffed813000 	C:\WINDOWS\SYSTEM32\WINMM.dll
0x00007ffff5200000 - 0x00007ffff520a000 	C:\WINDOWS\SYSTEM32\VERSION.dll
0x00007fffed7c0000 - 0x00007fffed7ea000 	C:\WINDOWS\SYSTEM32\WINMMBASE.dll
0x00007ffffbe60000 - 0x00007ffffbeaa000 	C:\WINDOWS\System32\cfgmgr32.dll
0x00007ffff8580000 - 0x00007ffff858f000 	C:\Program Files\Android\Android Studio\jre\jre\bin\verify.dll
0x00007fffef320000 - 0x00007fffef349000 	C:\Program Files\Android\Android Studio\jre\jre\bin\java.dll
0x00007fffef2b0000 - 0x00007fffef2c6000 	C:\Program Files\Android\Android Studio\jre\jre\bin\zip.dll

VM Arguments:
jvm_args: -Djava.awt.headless=true -Xmx1024M -Dfile.encoding=windows-1252 -Duser.country=ES -Duser.language=es -Duser.variant 
java_command: com.android.dx.command.Main --dex --force-jumbo --num-threads=4 --multi-dex --output C:\Users\-\Desktop\TimeTracker\app\build\intermediates\transforms\dex\debug\folders\1000\5\slice_7 C:\Users\-\Desktop\TimeTracker\app\build\intermediates\transforms\instantRunSlicer\debug\folders\1\5\slice_7
java_class_path (initial): C:\Users\-\AppData\Local\Android\Sdk\build-tools\27.0.3\lib\dx.jar
Launcher Type: SUN_STANDARD

Environment Variables:
PATH=C:\WINDOWS\system32;C:\WINDOWS;C:\WINDOWS\System32\Wbem;C:\WINDOWS\System32\WindowsPowerShell\v1.0\;C:\Program Files (x86)\ATI Technologies\ATI.ACE\Core-Static;C:\Program Files (x86)\Skype\Phone\;C:\Python27;C:\Program Files\PuTTY\;C:\Program Files (x86)\Windows Live\Shared;C:\Program Files\Git\cmd;C:\HashiCorp\Vagrant\bin;C:\Users\-\Anaconda2;C:\Users\-\Anaconda2\Scripts;C:\Users\-\Anaconda2\Library\bin;C:\WINDOWS\system32;C:\WINDOWS;C:\WINDOWS\System32\Wbem;C:\WINDOWS\System32\WindowsPowerShell\v1.0\;C:\Program Files (x86)\ATI Technologies\ATI.ACE\Core-Static;C:\Program Files (x86)\Skype\Phone\;C:\Python27;C:\Program Files\PuTTY\;C:\Users\-\AppData\Local\Microsoft\WindowsApps;C:\Users\-\AppData\Local\atom\bin;C:\Python27\Scripts;C:\Users\-\AppData\Local\Microsoft\WindowsApps;C:\php;
USERNAME=-
OS=Windows_NT
PROCESSOR_IDENTIFIER=AMD64 Family 21 Model 16 Stepping 1, AuthenticAMD



---------------  S Y S T E M  ---------------

OS: Windows 10.0 , 64 bit Build 16299 (10.0.16299.15)

CPU:total 4 (initial active 4) (4 cores per cpu, 1 threads per core) family 21 model 16 stepping 1, cmov, cx8, fxsr, mmx, sse, sse2, sse3, ssse3, sse4.1, sse4.2, popcnt, avx, aes, clmul, mmxext, 3dnowpref, lzcnt, sse4a, tsc, tscinvbit, tscinv, bmi1

Memory: 4k page, physical 7548012k(848508k free), swap 10693740k(8700k free)

vm_info: OpenJDK 64-Bit Server VM (25.152-b01) for windows-amd64 JRE (1.8.0_152-release-915-b01), built by "builder" with MS VC++ 10.0 (VS2010)

time: Tue Jan 09 20:59:23 2018
elapsed time: 0 seconds (0d 0h 0m 0s)

