#
# There is insufficient memory for the Java Runtime Environment to continue.
# Native memory allocation (malloc) failed to allocate 32744 bytes for ChunkPool::allocate
# Possible reasons:
#   The system is out of physical RAM or swap space
#   In 32 bit mode, the process size limit was hit
# Possible solutions:
#   Reduce memory load on the system
#   Increase physical memory or swap space
#   Check if swap backing store is full
#   Use 64 bit Java on a 64 bit OS
#   Decrease Java heap size (-Xmx/-Xms)
#   Decrease number of Java threads
#   Decrease Java thread stack sizes (-Xss)
#   Set larger code cache with -XX:ReservedCodeCacheSize=
# This output file may be truncated or incomplete.
#
#  Out of Memory Error (allocation.cpp:273), pid=13124, tid=0x0000000000001654
#
# JRE version: OpenJDK Runtime Environment (8.0_152-b01) (build 1.8.0_152-release-915-b01)
# Java VM: OpenJDK 64-Bit Server VM (25.152-b01 mixed mode windows-amd64 compressed oops)
# Failed to write core dump. Minidumps are not enabled by default on client versions of Windows
#

---------------  T H R E A D  ---------------

Current thread (0x0000000016bb9800):  JavaThread "C1 CompilerThread2" daemon [_thread_in_native, id=5716, stack(0x0000000018420000,0x0000000018520000)]

Stack: [0x0000000018420000,0x0000000018520000]
[error occurred during error reporting (printing stack bounds), id 0xc0000005]

Native frames: (J=compiled Java code, j=interpreted, Vv=VM code, C=native code)


Current CompileTask:
C1:   1616  773       3      
[error occurred during error reporting (printing current compile task), id 0xe0000001]


---------------  P R O C E S S  ---------------

Java Threads: ( => current thread )
  0x000000001869c800 JavaThread "pool-2-thread-4" [_thread_in_Java, id=13136, stack(0x0000000018f20000,0x0000000019020000)]
  0x0000000018699800 JavaThread "pool-2-thread-3" [_thread_in_Java, id=3516, stack(0x0000000018e20000,0x0000000018f20000)]
  0x0000000018698800 JavaThread "pool-2-thread-2" [_thread_in_Java, id=4120, stack(0x0000000018d20000,0x0000000018e20000)]
  0x0000000018695800 JavaThread "pool-3-thread-1" [_thread_blocked, id=9172, stack(0x0000000018c20000,0x0000000018d20000)]
  0x0000000018691000 JavaThread "pool-2-thread-1" [_thread_in_Java, id=9580, stack(0x0000000018b20000,0x0000000018c20000)]
  0x0000000018549000 JavaThread "Service Thread" daemon [_thread_blocked, id=10588, stack(0x0000000018920000,0x0000000018a20000)]
=>0x0000000016bb9800 JavaThread "C1 CompilerThread2" daemon [_thread_in_native, id=5716, stack(0x0000000018420000,0x0000000018520000)]
  0x0000000016bb0000 JavaThread "C2 CompilerThread1" daemon [_thread_in_native, id=5292, stack(0x0000000018320000,0x0000000018420000)]
  0x0000000016bac800 JavaThread "C2 CompilerThread0" daemon [_thread_in_native, id=10828, stack(0x0000000018220000,0x0000000018320000)]
  0x0000000016bab000 JavaThread "Attach Listener" daemon [_thread_blocked, id=4548, stack(0x0000000018120000,0x0000000018220000)]
  0x0000000016baa000 JavaThread "Signal Dispatcher" daemon [_thread_blocked, id=11008, stack(0x0000000018020000,0x0000000018120000)]
  0x00000000044d6800 JavaThread "Finalizer" daemon [_thread_blocked, id=4556, stack(0x0000000017e10000,0x0000000017f10000)]
  0x00000000044d1800 JavaThread "Reference Handler" daemon [_thread_blocked, id=10748, stack(0x0000000017d10000,0x0000000017e10000)]
  0x00000000043de000 JavaThread "main" [_thread_in_Java, id=2880, stack(0x0000000004230000,0x0000000004330000)]

Other Threads:
  0x0000000016b75800 VMThread [stack: 0x0000000017c10000,0x0000000017d10000] [id=2564]
  0x0000000016c0d000 WatcherThread [stack: 0x0000000018a20000,0x0000000018b20000] [id=2388]

VM state:not at safepoint (normal execution)

VM Mutex/Monitor currently owned by a thread:  ([mutex/lock_event])
[0x00000000043e00d0] MethodData_lock - owner thread: 0x0000000018691000

Heap:
 PSYoungGen      total 34816K, used 17893K [0x00000000eab00000, 0x00000000ed180000, 0x0000000100000000)
  eden space 30208K, 59% used [0x00000000eab00000,0x00000000ebc796c8,0x00000000ec880000)
  from space 4608K, 0% used [0x00000000ecd00000,0x00000000ecd00000,0x00000000ed180000)
  to   space 4608K, 0% used [0x00000000ec880000,0x00000000ec880000,0x00000000ecd00000)
 ParOldGen       total 79360K, used 0K [0x00000000c0000000, 0x00000000c4d80000, 0x00000000eab00000)
  object space 79360K, 0% used [0x00000000c0000000,0x00000000c0000000,0x00000000c4d80000)
 Metaspace       used 5819K, capacity 6704K, committed 6784K, reserved 1058816K
  class space    used 590K, capacity 616K, committed 640K, reserved 1048576K

Card table byte_map: [0x00000000138a0000,0x0000000013ab0000] byte_map_base: 0x00000000132a0000

Marking Bits: (ParMarkBitMap*) 0x0000000055303950
 Begin Bits: [0x0000000014010000, 0x0000000015010000)
 End Bits:   [0x0000000015010000, 0x0000000016010000)

Polling page: 0x00000000001f0000

CodeCache: size=245760Kb used=2950Kb max_used=2950Kb free=242810Kb
 bounds [0x00000000044e0000, 0x00000000047d0000, 0x00000000134e0000]
 total_blobs=1036 nmethods=767 adapters=184
 compilation: enabled

Compilation events (10 events):
Event: 1.612 Thread 0x0000000016bb9800 nmethod 780 0x00000000047c0c90 code [0x00000000047c0e20, 0x00000000047c1228]
Event: 1.612 Thread 0x0000000016bb9800  784       3       com.android.dx.rop.code.RegisterSpecSet::size (49 bytes)
Event: 1.612 Thread 0x0000000016bb9800 nmethod 784 0x00000000047c1410 code [0x00000000047c1580, 0x00000000047c1810]
Event: 1.612 Thread 0x0000000016bb9800  720       3       com.android.dx.rop.code.Insn::getLocalAssignment (48 bytes)
Event: 1.613 Thread 0x0000000016bb9800 nmethod 720 0x00000000047c1910 code [0x00000000047c1aa0, 0x00000000047c20a8]
Event: 1.613 Thread 0x0000000016bb9800  781       3       com.android.dx.ssa.back.LivenessAnalyzer::<init> (55 bytes)
Event: 1.613 Thread 0x0000000016bb9800 nmethod 781 0x00000000047c25d0 code [0x00000000047c2760, 0x00000000047c2b78]
Event: 1.613 Thread 0x0000000016bb9800  785       3       com.android.dx.rop.code.LocalVariableInfo::mergeStarts (75 bytes)
Event: 1.613 Thread 0x0000000016bb9800 nmethod 785 0x00000000047c2d50 code [0x00000000047c2f40, 0x00000000047c38f8]
Event: 1.613 Thread 0x0000000016bb9800  773       3       com.android.dx.dex.code.RopToDop::dopFor (808 bytes)

GC Heap History (0 events):
No events

Deoptimization events (1 events):
Event: 1.422 Thread 0x0000000018698800 Uncommon trap: reason=unstable_if action=reinterpret pc=0x00000000046e0518 method=java.util.HashMap.getNode(ILjava/lang/Object;)Ljava/util/HashMap$Node; @ 62

Classes redefined (0 events):
No events

Internal exceptions (2 events):
Event: 0.120 Thread 0x00000000043de000 Exception <a 'java/lang/NoSuchMethodError': Method sun.misc.Unsafe.defineClass(Ljava/lang/String;[BII)Ljava/lang/Class; name or signature does not match> (0x00000000eab07ca8) thrown at [D:\src\AOSP-openjdk-cygwin\jdk8u\hotspot\src\share\vm\prims\jni.cpp, 
Event: 0.120 Thread 0x00000000043de000 Exception <a 'java/lang/NoSuchMethodError': Method sun.misc.Unsafe.prefetchRead(Ljava/lang/Object;J)V name or signature does not match> (0x00000000eab07f90) thrown at [D:\src\AOSP-openjdk-cygwin\jdk8u\hotspot\src\share\vm\prims\jni.cpp, line 4011]

Events (10 events):
Event: 1.418 loading class com/android/dx/cf/code/BytecodeArray$ConstantParserVisitor done
Event: 1.422 Thread 0x0000000018698800 Uncommon trap: trap_request=0xffffff65 fr.pc=0x00000000046e0518
Event: 1.422 Thread 0x0000000018698800 DEOPT PACKING pc=0x00000000046e0518 sp=0x0000000018e1e5e0
Event: 1.422 Thread 0x0000000018698800 DEOPT UNPACKING pc=0x000000000452556a sp=0x0000000018e1e558 mode 2
Event: 1.453 loading class com/android/dx/dex/file/MethodAnnotationStruct
Event: 1.453 loading class com/android/dx/dex/file/MethodAnnotationStruct done
Event: 1.496 loading class java/util/DualPivotQuicksort
Event: 1.496 loading class java/util/DualPivotQuicksort done
Event: 1.567 Executing VM operation: ForceSafepoint
Event: 1.567 Executing VM operation: ForceSafepoint done


Dynamic libraries:
0x00007ff673fb0000 - 0x00007ff673fe1000 	C:\Program Files\Android\Android Studio\jre\bin\java.exe
0x00007fffffa60000 - 0x00007fffffc40000 	C:\WINDOWS\SYSTEM32\ntdll.dll
0x00007ffffd040000 - 0x00007ffffd0ee000 	C:\WINDOWS\System32\KERNEL32.DLL
0x00007ffffccc0000 - 0x00007ffffcf26000 	C:\WINDOWS\System32\KERNELBASE.dll
0x00007ffffdd00000 - 0x00007ffffdda1000 	C:\WINDOWS\System32\ADVAPI32.dll
0x00007ffffdc60000 - 0x00007ffffdcfd000 	C:\WINDOWS\System32\msvcrt.dll
0x00007fffff780000 - 0x00007fffff7db000 	C:\WINDOWS\System32\sechost.dll
0x00007fffff660000 - 0x00007fffff77f000 	C:\WINDOWS\System32\RPCRT4.dll
0x00007ffffdad0000 - 0x00007ffffdc5f000 	C:\WINDOWS\System32\USER32.dll
0x00007ffffcc20000 - 0x00007ffffcc40000 	C:\WINDOWS\System32\win32u.dll
0x00007ffffcf30000 - 0x00007ffffcf58000 	C:\WINDOWS\System32\GDI32.dll
0x00007ffffbf50000 - 0x00007ffffc0e3000 	C:\WINDOWS\System32\gdi32full.dll
0x00007ffffbeb0000 - 0x00007ffffbf4b000 	C:\WINDOWS\System32\msvcp_win.dll
0x00007ffffcb20000 - 0x00007ffffcc16000 	C:\WINDOWS\System32\ucrtbase.dll
0x00007ffff2500000 - 0x00007ffff2769000 	C:\WINDOWS\WinSxS\amd64_microsoft.windows.common-controls_6595b64144ccf1df_6.0.16299.192_none_15c8cdae9364c23b\COMCTL32.dll
0x00007ffffd7c0000 - 0x00007ffffdac8000 	C:\WINDOWS\System32\combase.dll
0x00007ffffcc40000 - 0x00007ffffccb2000 	C:\WINDOWS\System32\bcryptPrimitives.dll
0x00007fffff530000 - 0x00007fffff55d000 	C:\WINDOWS\System32\IMM32.DLL
0x0000000054980000 - 0x0000000054a52000 	C:\Program Files\Android\Android Studio\jre\jre\bin\msvcr100.dll
0x0000000054b40000 - 0x000000005537e000 	C:\Program Files\Android\Android Studio\jre\jre\bin\server\jvm.dll
0x00007ffffd030000 - 0x00007ffffd038000 	C:\WINDOWS\System32\PSAPI.DLL
0x00007ffff8da0000 - 0x00007ffff8da9000 	C:\WINDOWS\SYSTEM32\WSOCK32.dll
0x00007ffffde10000 - 0x00007ffffde7c000 	C:\WINDOWS\System32\WS2_32.dll
0x00007fffed7f0000 - 0x00007fffed813000 	C:\WINDOWS\SYSTEM32\WINMM.dll
0x00007ffff5200000 - 0x00007ffff520a000 	C:\WINDOWS\SYSTEM32\VERSION.dll
0x00007fffed7c0000 - 0x00007fffed7ea000 	C:\WINDOWS\SYSTEM32\WINMMBASE.dll
0x00007ffffbe60000 - 0x00007ffffbeaa000 	C:\WINDOWS\System32\cfgmgr32.dll
0x00007ffff8580000 - 0x00007ffff858f000 	C:\Program Files\Android\Android Studio\jre\jre\bin\verify.dll
0x00007fffef320000 - 0x00007fffef349000 	C:\Program Files\Android\Android Studio\jre\jre\bin\java.dll
0x00007fffef2b0000 - 0x00007fffef2c6000 	C:\Program Files\Android\Android Studio\jre\jre\bin\zip.dll
0x00007ffffde80000 - 0x00007fffff2b6000 	C:\WINDOWS\System32\SHELL32.dll
0x00007fffff7e0000 - 0x00007fffff886000 	C:\WINDOWS\System32\shcore.dll
0x00007ffffc200000 - 0x00007ffffc947000 	C:\WINDOWS\System32\windows.storage.dll
0x00007ffffddb0000 - 0x00007ffffde01000 	C:\WINDOWS\System32\shlwapi.dll
0x00007ffffbe40000 - 0x00007ffffbe51000 	C:\WINDOWS\System32\kernel.appcore.dll
0x00007ffffbdf0000 - 0x00007ffffbe3c000 	C:\WINDOWS\System32\powrprof.dll
0x00007ffffbdd0000 - 0x00007ffffbdeb000 	C:\WINDOWS\System32\profapi.dll

VM Arguments:
jvm_args: -Djava.awt.headless=true -Xmx1024M -Dfile.encoding=windows-1252 -Duser.country=ES -Duser.language=es -Duser.variant 
java_command: com.android.dx.command.Main --dex --force-jumbo --num-threads=4 --multi-dex --output C:\Users\-\Desktop\TimeTracker\app\build\intermediates\transforms\dex\debug\folders\1000\10000\instant-run_3ba3a0142968c7c1dd44369ec1e3132d98b5f216 C:\Users\-\Desktop\TimeTracker\app\build\intermediates\incremental-runtime-classes\debug\instant-run.jar
java_class_path (initial): C:\Users\-\AppData\Local\Android\Sdk\build-tools\27.0.3\lib\dx.jar
Launcher Type: SUN_STANDARD

Environment Variables:
PATH=C:\WINDOWS\system32;C:\WINDOWS;C:\WINDOWS\System32\Wbem;C:\WINDOWS\System32\WindowsPowerShell\v1.0\;C:\Program Files (x86)\ATI Technologies\ATI.ACE\Core-Static;C:\Program Files (x86)\Skype\Phone\;C:\Python27;C:\Program Files\PuTTY\;C:\Program Files (x86)\Windows Live\Shared;C:\Program Files\Git\cmd;C:\HashiCorp\Vagrant\bin;C:\Users\-\Anaconda2;C:\Users\-\Anaconda2\Scripts;C:\Users\-\Anaconda2\Library\bin;C:\WINDOWS\system32;C:\WINDOWS;C:\WINDOWS\System32\Wbem;C:\WINDOWS\System32\WindowsPowerShell\v1.0\;C:\Program Files (x86)\ATI Technologies\ATI.ACE\Core-Static;C:\Program Files (x86)\Skype\Phone\;C:\Python27;C:\Program Files\PuTTY\;C:\Users\-\AppData\Local\Microsoft\WindowsApps;C:\Users\-\AppData\Local\atom\bin;C:\Python27\Scripts;C:\Users\-\AppData\Local\Microsoft\WindowsApps;C:\php;
USERNAME=-
OS=Windows_NT
PROCESSOR_IDENTIFIER=AMD64 Family 21 Model 16 Stepping 1, AuthenticAMD



---------------  S Y S T E M  ---------------

OS: Windows 10.0 , 64 bit Build 16299 (10.0.16299.15)

CPU:total 4 (initial active 4) (4 cores per cpu, 1 threads per core) family 21 model 16 stepping 1, cmov, cx8, fxsr, mmx, sse, sse2, sse3, ssse3, sse4.1, sse4.2, popcnt, avx, aes, clmul, mmxext, 3dnowpref, lzcnt, sse4a, tsc, tscinvbit, tscinv, bmi1

Memory: 4k page, physical 7548012k(792612k free), swap 10693740k(5124k free)

vm_info: OpenJDK 64-Bit Server VM (25.152-b01) for windows-amd64 JRE (1.8.0_152-release-915-b01), built by "builder" with MS VC++ 10.0 (VS2010)

time: Tue Jan 09 20:59:26 2018
elapsed time: 1 seconds (0d 0h 0m 1s)

