#
# There is insufficient memory for the Java Runtime Environment to continue.
# Native memory allocation (malloc) failed to allocate 32744 bytes for ChunkPool::allocate
# Possible reasons:
#   The system is out of physical RAM or swap space
#   In 32 bit mode, the process size limit was hit
# Possible solutions:
#   Reduce memory load on the system
#   Increase physical memory or swap space
#   Check if swap backing store is full
#   Use 64 bit Java on a 64 bit OS
#   Decrease Java heap size (-Xmx/-Xms)
#   Decrease number of Java threads
#   Decrease Java thread stack sizes (-Xss)
#   Set larger code cache with -XX:ReservedCodeCacheSize=
# This output file may be truncated or incomplete.
#
#  Out of Memory Error (allocation.cpp:273), pid=7480, tid=0x00000000000022ac
#
# JRE version: OpenJDK Runtime Environment (8.0_152-b01) (build 1.8.0_152-release-915-b01)
# Java VM: OpenJDK 64-Bit Server VM (25.152-b01 mixed mode windows-amd64 compressed oops)
# Failed to write core dump. Minidumps are not enabled by default on client versions of Windows
#

---------------  T H R E A D  ---------------

Current thread (0x00000000173aa800):  JavaThread "C1 CompilerThread2" daemon [_thread_in_native, id=8876, stack(0x0000000018bc0000,0x0000000018cc0000)]

Stack: [0x0000000018bc0000,0x0000000018cc0000]
[error occurred during error reporting (printing stack bounds), id 0xc0000005]

Native frames: (J=compiled Java code, j=interpreted, Vv=VM code, C=native code)


Current CompileTask:
C1:    564  258   !   3       com.android.dx.cf.code.BytecodeArray::parseInstruction (2796 bytes)


---------------  P R O C E S S  ---------------

Java Threads: ( => current thread )
  0x0000000018fdf800 JavaThread "pool-2-thread-4" [_thread_in_Java, id=11708, stack(0x00000000196c0000,0x00000000197c0000)]
  0x0000000018fac000 JavaThread "pool-2-thread-3" [_thread_blocked, id=7292, stack(0x00000000195c0000,0x00000000196c0000)]
  0x0000000018faa000 JavaThread "pool-2-thread-2" [_thread_in_vm, id=7700, stack(0x00000000194c0000,0x00000000195c0000)]
  0x0000000018e2c000 JavaThread "pool-3-thread-1" [_thread_blocked, id=9364, stack(0x00000000193c0000,0x00000000194c0000)]
  0x0000000018e27800 JavaThread "pool-2-thread-1" [_thread_in_vm, id=6436, stack(0x00000000192c0000,0x00000000193c0000)]
  0x0000000018cc3800 JavaThread "Service Thread" daemon [_thread_blocked, id=5692, stack(0x00000000190c0000,0x00000000191c0000)]
=>0x00000000173aa800 JavaThread "C1 CompilerThread2" daemon [_thread_in_native, id=8876, stack(0x0000000018bc0000,0x0000000018cc0000)]
  0x000000001739d000 JavaThread "C2 CompilerThread1" daemon [_thread_blocked, id=4352, stack(0x0000000018ac0000,0x0000000018bc0000)]
  0x000000001734c800 JavaThread "C2 CompilerThread0" daemon [_thread_blocked, id=8656, stack(0x00000000189c0000,0x0000000018ac0000)]
  0x000000001734b000 JavaThread "Attach Listener" daemon [_thread_blocked, id=12096, stack(0x00000000188c0000,0x00000000189c0000)]
  0x000000001734a000 JavaThread "Signal Dispatcher" daemon [_thread_blocked, id=9384, stack(0x00000000187c0000,0x00000000188c0000)]
  0x0000000004c78000 JavaThread "Finalizer" daemon [_thread_blocked, id=7556, stack(0x00000000185b0000,0x00000000186b0000)]
  0x0000000004c72800 JavaThread "Reference Handler" daemon [_thread_blocked, id=880, stack(0x00000000184b0000,0x00000000185b0000)]
  0x0000000004b6e000 JavaThread "main" [_thread_in_native, id=6744, stack(0x0000000004a00000,0x0000000004b00000)]

Other Threads:
  0x0000000017315800 VMThread [stack: 0x00000000183b0000,0x00000000184b0000] [id=2224]
  0x0000000018cc5800 WatcherThread [stack: 0x00000000191c0000,0x00000000192c0000] [id=8984]

VM state:not at safepoint (normal execution)

VM Mutex/Monitor currently owned by a thread: None

Heap:
 PSYoungGen      total 34816K, used 7937K [0x00000000eab00000, 0x00000000ed180000, 0x0000000100000000)
  eden space 30208K, 26% used [0x00000000eab00000,0x00000000eb2c0730,0x00000000ec880000)
  from space 4608K, 0% used [0x00000000ecd00000,0x00000000ecd00000,0x00000000ed180000)
  to   space 4608K, 0% used [0x00000000ec880000,0x00000000ec880000,0x00000000ecd00000)
 ParOldGen       total 79360K, used 0K [0x00000000c0000000, 0x00000000c4d80000, 0x00000000eab00000)
  object space 79360K, 0% used [0x00000000c0000000,0x00000000c0000000,0x00000000c4d80000)
 Metaspace       used 4608K, capacity 5872K, committed 6016K, reserved 1056768K
  class space    used 492K, capacity 552K, committed 640K, reserved 1048576K

Card table byte_map: [0x0000000014040000,0x0000000014250000] byte_map_base: 0x0000000013a40000

Marking Bits: (ParMarkBitMap*) 0x0000000055303950
 Begin Bits: [0x00000000147b0000, 0x00000000157b0000)
 End Bits:   [0x00000000157b0000, 0x00000000167b0000)

Polling page: 0x0000000004b00000

CodeCache: size=245760Kb used=1593Kb max_used=1593Kb free=244166Kb
 bounds [0x0000000004c80000, 0x0000000004ef0000, 0x0000000013c80000]
 total_blobs=515 nmethods=257 adapters=173
 compilation: enabled

Compilation events (10 events):
Event: 0.551 Thread 0x00000000173aa800 nmethod 255 0x0000000004e0e010 code [0x0000000004e0e160, 0x0000000004e0e270]
Event: 0.551 Thread 0x00000000173aa800  256       1       com.android.dx.rop.code.Insn::getSources (5 bytes)
Event: 0.552 Thread 0x00000000173aa800 nmethod 256 0x0000000004e0e2d0 code [0x0000000004e0e420, 0x0000000004e0e530]
Event: 0.552 Thread 0x00000000173aa800  252       1       com.android.dx.rop.cst.CstMemberRef::getDefiningClass (5 bytes)
Event: 0.552 Thread 0x00000000173aa800 nmethod 252 0x0000000004e0e590 code [0x0000000004e0e6e0, 0x0000000004e0e7f0]
Event: 0.552 Thread 0x00000000173aa800  254       1       com.android.dx.cf.code.ExecutionStack::size (5 bytes)
Event: 0.552 Thread 0x00000000173aa800 nmethod 254 0x0000000004e0e850 code [0x0000000004e0e9a0, 0x0000000004e0eab0]
Event: 0.552 Thread 0x00000000173aa800  257       1       com.android.dx.cf.code.BaseMachine::argCount (5 bytes)
Event: 0.552 Thread 0x00000000173aa800 nmethod 257 0x0000000004e0eb10 code [0x0000000004e0ec60, 0x0000000004e0ed70]
Event: 0.552 Thread 0x00000000173aa800  258   !   3       com.android.dx.cf.code.BytecodeArray::parseInstruction (2796 bytes)

GC Heap History (0 events):
No events

Deoptimization events (0 events):
No events

Classes redefined (0 events):
No events

Internal exceptions (2 events):
Event: 0.076 Thread 0x0000000004b6e000 Exception <a 'java/lang/NoSuchMethodError': Method sun.misc.Unsafe.defineClass(Ljava/lang/String;[BII)Ljava/lang/Class; name or signature does not match> (0x00000000eab07ca8) thrown at [D:\src\AOSP-openjdk-cygwin\jdk8u\hotspot\src\share\vm\prims\jni.cpp, 
Event: 0.076 Thread 0x0000000004b6e000 Exception <a 'java/lang/NoSuchMethodError': Method sun.misc.Unsafe.prefetchRead(Ljava/lang/Object;J)V name or signature does not match> (0x00000000eab07f90) thrown at [D:\src\AOSP-openjdk-cygwin\jdk8u\hotspot\src\share\vm\prims\jni.cpp, line 4011]

Events (10 events):
Event: 0.553 loading class com/android/dx/ssa/SsaBasicBlock$LabelComparator
Event: 0.553 loading class com/android/dx/ssa/SsaBasicBlock$LabelComparator done
Event: 0.553 loading class java/lang/CloneNotSupportedException
Event: 0.554 loading class java/lang/CloneNotSupportedException done
Event: 0.558 loading class com/android/dx/ssa/LocalVariableExtractor
Event: 0.558 loading class com/android/dx/ssa/LocalVariableExtractor done
Event: 0.559 loading class com/android/dx/ssa/LocalVariableInfo
Event: 0.559 loading class com/android/dx/ssa/LocalVariableInfo done
Event: 0.560 loading class com/android/dx/rop/code/RegisterSpecSet
Event: 0.560 loading class com/android/dx/rop/code/RegisterSpecSet done


Dynamic libraries:
0x00007ff673fb0000 - 0x00007ff673fe1000 	C:\Program Files\Android\Android Studio\jre\bin\java.exe
0x00007fffffa60000 - 0x00007fffffc40000 	C:\WINDOWS\SYSTEM32\ntdll.dll
0x00007ffffd040000 - 0x00007ffffd0ee000 	C:\WINDOWS\System32\KERNEL32.DLL
0x00007ffffccc0000 - 0x00007ffffcf26000 	C:\WINDOWS\System32\KERNELBASE.dll
0x00007ffffdd00000 - 0x00007ffffdda1000 	C:\WINDOWS\System32\ADVAPI32.dll
0x00007ffffdc60000 - 0x00007ffffdcfd000 	C:\WINDOWS\System32\msvcrt.dll
0x00007fffff780000 - 0x00007fffff7db000 	C:\WINDOWS\System32\sechost.dll
0x00007fffff660000 - 0x00007fffff77f000 	C:\WINDOWS\System32\RPCRT4.dll
0x00007ffffdad0000 - 0x00007ffffdc5f000 	C:\WINDOWS\System32\USER32.dll
0x00007ffffcc20000 - 0x00007ffffcc40000 	C:\WINDOWS\System32\win32u.dll
0x00007ffffcf30000 - 0x00007ffffcf58000 	C:\WINDOWS\System32\GDI32.dll
0x00007ffffbf50000 - 0x00007ffffc0e3000 	C:\WINDOWS\System32\gdi32full.dll
0x00007ffffbeb0000 - 0x00007ffffbf4b000 	C:\WINDOWS\System32\msvcp_win.dll
0x00007ffffcb20000 - 0x00007ffffcc16000 	C:\WINDOWS\System32\ucrtbase.dll
0x00007ffff2500000 - 0x00007ffff2769000 	C:\WINDOWS\WinSxS\amd64_microsoft.windows.common-controls_6595b64144ccf1df_6.0.16299.192_none_15c8cdae9364c23b\COMCTL32.dll
0x00007ffffd7c0000 - 0x00007ffffdac8000 	C:\WINDOWS\System32\combase.dll
0x00007ffffcc40000 - 0x00007ffffccb2000 	C:\WINDOWS\System32\bcryptPrimitives.dll
0x00007fffff530000 - 0x00007fffff55d000 	C:\WINDOWS\System32\IMM32.DLL
0x0000000054980000 - 0x0000000054a52000 	C:\Program Files\Android\Android Studio\jre\jre\bin\msvcr100.dll
0x0000000054b40000 - 0x000000005537e000 	C:\Program Files\Android\Android Studio\jre\jre\bin\server\jvm.dll
0x00007ffffd030000 - 0x00007ffffd038000 	C:\WINDOWS\System32\PSAPI.DLL
0x00007ffff8da0000 - 0x00007ffff8da9000 	C:\WINDOWS\SYSTEM32\WSOCK32.dll
0x00007ffffde10000 - 0x00007ffffde7c000 	C:\WINDOWS\System32\WS2_32.dll
0x00007fffed7f0000 - 0x00007fffed813000 	C:\WINDOWS\SYSTEM32\WINMM.dll
0x00007ffff5200000 - 0x00007ffff520a000 	C:\WINDOWS\SYSTEM32\VERSION.dll
0x00007fffed7c0000 - 0x00007fffed7ea000 	C:\WINDOWS\SYSTEM32\WINMMBASE.dll
0x00007ffffbe60000 - 0x00007ffffbeaa000 	C:\WINDOWS\System32\cfgmgr32.dll
0x00007ffff8580000 - 0x00007ffff858f000 	C:\Program Files\Android\Android Studio\jre\jre\bin\verify.dll
0x00007fffef320000 - 0x00007fffef349000 	C:\Program Files\Android\Android Studio\jre\jre\bin\java.dll
0x00007fffef2b0000 - 0x00007fffef2c6000 	C:\Program Files\Android\Android Studio\jre\jre\bin\zip.dll
0x00007ffffde80000 - 0x00007fffff2b6000 	C:\WINDOWS\System32\SHELL32.dll
0x00007fffff7e0000 - 0x00007fffff886000 	C:\WINDOWS\System32\shcore.dll
0x00007ffffc200000 - 0x00007ffffc947000 	C:\WINDOWS\System32\windows.storage.dll
0x00007ffffddb0000 - 0x00007ffffde01000 	C:\WINDOWS\System32\shlwapi.dll
0x00007ffffbe40000 - 0x00007ffffbe51000 	C:\WINDOWS\System32\kernel.appcore.dll
0x00007ffffbdf0000 - 0x00007ffffbe3c000 	C:\WINDOWS\System32\powrprof.dll
0x00007ffffbdd0000 - 0x00007ffffbdeb000 	C:\WINDOWS\System32\profapi.dll

VM Arguments:
jvm_args: -Djava.awt.headless=true -Xmx1024M -Dfile.encoding=windows-1252 -Duser.country=ES -Duser.language=es -Duser.variant 
java_command: com.android.dx.command.Main --dex --force-jumbo --num-threads=4 --multi-dex --output C:\Users\-\Desktop\TimeTracker\app\build\intermediates\transforms\dex\debug\folders\1000\5\slice_2 C:\Users\-\Desktop\TimeTracker\app\build\intermediates\transforms\instantRunSlicer\debug\folders\1\5\slice_2
java_class_path (initial): C:\Users\-\AppData\Local\Android\Sdk\build-tools\27.0.3\lib\dx.jar
Launcher Type: SUN_STANDARD

Environment Variables:
PATH=C:\WINDOWS\system32;C:\WINDOWS;C:\WINDOWS\System32\Wbem;C:\WINDOWS\System32\WindowsPowerShell\v1.0\;C:\Program Files (x86)\ATI Technologies\ATI.ACE\Core-Static;C:\Program Files (x86)\Skype\Phone\;C:\Python27;C:\Program Files\PuTTY\;C:\Program Files (x86)\Windows Live\Shared;C:\Program Files\Git\cmd;C:\HashiCorp\Vagrant\bin;C:\Users\-\Anaconda2;C:\Users\-\Anaconda2\Scripts;C:\Users\-\Anaconda2\Library\bin;C:\WINDOWS\system32;C:\WINDOWS;C:\WINDOWS\System32\Wbem;C:\WINDOWS\System32\WindowsPowerShell\v1.0\;C:\Program Files (x86)\ATI Technologies\ATI.ACE\Core-Static;C:\Program Files (x86)\Skype\Phone\;C:\Python27;C:\Program Files\PuTTY\;C:\Users\-\AppData\Local\Microsoft\WindowsApps;C:\Users\-\AppData\Local\atom\bin;C:\Python27\Scripts;C:\Users\-\AppData\Local\Microsoft\WindowsApps;C:\php;
USERNAME=-
OS=Windows_NT
PROCESSOR_IDENTIFIER=AMD64 Family 21 Model 16 Stepping 1, AuthenticAMD



---------------  S Y S T E M  ---------------

OS: Windows 10.0 , 64 bit Build 16299 (10.0.16299.15)

CPU:total 4 (initial active 4) (4 cores per cpu, 1 threads per core) family 21 model 16 stepping 1, cmov, cx8, fxsr, mmx, sse, sse2, sse3, ssse3, sse4.1, sse4.2, popcnt, avx, aes, clmul, mmxext, 3dnowpref, lzcnt, sse4a, tsc, tscinvbit, tscinv, bmi1

Memory: 4k page, physical 7548012k(832228k free), swap 10693740k(2812k free)

vm_info: OpenJDK 64-Bit Server VM (25.152-b01) for windows-amd64 JRE (1.8.0_152-release-915-b01), built by "builder" with MS VC++ 10.0 (VS2010)

time: Tue Jan 09 20:59:23 2018
elapsed time: 0 seconds (0d 0h 0m 0s)

