#
# There is insufficient memory for the Java Runtime Environment to continue.
# Native memory allocation (malloc) failed to allocate 32744 bytes for ChunkPool::allocate
# Possible reasons:
#   The system is out of physical RAM or swap space
#   In 32 bit mode, the process size limit was hit
# Possible solutions:
#   Reduce memory load on the system
#   Increase physical memory or swap space
#   Check if swap backing store is full
#   Use 64 bit Java on a 64 bit OS
#   Decrease Java heap size (-Xmx/-Xms)
#   Decrease number of Java threads
#   Decrease Java thread stack sizes (-Xss)
#   Set larger code cache with -XX:ReservedCodeCacheSize=
# This output file may be truncated or incomplete.
#
#  Out of Memory Error (allocation.cpp:273), pid=708, tid=0x0000000000002490
#
# JRE version: OpenJDK Runtime Environment (8.0_152-b01) (build 1.8.0_152-release-915-b01)
# Java VM: OpenJDK 64-Bit Server VM (25.152-b01 mixed mode windows-amd64 compressed oops)
# Failed to write core dump. Minidumps are not enabled by default on client versions of Windows
#

---------------  T H R E A D  ---------------

Current thread (0x000000001777a000):  JavaThread "C1 CompilerThread2" daemon [_thread_in_native, id=9360, stack(0x0000000018fa0000,0x00000000190a0000)]

Stack: [0x0000000018fa0000,0x00000000190a0000]
[error occurred during error reporting (printing stack bounds), id 0xc0000005]

Native frames: (J=compiled Java code, j=interpreted, Vv=VM code, C=native code)


Current CompileTask:
C1:  11293 2111       2       java.util.DualPivotQuicksort::sort (1195 bytes)


---------------  P R O C E S S  ---------------

Java Threads: ( => current thread )
  0x0000000019353000 JavaThread "pool-1-thread-4" [_thread_in_Java, id=9828, stack(0x0000000019aa0000,0x0000000019ba0000)]
  0x0000000019352800 JavaThread "pool-1-thread-3" [_thread_in_Java, id=2224, stack(0x00000000199a0000,0x0000000019aa0000)]
  0x0000000019351800 JavaThread "pool-1-thread-2" [_thread_blocked, id=7412, stack(0x00000000198a0000,0x00000000199a0000)]
  0x000000001934d000 JavaThread "pool-2-thread-1" [_thread_blocked, id=13228, stack(0x00000000197a0000,0x00000000198a0000)]
  0x000000001934c000 JavaThread "pool-1-thread-1" [_thread_blocked, id=2632, stack(0x00000000196a0000,0x00000000197a0000)]
  0x000000001777d800 JavaThread "Service Thread" daemon [_thread_blocked, id=7896, stack(0x00000000194a0000,0x00000000195a0000)]
=>0x000000001777a000 JavaThread "C1 CompilerThread2" daemon [_thread_in_native, id=9360, stack(0x0000000018fa0000,0x00000000190a0000)]
  0x000000001773a800 JavaThread "C2 CompilerThread1" daemon [_thread_in_native, id=11096, stack(0x0000000018ea0000,0x0000000018fa0000)]
  0x000000001771c000 JavaThread "C2 CompilerThread0" daemon [_thread_in_native, id=10112, stack(0x0000000018da0000,0x0000000018ea0000)]
  0x000000001771b000 JavaThread "Attach Listener" daemon [_thread_blocked, id=1220, stack(0x0000000018ca0000,0x0000000018da0000)]
  0x000000001771a000 JavaThread "Signal Dispatcher" daemon [_thread_blocked, id=11008, stack(0x0000000018ba0000,0x0000000018ca0000)]
  0x0000000017708800 JavaThread "Finalizer" daemon [_thread_blocked, id=2920, stack(0x0000000018990000,0x0000000018a90000)]
  0x0000000005042800 JavaThread "Reference Handler" daemon [_thread_blocked, id=4820, stack(0x0000000018890000,0x0000000018990000)]
  0x0000000000dee000 JavaThread "main" [_thread_blocked, id=11576, stack(0x00000000034a0000,0x00000000035a0000)]

Other Threads:
  0x00000000176e5800 VMThread [stack: 0x0000000018790000,0x0000000018890000] [id=12776]
  0x00000000190a5800 WatcherThread [stack: 0x00000000195a0000,0x00000000196a0000] [id=10528]

VM state:not at safepoint (normal execution)

VM Mutex/Monitor currently owned by a thread: None

Heap:
 PSYoungGen      total 125440K, used 19528K [0x00000000eab00000, 0x00000000fc600000, 0x0000000100000000)
  eden space 120832K, 12% used [0x00000000eab00000,0x00000000eb997290,0x00000000f2100000)
  from space 4608K, 99% used [0x00000000f2100000,0x00000000f257b078,0x00000000f2580000)
  to   space 24064K, 0% used [0x00000000fae80000,0x00000000fae80000,0x00000000fc600000)
 ParOldGen       total 79360K, used 40464K [0x00000000c0000000, 0x00000000c4d80000, 0x00000000eab00000)
  object space 79360K, 50% used [0x00000000c0000000,0x00000000c2784168,0x00000000c4d80000)
 Metaspace       used 6615K, capacity 7320K, committed 7680K, reserved 1056768K
  class space    used 618K, capacity 656K, committed 768K, reserved 1048576K

Card table byte_map: [0x0000000014410000,0x0000000014620000] byte_map_base: 0x0000000013e10000

Marking Bits: (ParMarkBitMap*) 0x0000000055303950
 Begin Bits: [0x0000000014b80000, 0x0000000015b80000)
 End Bits:   [0x0000000015b80000, 0x0000000016b80000)

Polling page: 0x0000000000dd0000

CodeCache: size=245760Kb used=8949Kb max_used=8949Kb free=236810Kb
 bounds [0x0000000005050000, 0x0000000005920000, 0x0000000014050000]
 total_blobs=2214 nmethods=1944 adapters=184
 compilation: enabled

Compilation events (10 events):
Event: 11.230 Thread 0x000000001777a000 nmethod 2105 0x00000000058ff490 code [0x00000000058ff620, 0x00000000058ff848]
Event: 11.254 Thread 0x000000001777a000 2107       2       com.android.dx.rop.type.Type::isCategory1 (36 bytes)
Event: 11.254 Thread 0x000000001777a000 nmethod 2107 0x00000000058ff150 code [0x00000000058ff2a0, 0x00000000058ff410]
Event: 11.268 Thread 0x000000001777a000 2108   !   2       java.util.concurrent.ArrayBlockingQueue::take (46 bytes)
Event: 11.268 Thread 0x000000001777a000 nmethod 2108 0x00000000058fe6d0 code [0x00000000058fe8a0, 0x00000000058fecb8]
Event: 11.269 Thread 0x000000001777a000 2109       2       java.util.concurrent.locks.AbstractQueuedSynchronizer::unparkSuccessor (84 bytes)
Event: 11.270 Thread 0x000000001777a000 nmethod 2109 0x00000000058fe150 code [0x00000000058fe2c0, 0x00000000058fe528]
Event: 11.287 Thread 0x000000001777a000 2110       2       java.util.Arrays::sort (19 bytes)
Event: 11.288 Thread 0x000000001777a000 nmethod 2110 0x00000000058fdd50 code [0x00000000058fdec0, 0x00000000058fe078]
Event: 11.288 Thread 0x000000001777a000 2111       2       java.util.DualPivotQuicksort::sort (1195 bytes)

GC Heap History (10 events):
Event: 2.699 GC heap before
{Heap before GC invocations=1 (full 0):
 PSYoungGen      total 34816K, used 30208K [0x00000000eab00000, 0x00000000ed180000, 0x0000000100000000)
  eden space 30208K, 100% used [0x00000000eab00000,0x00000000ec880000,0x00000000ec880000)
  from space 4608K, 0% used [0x00000000ecd00000,0x00000000ecd00000,0x00000000ed180000)
  to   space 4608K, 0% used [0x00000000ec880000,0x00000000ec880000,0x00000000ecd00000)
 ParOldGen       total 79360K, used 0K [0x00000000c0000000, 0x00000000c4d80000, 0x00000000eab00000)
  object space 79360K, 0% used [0x00000000c0000000,0x00000000c0000000,0x00000000c4d80000)
 Metaspace       used 6061K, capacity 6896K, committed 7040K, reserved 1056768K
  class space    used 598K, capacity 616K, committed 640K, reserved 1048576K
Event: 2.838 GC heap after
Heap after GC invocations=1 (full 0):
 PSYoungGen      total 34816K, used 4605K [0x00000000eab00000, 0x00000000eef00000, 0x0000000100000000)
  eden space 30208K, 0% used [0x00000000eab00000,0x00000000eab00000,0x00000000ec880000)
  from space 4608K, 99% used [0x00000000ec880000,0x00000000eccff5d0,0x00000000ecd00000)
  to   space 4608K, 0% used [0x00000000eea80000,0x00000000eea80000,0x00000000eef00000)
 ParOldGen       total 79360K, used 1075K [0x00000000c0000000, 0x00000000c4d80000, 0x00000000eab00000)
  object space 79360K, 1% used [0x00000000c0000000,0x00000000c010cca8,0x00000000c4d80000)
 Metaspace       used 6061K, capacity 6896K, committed 7040K, reserved 1056768K
  class space    used 598K, capacity 616K, committed 640K, reserved 1048576K
}
Event: 3.786 GC heap before
{Heap before GC invocations=2 (full 0):
 PSYoungGen      total 34816K, used 34813K [0x00000000eab00000, 0x00000000eef00000, 0x0000000100000000)
  eden space 30208K, 100% used [0x00000000eab00000,0x00000000ec880000,0x00000000ec880000)
  from space 4608K, 99% used [0x00000000ec880000,0x00000000eccff5d0,0x00000000ecd00000)
  to   space 4608K, 0% used [0x00000000eea80000,0x00000000eea80000,0x00000000eef00000)
 ParOldGen       total 79360K, used 1075K [0x00000000c0000000, 0x00000000c4d80000, 0x00000000eab00000)
  object space 79360K, 1% used [0x00000000c0000000,0x00000000c010cca8,0x00000000c4d80000)
 Metaspace       used 6306K, capacity 7152K, committed 7296K, reserved 1056768K
  class space    used 598K, capacity 616K, committed 640K, reserved 1048576K
Event: 3.939 GC heap after
Heap after GC invocations=2 (full 0):
 PSYoungGen      total 65024K, used 4589K [0x00000000eab00000, 0x00000000eef00000, 0x0000000100000000)
  eden space 60416K, 0% used [0x00000000eab00000,0x00000000eab00000,0x00000000ee600000)
  from space 4608K, 99% used [0x00000000eea80000,0x00000000eeefb790,0x00000000eef00000)
  to   space 4608K, 0% used [0x00000000ee600000,0x00000000ee600000,0x00000000eea80000)
 ParOldGen       total 79360K, used 4827K [0x00000000c0000000, 0x00000000c4d80000, 0x00000000eab00000)
  object space 79360K, 6% used [0x00000000c0000000,0x00000000c04b6f58,0x00000000c4d80000)
 Metaspace       used 6306K, capacity 7152K, committed 7296K, reserved 1056768K
  class space    used 598K, capacity 616K, committed 640K, reserved 1048576K
}
Event: 5.642 GC heap before
{Heap before GC invocations=3 (full 0):
 PSYoungGen      total 65024K, used 65005K [0x00000000eab00000, 0x00000000eef00000, 0x0000000100000000)
  eden space 60416K, 100% used [0x00000000eab00000,0x00000000ee600000,0x00000000ee600000)
  from space 4608K, 99% used [0x00000000eea80000,0x00000000eeefb790,0x00000000eef00000)
  to   space 4608K, 0% used [0x00000000ee600000,0x00000000ee600000,0x00000000eea80000)
 ParOldGen       total 79360K, used 4827K [0x00000000c0000000, 0x00000000c4d80000, 0x00000000eab00000)
  object space 79360K, 6% used [0x00000000c0000000,0x00000000c04b6f58,0x00000000c4d80000)
 Metaspace       used 6414K, capacity 7216K, committed 7296K, reserved 1056768K
  class space    used 599K, capacity 616K, committed 640K, reserved 1048576K
Event: 5.678 GC heap after
Heap after GC invocations=3 (full 0):
 PSYoungGen      total 65024K, used 4593K [0x00000000eab00000, 0x00000000f2a00000, 0x0000000100000000)
  eden space 60416K, 0% used [0x00000000eab00000,0x00000000eab00000,0x00000000ee600000)
  from space 4608K, 99% used [0x00000000ee600000,0x00000000eea7c4d8,0x00000000eea80000)
  to   space 4608K, 0% used [0x00000000f2580000,0x00000000f2580000,0x00000000f2a00000)
 ParOldGen       total 79360K, used 14112K [0x00000000c0000000, 0x00000000c4d80000, 0x00000000eab00000)
  object space 79360K, 17% used [0x00000000c0000000,0x00000000c0dc82d8,0x00000000c4d80000)
 Metaspace       used 6414K, capacity 7216K, committed 7296K, reserved 1056768K
  class space    used 599K, capacity 616K, committed 640K, reserved 1048576K
}
Event: 7.088 GC heap before
{Heap before GC invocations=4 (full 0):
 PSYoungGen      total 65024K, used 65009K [0x00000000eab00000, 0x00000000f2a00000, 0x0000000100000000)
  eden space 60416K, 100% used [0x00000000eab00000,0x00000000ee600000,0x00000000ee600000)
  from space 4608K, 99% used [0x00000000ee600000,0x00000000eea7c4d8,0x00000000eea80000)
  to   space 4608K, 0% used [0x00000000f2580000,0x00000000f2580000,0x00000000f2a00000)
 ParOldGen       total 79360K, used 14112K [0x00000000c0000000, 0x00000000c4d80000, 0x00000000eab00000)
  object space 79360K, 17% used [0x00000000c0000000,0x00000000c0dc82d8,0x00000000c4d80000)
 Metaspace       used 6528K, capacity 7256K, committed 7424K, reserved 1056768K
  class space    used 618K, capacity 656K, committed 768K, reserved 1048576K
Event: 7.195 GC heap after
Heap after GC invocations=4 (full 0):
 PSYoungGen      total 125440K, used 4595K [0x00000000eab00000, 0x00000000f2a00000, 0x0000000100000000)
  eden space 120832K, 0% used [0x00000000eab00000,0x00000000eab00000,0x00000000f2100000)
  from space 4608K, 99% used [0x00000000f2580000,0x00000000f29fccb0,0x00000000f2a00000)
  to   space 4608K, 0% used [0x00000000f2100000,0x00000000f2100000,0x00000000f2580000)
 ParOldGen       total 79360K, used 23052K [0x00000000c0000000, 0x00000000c4d80000, 0x00000000eab00000)
  object space 79360K, 29% used [0x00000000c0000000,0x00000000c1683060,0x00000000c4d80000)
 Metaspace       used 6528K, capacity 7256K, committed 7424K, reserved 1056768K
  class space    used 618K, capacity 656K, committed 768K, reserved 1048576K
}
Event: 10.684 GC heap before
{Heap before GC invocations=5 (full 0):
 PSYoungGen      total 125440K, used 125427K [0x00000000eab00000, 0x00000000f2a00000, 0x0000000100000000)
  eden space 120832K, 100% used [0x00000000eab00000,0x00000000f2100000,0x00000000f2100000)
  from space 4608K, 99% used [0x00000000f2580000,0x00000000f29fccb0,0x00000000f2a00000)
  to   space 4608K, 0% used [0x00000000f2100000,0x00000000f2100000,0x00000000f2580000)
 ParOldGen       total 79360K, used 23052K [0x00000000c0000000, 0x00000000c4d80000, 0x00000000eab00000)
  object space 79360K, 29% used [0x00000000c0000000,0x00000000c1683060,0x00000000c4d80000)
 Metaspace       used 6610K, capacity 7320K, committed 7680K, reserved 1056768K
  class space    used 618K, capacity 656K, committed 768K, reserved 1048576K
Event: 11.230 GC heap after
Heap after GC invocations=5 (full 0):
 PSYoungGen      total 125440K, used 4588K [0x00000000eab00000, 0x00000000fc600000, 0x0000000100000000)
  eden space 120832K, 0% used [0x00000000eab00000,0x00000000eab00000,0x00000000f2100000)
  from space 4608K, 99% used [0x00000000f2100000,0x00000000f257b078,0x00000000f2580000)
  to   space 24064K, 0% used [0x00000000fae80000,0x00000000fae80000,0x00000000fc600000)
 ParOldGen       total 79360K, used 40464K [0x00000000c0000000, 0x00000000c4d80000, 0x00000000eab00000)
  object space 79360K, 50% used [0x00000000c0000000,0x00000000c2784168,0x00000000c4d80000)
 Metaspace       used 6610K, capacity 7320K, committed 7680K, reserved 1056768K
  class space    used 618K, capacity 656K, committed 768K, reserved 1048576K
}

Deoptimization events (10 events):
Event: 7.266 Thread 0x0000000019353000 Uncommon trap: reason=unstable_if action=reinterpret pc=0x00000000052fae68 method=java.util.HashMap.getNode(ILjava/lang/Object;)Ljava/util/HashMap$Node; @ 84
Event: 8.109 Thread 0x0000000000dee000 Uncommon trap: reason=unstable_if action=reinterpret pc=0x00000000057aac58 method=com.android.dx.rop.code.DexTranslationAdvice.hasConstantOperation(Lcom/android/dx/rop/code/Rop;Lcom/android/dx/rop/code/RegisterSpec;Lcom/android/dx/rop/code/RegisterSpec;)Z
Event: 8.132 Thread 0x0000000000dee000 Uncommon trap: reason=unstable_if action=reinterpret pc=0x000000000581cbec method=java.util.HashMap.getNode(ILjava/lang/Object;)Ljava/util/HashMap$Node; @ 84
Event: 8.139 Thread 0x0000000019351800 Uncommon trap: reason=unstable_if action=reinterpret pc=0x00000000055dc0cc method=com.android.dx.ssa.MoveParamCombiner$1.visitNonMoveInsn(Lcom/android/dx/ssa/NormalSsaInsn;)V @ 27
Event: 8.305 Thread 0x0000000019352800 Uncommon trap: reason=unstable_if action=reinterpret pc=0x0000000005765834 method=java.util.HashMap.resize()[Ljava/util/HashMap$Node; @ 206
Event: 9.408 Thread 0x0000000019352800 Uncommon trap: reason=unstable_if action=reinterpret pc=0x0000000005446cb0 method=com.android.dx.dex.code.OutputFinisher.hasLocalInfo(Lcom/android/dx/dex/code/DalvInsn;)Z @ 24
Event: 9.833 Thread 0x0000000019353000 Uncommon trap: reason=unstable_if action=reinterpret pc=0x0000000005718a7c method=com.android.dx.ssa.SCCP.simulateBranch(Lcom/android/dx/ssa/SsaInsn;)V @ 548
Event: 9.925 Thread 0x0000000019352800 Uncommon trap: reason=unstable_if action=reinterpret pc=0x00000000058929ac method=java.util.HashMap.putVal(ILjava/lang/Object;Ljava/lang/Object;ZZ)Ljava/lang/Object; @ 109
Event: 9.947 Thread 0x0000000019352800 Uncommon trap: reason=unstable_if action=reinterpret pc=0x0000000005705960 method=com.android.dx.rop.cst.CstNat.equals(Ljava/lang/Object;)Z @ 25
Event: 10.603 Thread 0x0000000019353000 Uncommon trap: reason=unstable_if action=reinterpret pc=0x000000000584f320 method=com.android.dx.cf.code.ByteCatchList.listFor(I)Lcom/android/dx/cf/code/ByteCatchList; @ 47

Classes redefined (0 events):
No events

Internal exceptions (5 events):
Event: 0.094 Thread 0x0000000000dee000 Exception <a 'java/lang/NoSuchMethodError': Method sun.misc.Unsafe.defineClass(Ljava/lang/String;[BII)Ljava/lang/Class; name or signature does not match> (0x00000000eab07ca8) thrown at [D:\src\AOSP-openjdk-cygwin\jdk8u\hotspot\src\share\vm\prims\jni.cpp, 
Event: 0.094 Thread 0x0000000000dee000 Exception <a 'java/lang/NoSuchMethodError': Method sun.misc.Unsafe.prefetchRead(Ljava/lang/Object;J)V name or signature does not match> (0x00000000eab07f90) thrown at [D:\src\AOSP-openjdk-cygwin\jdk8u\hotspot\src\share\vm\prims\jni.cpp, line 4011]
Event: 6.349 Thread 0x0000000019351800 Exception <a 'java/lang/ArrayIndexOutOfBoundsException': 18> (0x00000000ed4d3720) thrown at [D:\src\AOSP-openjdk-cygwin\jdk8u\hotspot\src\share\vm\interpreter\interpreterRuntime.cpp, line 366]
Event: 6.350 Thread 0x0000000019351800 Exception <a 'java/lang/ArrayIndexOutOfBoundsException': 145> (0x00000000ed4d52a0) thrown at [D:\src\AOSP-openjdk-cygwin\jdk8u\hotspot\src\share\vm\interpreter\interpreterRuntime.cpp, line 366]
Event: 6.350 Thread 0x0000000019351800 Exception <a 'java/lang/ArrayIndexOutOfBoundsException'> (0x00000000ed4d6588) thrown at [D:\src\AOSP-openjdk-cygwin\jdk8u\hotspot\src\share\vm\runtime\sharedRuntime.cpp, line 605]

Events (10 events):
Event: 10.603 Thread 0x0000000019353000 DEOPT PACKING pc=0x000000000584f320 sp=0x0000000019b9e710
Event: 10.603 Thread 0x0000000019353000 DEOPT UNPACKING pc=0x000000000509556a sp=0x0000000019b9e5f0 mode 2
Event: 10.608 Executing VM operation: ParallelGCFailedAllocation
Event: 11.230 Executing VM operation: ParallelGCFailedAllocation done
Event: 11.238 Thread 0x0000000019353000 DEOPT PACKING pc=0x0000000005413d3a sp=0x0000000019b9e850
Event: 11.238 Thread 0x0000000019353000 DEOPT UNPACKING pc=0x00000000050971bf sp=0x0000000019b9e680 mode 0
Event: 11.246 Thread 0x0000000019351800 DEOPT PACKING pc=0x00000000054d2493 sp=0x000000001999e700
Event: 11.246 Thread 0x0000000019351800 DEOPT UNPACKING pc=0x00000000050971bf sp=0x000000001999e488 mode 0
Event: 11.277 Thread 0x0000000019353000 DEOPT PACKING pc=0x0000000005413982 sp=0x0000000019b9e7a0
Event: 11.277 Thread 0x0000000019353000 DEOPT UNPACKING pc=0x00000000050971bf sp=0x0000000019b9e5d0 mode 0


Dynamic libraries:
0x00007ff673fb0000 - 0x00007ff673fe1000 	C:\Program Files\Android\Android Studio\jre\bin\java.exe
0x00007fffffa60000 - 0x00007fffffc40000 	C:\WINDOWS\SYSTEM32\ntdll.dll
0x00007ffffd040000 - 0x00007ffffd0ee000 	C:\WINDOWS\System32\KERNEL32.DLL
0x00007ffffccc0000 - 0x00007ffffcf26000 	C:\WINDOWS\System32\KERNELBASE.dll
0x00007ffffdd00000 - 0x00007ffffdda1000 	C:\WINDOWS\System32\ADVAPI32.dll
0x00007ffffdc60000 - 0x00007ffffdcfd000 	C:\WINDOWS\System32\msvcrt.dll
0x00007fffff780000 - 0x00007fffff7db000 	C:\WINDOWS\System32\sechost.dll
0x00007fffff660000 - 0x00007fffff77f000 	C:\WINDOWS\System32\RPCRT4.dll
0x00007ffffdad0000 - 0x00007ffffdc5f000 	C:\WINDOWS\System32\USER32.dll
0x00007ffffcc20000 - 0x00007ffffcc40000 	C:\WINDOWS\System32\win32u.dll
0x00007ffffcf30000 - 0x00007ffffcf58000 	C:\WINDOWS\System32\GDI32.dll
0x00007ffffbf50000 - 0x00007ffffc0e3000 	C:\WINDOWS\System32\gdi32full.dll
0x00007ffffbeb0000 - 0x00007ffffbf4b000 	C:\WINDOWS\System32\msvcp_win.dll
0x00007ffffcb20000 - 0x00007ffffcc16000 	C:\WINDOWS\System32\ucrtbase.dll
0x00007ffff2500000 - 0x00007ffff2769000 	C:\WINDOWS\WinSxS\amd64_microsoft.windows.common-controls_6595b64144ccf1df_6.0.16299.192_none_15c8cdae9364c23b\COMCTL32.dll
0x00007ffffd7c0000 - 0x00007ffffdac8000 	C:\WINDOWS\System32\combase.dll
0x00007ffffcc40000 - 0x00007ffffccb2000 	C:\WINDOWS\System32\bcryptPrimitives.dll
0x00007fffff530000 - 0x00007fffff55d000 	C:\WINDOWS\System32\IMM32.DLL
0x0000000054980000 - 0x0000000054a52000 	C:\Program Files\Android\Android Studio\jre\jre\bin\msvcr100.dll
0x0000000054b40000 - 0x000000005537e000 	C:\Program Files\Android\Android Studio\jre\jre\bin\server\jvm.dll
0x00007ffffd030000 - 0x00007ffffd038000 	C:\WINDOWS\System32\PSAPI.DLL
0x00007ffff8da0000 - 0x00007ffff8da9000 	C:\WINDOWS\SYSTEM32\WSOCK32.dll
0x00007ffffde10000 - 0x00007ffffde7c000 	C:\WINDOWS\System32\WS2_32.dll
0x00007fffed7f0000 - 0x00007fffed813000 	C:\WINDOWS\SYSTEM32\WINMM.dll
0x00007ffff5200000 - 0x00007ffff520a000 	C:\WINDOWS\SYSTEM32\VERSION.dll
0x00007fffed7c0000 - 0x00007fffed7ea000 	C:\WINDOWS\SYSTEM32\WINMMBASE.dll
0x00007ffffbe60000 - 0x00007ffffbeaa000 	C:\WINDOWS\System32\cfgmgr32.dll
0x00007ffff8580000 - 0x00007ffff858f000 	C:\Program Files\Android\Android Studio\jre\jre\bin\verify.dll
0x00007fffef320000 - 0x00007fffef349000 	C:\Program Files\Android\Android Studio\jre\jre\bin\java.dll
0x00007fffef2b0000 - 0x00007fffef2c6000 	C:\Program Files\Android\Android Studio\jre\jre\bin\zip.dll
0x00007ffffde80000 - 0x00007fffff2b6000 	C:\WINDOWS\System32\SHELL32.dll
0x00007fffff7e0000 - 0x00007fffff886000 	C:\WINDOWS\System32\shcore.dll
0x00007ffffc200000 - 0x00007ffffc947000 	C:\WINDOWS\System32\windows.storage.dll
0x00007ffffddb0000 - 0x00007ffffde01000 	C:\WINDOWS\System32\shlwapi.dll
0x00007ffffbe40000 - 0x00007ffffbe51000 	C:\WINDOWS\System32\kernel.appcore.dll
0x00007ffffbdf0000 - 0x00007ffffbe3c000 	C:\WINDOWS\System32\powrprof.dll
0x00007ffffbdd0000 - 0x00007ffffbdeb000 	C:\WINDOWS\System32\profapi.dll

VM Arguments:
jvm_args: -Djava.awt.headless=true -Xmx1024M -Dfile.encoding=windows-1252 -Duser.country=ES -Duser.language=es -Duser.variant 
java_command: com.android.dx.command.Main --dex --num-threads=4 --output C:\Users\-\Desktop\TimeTracker\app\build\intermediates\pre-dexed\debug\classes_6adb60040011db56f586754fa1c2d2c199320a0b.jar C:\Users\-\.android\build-cache\3fff0f53c43cdfd0ce0e582fb847146390f16a45\output\jars\classes.jar
java_class_path (initial): C:\Users\-\AppData\Local\Android\Sdk\build-tools\27.0.3\lib\dx.jar
Launcher Type: SUN_STANDARD

Environment Variables:
PATH=C:\WINDOWS\system32;C:\WINDOWS;C:\WINDOWS\System32\Wbem;C:\WINDOWS\System32\WindowsPowerShell\v1.0\;C:\Program Files (x86)\ATI Technologies\ATI.ACE\Core-Static;C:\Program Files (x86)\Skype\Phone\;C:\Python27;C:\Program Files\PuTTY\;C:\Program Files (x86)\Windows Live\Shared;C:\Program Files\Git\cmd;C:\HashiCorp\Vagrant\bin;C:\Users\-\Anaconda2;C:\Users\-\Anaconda2\Scripts;C:\Users\-\Anaconda2\Library\bin;C:\WINDOWS\system32;C:\WINDOWS;C:\WINDOWS\System32\Wbem;C:\WINDOWS\System32\WindowsPowerShell\v1.0\;C:\Program Files (x86)\ATI Technologies\ATI.ACE\Core-Static;C:\Program Files (x86)\Skype\Phone\;C:\Python27;C:\Program Files\PuTTY\;C:\Users\-\AppData\Local\Microsoft\WindowsApps;C:\Users\-\AppData\Local\atom\bin;C:\Python27\Scripts;C:\Users\-\AppData\Local\Microsoft\WindowsApps;C:\php;
USERNAME=-
OS=Windows_NT
PROCESSOR_IDENTIFIER=AMD64 Family 21 Model 16 Stepping 1, AuthenticAMD



---------------  S Y S T E M  ---------------

OS: Windows 10.0 , 64 bit Build 16299 (10.0.16299.15)

CPU:total 4 (initial active 4) (4 cores per cpu, 1 threads per core) family 21 model 16 stepping 1, cmov, cx8, fxsr, mmx, sse, sse2, sse3, ssse3, sse4.1, sse4.2, popcnt, avx, aes, clmul, mmxext, 3dnowpref, lzcnt, sse4a, tsc, tscinvbit, tscinv, bmi1

Memory: 4k page, physical 7548012k(738020k free), swap 10693740k(1604k free)

vm_info: OpenJDK 64-Bit Server VM (25.152-b01) for windows-amd64 JRE (1.8.0_152-release-915-b01), built by "builder" with MS VC++ 10.0 (VS2010)

time: Tue Jan 09 20:00:33 2018
elapsed time: 11 seconds (0d 0h 0m 11s)

